2025-12-22T23:57:59.7066298Z Site: unioneyes-staging-app will be blocked for 4 minutes till 12/23/2025 00:01:59
2025-12-23T00:01:59.7087391Z Site: unioneyes-staging-app is unblocked.
2025-12-23T00:32:58.3353351Z Site container: unioneyes-staging-app terminated during site startup.
2025-12-23T00:32:58.3641909Z Site startup probe failed after 17.1144254 seconds.
2025-12-23T00:32:58.6459102Z Failed to start site. Revert by stopping site.
2025-12-23T00:32:58.6927077Z Site: unioneyes-staging-app stopped.
2025-12-23T00:32:59.3942389Z Site: unioneyes-staging-app will be blocked for 4 minutes till 12/23/2025 00:36:59
2025-12-23T00:36:59.3720618Z Site: unioneyes-staging-app is unblocked.
2025-12-23T01:08:06.7270216Z Site container: unioneyes-staging-app terminated during site startup.
2025-12-23T01:08:06.7581538Z Site startup probe failed after 21.6995901 seconds.
2025-12-23T01:08:06.9733071Z Failed to start site. Revert by stopping site.
2025-12-23T01:08:06.9810697Z Site: unioneyes-staging-app stopped.
2025-12-23T01:08:07.6514541Z Site: unioneyes-staging-app will be blocked for 4 minutes till 12/23/2025 01:12:07
2025-12-23T01:12:07.6522197Z Site: unioneyes-staging-app is unblocked.
2025-12-23T01:43:03.8202779Z Site container: unioneyes-staging-app terminated during site startup.
2025-12-23T01:43:03.8620641Z Site startup probe failed after 17.7317201 seconds.
2025-12-23T01:43:04.0834430Z Failed to start site. Revert by stopping site.
2025-12-23T01:43:04.0953467Z Site: unioneyes-staging-app stopped.
2025-12-23T01:43:04.7453021Z Site: unioneyes-staging-app will be blocked for 4 minutes till 12/23/2025 01:47:04
2025-12-23T01:47:04.7487682Z Site: unioneyes-staging-app is unblocked.
2025-12-23T02:18:12.6146829Z Site container: unioneyes-staging-app terminated during site startup.
2025-12-23T02:18:12.6559122Z Site startup probe failed after 24.6538797 seconds.
2025-12-23T02:18:12.8316966Z Failed to start site. Revert by stopping site.
2025-12-23T02:18:12.8429815Z Site: unioneyes-staging-app stopped.
2025-12-23T02:18:13.5574124Z Site: unioneyes-staging-app will be blocked for 4 minutes till 12/23/2025 02:22:13
2025-12-23T02:22:13.5663189Z Site: unioneyes-staging-app is unblocked.
2025-12-23T02:53:08.6328833Z Site container: unioneyes-staging-app terminated during site startup.
2025-12-23T02:53:08.6464726Z Site startup probe failed after 18.4671482 seconds.
2025-12-23T02:53:08.7949986Z Failed to start site. Revert by stopping site.
2025-12-23T02:53:08.8068657Z Site: unioneyes-staging-app stopped.
2025-12-23T02:53:09.4052130Z Site: unioneyes-staging-app will be blocked for 4 minutes till 12/23/2025 02:57:09
2025-12-23T02:57:09.4152763Z Site: unioneyes-staging-app is unblocked.
2025-12-23T03:28:14.7437492Z Site container: unioneyes-staging-app terminated during site startup.
2025-12-23T03:28:14.7705102Z Site startup probe failed after 21.7160716 seconds.
2025-12-23T03:28:14.9820027Z Failed to start site. Revert by stopping site.
2025-12-23T03:28:14.9957954Z Site: unioneyes-staging-app stopped.
2025-12-23T03:28:15.6754735Z Site: unioneyes-staging-app will be blocked for 4 minutes till 12/23/2025 03:32:15
2025-12-23T03:32:15.6748283Z Site: unioneyes-staging-app is unblocked.
2025-12-23T04:03:11.5635316Z Site container: unioneyes-staging-app terminated during site startup.
2025-12-23T04:03:11.5834939Z Site startup probe failed after 17.7681043 seconds.
2025-12-23T04:03:11.7807462Z Failed to start site. Revert by stopping site.
2025-12-23T04:03:11.7918518Z Site: unioneyes-staging-app stopped.
2025-12-23T04:03:12.6064177Z Site: unioneyes-staging-app will be blocked for 4 minutes till 12/23/2025 04:07:12
2025-12-23T04:07:12.6132690Z Site: unioneyes-staging-app is unblocked.
2025-12-23T04:38:17.6461931Z Site container: unioneyes-staging-app terminated during site startup.
2025-12-23T04:38:17.6848032Z Site startup probe failed after 19.5427162 seconds.
2025-12-23T04:38:17.8465907Z Failed to start site. Revert by stopping site.
2025-12-23T04:38:17.8561379Z Site: unioneyes-staging-app stopped.
2025-12-23T04:38:18.4422698Z Site: unioneyes-staging-app will be blocked for 4 minutes till 12/23/2025 04:42:18
2025-12-23T04:42:18.4441396Z Site: unioneyes-staging-app is unblocked.
2025-12-23T05:13:15.9478546Z Site container: unioneyes-staging-app terminated during site startup.
2025-12-23T05:13:15.9989952Z Site startup probe failed after 17.1782015 seconds.
2025-12-23T05:13:16.1935369Z Failed to start site. Revert by stopping site.
2025-12-23T05:13:16.1966751Z Site: unioneyes-staging-app stopped.
2025-12-23T05:13:16.7267768Z Site: unioneyes-staging-app will be blocked for 4 minutes till 12/23/2025 05:17:16
2025-12-23T05:17:16.7275140Z Site: unioneyes-staging-app is unblocked.
2025-12-23T05:48:19.6247438Z Site container: unioneyes-staging-app terminated during site startup.
2025-12-23T05:48:19.7027849Z Site startup probe failed after 19.0555216 seconds.
2025-12-23T05:48:19.9040069Z Failed to start site. Revert by stopping site.
2025-12-23T05:48:19.9121097Z Site: unioneyes-staging-app stopped.
2025-12-23T05:48:20.5990760Z Site: unioneyes-staging-app will be blocked for 4 minutes till 12/23/2025 05:52:20
2025-12-23T05:52:20.6102860Z Site: unioneyes-staging-app is unblocked.
2025-12-23T06:23:18.7262165Z Site container: unioneyes-staging-app terminated during site startup.
2025-12-23T06:23:18.7381223Z Site startup probe failed after 16.2437655 seconds.
2025-12-23T06:23:18.9171039Z Failed to start site. Revert by stopping site.
2025-12-23T06:23:18.9254163Z Site: unioneyes-staging-app stopped.
2025-12-23T06:23:19.4540450Z Site: unioneyes-staging-app will be blocked for 4 minutes till 12/23/2025 06:27:19
2025-12-23T06:27:19.4573101Z Site: unioneyes-staging-app is unblocked.
2025-12-23T06:58:24.5371798Z Site container: unioneyes-staging-app terminated during site startup.
2025-12-23T06:58:24.5872492Z Site startup probe failed after 17.3689569 seconds.
2025-12-23T06:58:24.8572652Z Failed to start site. Revert by stopping site.
2025-12-23T06:58:24.8867535Z Site: unioneyes-staging-app stopped.
2025-12-23T06:58:25.9997763Z Site: unioneyes-staging-app will be blocked for 4 minutes till 12/23/2025 07:02:25
2025-12-23T07:02:26.0044046Z Site: unioneyes-staging-app is unblocked.
2025-12-23T07:33:22.7199691Z Site container: unioneyes-staging-app terminated during site startup.
2025-12-23T07:33:22.7412496Z Site startup probe failed after 16.8886553 seconds.
2025-12-23T07:33:22.9469355Z Failed to start site. Revert by stopping site.
2025-12-23T07:33:22.9681894Z Site: unioneyes-staging-app stopped.
2025-12-23T07:33:23.5185439Z Site: unioneyes-staging-app will be blocked for 4 minutes till 12/23/2025 07:37:23
2025-12-23T07:37:23.5193192Z Site: unioneyes-staging-app is unblocked.
2025-12-23T08:08:25.0438824Z Site container: unioneyes-staging-app terminated during site startup.
2025-12-23T08:08:25.0633875Z Site startup probe failed after 17.1930187 seconds.
2025-12-23T08:08:25.2322372Z Failed to start site. Revert by stopping site.
2025-12-23T08:08:25.2435768Z Site: unioneyes-staging-app stopped.
2025-12-23T08:08:26.0189991Z Site: unioneyes-staging-app will be blocked for 4 minutes till 12/23/2025 08:12:26
2025-12-23T08:12:26.0117369Z Site: unioneyes-staging-app is unblocked.
2025-12-23T08:43:25.8468064Z Site container: unioneyes-staging-app terminated during site startup.
2025-12-23T08:43:25.8827665Z Site startup probe failed after 16.7759322 seconds.
2025-12-23T08:43:26.0954666Z Failed to start site. Revert by stopping site.
2025-12-23T08:43:26.1102994Z Site: unioneyes-staging-app stopped.
2025-12-23T08:43:26.7042325Z Site: unioneyes-staging-app will be blocked for 4 minutes till 12/23/2025 08:47:26
2025-12-23T08:47:26.7099282Z Site: unioneyes-staging-app is unblocked.
2025-12-23T09:18:28.3661319Z Site container: unioneyes-staging-app terminated during site startup.
2025-12-23T09:18:28.3968424Z Site startup probe failed after 17.259533 seconds.
2025-12-23T09:18:28.5381433Z Failed to start site. Revert by stopping site.
2025-12-23T09:18:28.5558883Z Site: unioneyes-staging-app stopped.
2025-12-23T09:18:29.3198450Z Site: unioneyes-staging-app will be blocked for 4 minutes till 12/23/2025 09:22:29
2025-12-23T09:22:29.3216168Z Site: unioneyes-staging-app is unblocked.
2025-12-23T09:53:33.5222438Z Site container: unioneyes-staging-app terminated during site startup.
2025-12-23T09:53:33.5644540Z Site startup probe failed after 18.8652751 seconds.
2025-12-23T09:53:33.7428904Z Failed to start site. Revert by stopping site.
2025-12-23T09:53:33.7834954Z Site: unioneyes-staging-app stopped.
2025-12-23T09:53:34.3506082Z Site: unioneyes-staging-app will be blocked for 4 minutes till 12/23/2025 09:57:34
2025-12-23T09:57:34.3571798Z Site: unioneyes-staging-app is unblocked.
2025-12-23T10:28:32.6587810Z Site container: unioneyes-staging-app terminated during site startup.
2025-12-23T10:28:32.6885175Z Site startup probe failed after 16.8398192 seconds.
2025-12-23T10:28:32.8170695Z Failed to start site. Revert by stopping site.
2025-12-23T10:28:32.8353463Z Site: unioneyes-staging-app stopped.
2025-12-23T10:28:33.3273708Z Site: unioneyes-staging-app will be blocked for 4 minutes till 12/23/2025 10:32:33
2025-12-23T10:32:33.3314882Z Site: unioneyes-staging-app is unblocked.
2025-12-23T11:03:33.6940169Z Site container: unioneyes-staging-app terminated during site startup.
2025-12-23T11:03:33.7136567Z Site startup probe failed after 16.793096 seconds.
2025-12-23T11:03:33.8811941Z Failed to start site. Revert by stopping site.
2025-12-23T11:03:33.8905804Z Site: unioneyes-staging-app stopped.
2025-12-23T11:03:34.6321374Z Site: unioneyes-staging-app will be blocked for 4 minutes till 12/23/2025 11:07:34
2025-12-23T11:07:34.6393016Z Site: unioneyes-staging-app is unblocked.
2025-12-23T11:38:37.4302217Z Site container: unioneyes-staging-app terminated during site startup.
2025-12-23T11:38:37.5236358Z Site startup probe failed after 17.0397876 seconds.
2025-12-23T11:38:37.6892619Z Failed to start site. Revert by stopping site.
2025-12-23T11:38:37.6991661Z Site: unioneyes-staging-app stopped.
2025-12-23T11:38:38.2984451Z Site: unioneyes-staging-app will be blocked for 4 minutes till 12/23/2025 11:42:38
2025-12-23T11:42:38.3043874Z Site: unioneyes-staging-app is unblocked.
2025-12-23T12:13:37.9646045Z Site container: unioneyes-staging-app terminated during site startup.
2025-12-23T12:13:38.0048073Z Site startup probe failed after 16.8113372 seconds.
2025-12-23T12:13:38.1627873Z Failed to start site. Revert by stopping site.
2025-12-23T12:13:38.1790385Z Site: unioneyes-staging-app stopped.
2025-12-23T12:13:38.7277734Z Site: unioneyes-staging-app will be blocked for 4 minutes till 12/23/2025 12:17:38
2025-12-23T12:17:38.7276388Z Site: unioneyes-staging-app is unblocked.
2025-12-23T12:48:40.5438870Z Site container: unioneyes-staging-app terminated during site startup.
2025-12-23T12:48:40.5755554Z Site startup probe failed after 16.4203565 seconds.
2025-12-23T12:48:40.7386425Z Failed to start site. Revert by stopping site.
2025-12-23T12:48:40.7476632Z Site: unioneyes-staging-app stopped.
2025-12-23T12:48:41.3283835Z Site: unioneyes-staging-app will be blocked for 4 minutes till 12/23/2025 12:52:41
2025-12-23T12:52:41.3322110Z Site: unioneyes-staging-app is unblocked.
2025-12-23T13:23:48.2721972Z Site container: unioneyes-staging-app terminated during site startup.
2025-12-23T13:23:48.3001369Z Site startup probe failed after 22.6158877 seconds.
2025-12-23T13:23:48.5503047Z Failed to start site. Revert by stopping site.
2025-12-23T13:23:48.5719491Z Site: unioneyes-staging-app stopped.
2025-12-23T13:23:49.2057238Z Site: unioneyes-staging-app will be blocked for 4 minutes till 12/23/2025 13:27:49
2025-12-23T13:27:49.2076508Z Site: unioneyes-staging-app is unblocked.
2025-12-23T13:58:44.0760461Z Site container: unioneyes-staging-app terminated during site startup.
2025-12-23T13:58:44.1045563Z Site startup probe failed after 16.797901 seconds.
2025-12-23T13:58:44.2600221Z Failed to start site. Revert by stopping site.
2025-12-23T13:58:44.2615433Z Site: unioneyes-staging-app stopped.
2025-12-23T13:58:44.7880174Z Site: unioneyes-staging-app will be blocked for 4 minutes till 12/23/2025 14:02:44
2025-12-23T14:02:44.7887033Z Site: unioneyes-staging-app is unblocked.
2025-12-23T14:33:46.4947736Z Site container: unioneyes-staging-app terminated during site startup.
2025-12-23T14:33:46.5284463Z Site startup probe failed after 17.7158527 seconds.
2025-12-23T14:33:46.6698923Z Failed to start site. Revert by stopping site.
2025-12-23T14:33:46.6799725Z Site: unioneyes-staging-app stopped.
2025-12-23T14:33:47.4323303Z Site: unioneyes-staging-app will be blocked for 4 minutes till 12/23/2025 14:37:47
2025-12-23T14:37:47.4361499Z Site: unioneyes-staging-app is unblocked.
2025-12-23T15:08:47.7912491Z Site container: unioneyes-staging-app terminated during site startup.
2025-12-23T15:08:47.8388343Z Site startup probe failed after 16.1896387 seconds.
2025-12-23T15:08:48.0301654Z Failed to start site. Revert by stopping site.
2025-12-23T15:08:48.0325626Z Site: unioneyes-staging-app stopped.
2025-12-23T15:08:48.7561393Z Site: unioneyes-staging-app will be blocked for 4 minutes till 12/23/2025 15:12:48
2025-12-23T15:12:48.7569432Z Site: unioneyes-staging-app is unblocked.
2025-12-23T15:43:50.4470841Z Site container: unioneyes-staging-app terminated during site startup.
2025-12-23T15:43:50.5094461Z Site startup probe failed after 16.7234879 seconds.
2025-12-23T15:43:50.7155999Z Failed to start site. Revert by stopping site.
2025-12-23T15:43:50.7268710Z Site: unioneyes-staging-app stopped.
2025-12-23T15:43:51.7735393Z Site: unioneyes-staging-app will be blocked for 4 minutes till 12/23/2025 15:47:51
2025-12-23T15:47:51.7682677Z Site: unioneyes-staging-app is unblocked.
2025-12-23T16:18:54.1065967Z Site container: unioneyes-staging-app terminated during site startup.
2025-12-23T16:18:54.1258719Z Site startup probe failed after 16.9885125 seconds.
2025-12-23T16:18:54.3310752Z Failed to start site. Revert by stopping site.
2025-12-23T16:18:54.3392213Z Site: unioneyes-staging-app stopped.
2025-12-23T16:18:55.0546558Z Site: unioneyes-staging-app will be blocked for 4 minutes till 12/23/2025 16:22:55
2025-12-23T16:22:55.0605703Z Site: unioneyes-staging-app is unblocked.
2025-12-23T16:54:05.9001433Z Site container: unioneyes-staging-app terminated during site startup.
2025-12-23T16:54:05.9486818Z Site startup probe failed after 27.7812928 seconds.
2025-12-23T16:54:06.2869132Z Failed to start site. Revert by stopping site.
2025-12-23T16:54:06.3175738Z Site: unioneyes-staging-app stopped.
2025-12-23T16:54:06.9985872Z Site: unioneyes-staging-app will be blocked for 4 minutes till 12/23/2025 16:58:06
2025-12-23T16:58:06.9918483Z Site: unioneyes-staging-app is unblocked.
2025-12-23T17:28:56.8783425Z Site container: unioneyes-staging-app terminated during site startup.
2025-12-23T17:28:56.9094752Z Site startup probe failed after 16.3228862 seconds.
2025-12-23T17:28:57.1009982Z Failed to start site. Revert by stopping site.
2025-12-23T17:28:57.1182739Z Site: unioneyes-staging-app stopped.
2025-12-23T17:28:57.8481281Z Site: unioneyes-staging-app will be blocked for 4 minutes till 12/23/2025 17:32:57
2025-12-23T17:32:57.8478003Z Site: unioneyes-staging-app is unblocked.
2025-12-23T18:04:07.3076898Z Site container: unioneyes-staging-app terminated during site startup.
2025-12-23T18:04:07.3771712Z Site startup probe failed after 26.5328336 seconds.
2025-12-23T18:04:07.6591210Z Failed to start site. Revert by stopping site.
2025-12-23T18:04:07.6744274Z Site: unioneyes-staging-app stopped.
2025-12-23T18:04:08.4139986Z Site: unioneyes-staging-app will be blocked for 4 minutes till 12/23/2025 18:08:08
2025-12-23T18:08:08.4102538Z Site: unioneyes-staging-app is unblocked.
2025-12-23T18:39:04.8725740Z Site container: unioneyes-staging-app terminated during site startup.
2025-12-23T18:39:04.8825183Z Site startup probe failed after 21.1011893 seconds.
2025-12-23T18:39:05.6576179Z Failed to start site. Revert by stopping site.
2025-12-23T18:39:05.6847268Z Site: unioneyes-staging-app stopped.
2025-12-23T18:39:06.2682663Z Site: unioneyes-staging-app will be blocked for 4 minutes till 12/23/2025 18:43:06
2025-12-23T18:43:06.2712187Z Site: unioneyes-staging-app is unblocked.
2025-12-23T19:14:06.9585041Z Site container: unioneyes-staging-app terminated during site startup.
2025-12-23T19:14:06.9866945Z Site startup probe failed after 22.2498019 seconds.
2025-12-23T19:14:07.1369891Z Failed to start site. Revert by stopping site.
2025-12-23T19:14:07.1546665Z Site: unioneyes-staging-app stopped.
2025-12-23T19:14:07.7068051Z Site: unioneyes-staging-app will be blocked for 4 minutes till 12/23/2025 19:18:07
2025-12-23T19:18:07.7078384Z Site: unioneyes-staging-app is unblocked.
2025-12-23T19:49:06.6982027Z Site container: unioneyes-staging-app terminated during site startup.
2025-12-23T19:49:06.7266125Z Site startup probe failed after 19.7462191 seconds.
2025-12-23T19:49:06.8960680Z Failed to start site. Revert by stopping site.
2025-12-23T19:49:06.9172126Z Site: unioneyes-staging-app stopped.
2025-12-23T19:49:07.7264172Z Site: unioneyes-staging-app will be blocked for 4 minutes till 12/23/2025 19:53:07
2025-12-23T19:53:07.7270808Z Site: unioneyes-staging-app is unblocked.
2025-12-23T20:24:10.1539860Z Site container: unioneyes-staging-app terminated during site startup.
2025-12-23T20:24:10.1967378Z Site startup probe failed after 21.1683109 seconds.
2025-12-23T20:24:10.3982437Z Failed to start site. Revert by stopping site.
2025-12-23T20:24:10.4092961Z Site: unioneyes-staging-app stopped.
2025-12-23T20:24:11.0879199Z Site: unioneyes-staging-app will be blocked for 4 minutes till 12/23/2025 20:28:11
2025-12-23T20:28:11.0928160Z Site: unioneyes-staging-app is unblocked.
2025-12-23T20:59:09.8250390Z Site container: unioneyes-staging-app terminated during site startup.
2025-12-23T20:59:09.8447195Z Site startup probe failed after 18.1547471 seconds.
2025-12-23T20:59:10.0640806Z Failed to start site. Revert by stopping site.
2025-12-23T20:59:10.0722691Z Site: unioneyes-staging-app stopped.
2025-12-23T20:59:10.7486645Z Site: unioneyes-staging-app will be blocked for 4 minutes till 12/23/2025 21:03:10
2025-12-23T21:03:10.7384578Z Site: unioneyes-staging-app is unblocked.
2025-12-23T21:34:16.9617971Z Site container: unioneyes-staging-app terminated during site startup.
2025-12-23T21:34:16.9906984Z Site startup probe failed after 20.7857265 seconds.
2025-12-23T21:34:17.1924900Z Failed to start site. Revert by stopping site.
2025-12-23T21:34:17.1993940Z Site: unioneyes-staging-app stopped.
2025-12-23T21:34:17.9336520Z Site: unioneyes-staging-app will be blocked for 4 minutes till 12/23/2025 21:38:17
2025-12-23T21:38:17.9277219Z Site: unioneyes-staging-app is unblocked.
2025-12-23T22:09:14.1047541Z Site container: unioneyes-staging-app terminated during site startup.
2025-12-23T22:09:14.1329558Z Site startup probe failed after 18.4053524 seconds.
2025-12-23T22:09:14.2902470Z Failed to start site. Revert by stopping site.
2025-12-23T22:09:14.3071239Z Site: unioneyes-staging-app stopped.
2025-12-23T22:09:14.9374431Z Site: unioneyes-staging-app will be blocked for 4 minutes till 12/23/2025 22:13:14
2025-12-23T22:13:14.9363275Z Site: unioneyes-staging-app is unblocked.
2025-12-23T22:44:18.6045736Z Site container: unioneyes-staging-app terminated during site startup.
2025-12-23T22:44:18.6346755Z Site startup probe failed after 20.1314656 seconds.
2025-12-23T22:44:18.8830130Z Failed to start site. Revert by stopping site.
2025-12-23T22:44:18.9008873Z Site: unioneyes-staging-app stopped.
2025-12-23T22:44:19.5438945Z Site: unioneyes-staging-app will be blocked for 4 minutes till 12/23/2025 22:48:19
2025-12-23T22:48:19.5426682Z Site: unioneyes-staging-app is unblocked.
2025-12-23T23:19:19.4079922Z Site container: unioneyes-staging-app terminated during site startup.
2025-12-23T23:19:19.4360823Z Site startup probe failed after 17.7404119 seconds.
2025-12-23T23:19:19.6215627Z Failed to start site. Revert by stopping site.
2025-12-23T23:19:19.6321745Z Site: unioneyes-staging-app stopped.
2025-12-23T23:19:20.7991279Z Site: unioneyes-staging-app will be blocked for 4 minutes till 12/23/2025 23:23:20
2025-12-23T23:23:20.8010889Z Site: unioneyes-staging-app is unblocked.
2025-12-23T23:54:22.5544665Z Site container: unioneyes-staging-app terminated during site startup.
2025-12-23T23:54:22.6009134Z Site startup probe failed after 18.0905117 seconds.
2025-12-23T23:54:22.8107071Z Failed to start site. Revert by stopping site.
2025-12-23T23:54:22.8244691Z Site: unioneyes-staging-app stopped.
