2025-12-21T23:26:38.8010852Z Site: unioneyes-staging-app will be blocked for 4 minutes till 12/21/2025 23:30:38
2025-12-21T23:30:38.8015934Z Site: unioneyes-staging-app is unblocked.
2025-12-22T00:01:34.7726452Z Site container: unioneyes-staging-app terminated during site startup.
2025-12-22T00:01:34.8529438Z Site startup probe failed after 17.0707481 seconds.
2025-12-22T00:01:36.2364895Z Failed to start site. Revert by stopping site.
2025-12-22T00:01:36.2495957Z Site: unioneyes-staging-app stopped.
2025-12-22T00:01:36.9881509Z Site: unioneyes-staging-app will be blocked for 4 minutes till 12/22/2025 00:05:36
2025-12-22T00:05:36.9889236Z Site: unioneyes-staging-app is unblocked.
2025-12-22T00:36:38.2787124Z Site container: unioneyes-staging-app terminated during site startup.
2025-12-22T00:36:38.3045336Z Site startup probe failed after 19.1645076 seconds.
2025-12-22T00:36:38.4538305Z Failed to start site. Revert by stopping site.
2025-12-22T00:36:38.4642480Z Site: unioneyes-staging-app stopped.
2025-12-22T00:36:39.1865274Z Site: unioneyes-staging-app will be blocked for 4 minutes till 12/22/2025 00:40:39
2025-12-22T00:40:39.1877273Z Site: unioneyes-staging-app is unblocked.
2025-12-22T01:11:46.2702610Z Site container: unioneyes-staging-app terminated during site startup.
2025-12-22T01:11:46.3115449Z Site startup probe failed after 23.3475896 seconds.
2025-12-22T01:11:46.5603734Z Failed to start site. Revert by stopping site.
2025-12-22T01:11:46.5726926Z Site: unioneyes-staging-app stopped.
2025-12-22T01:11:47.2125324Z Site: unioneyes-staging-app will be blocked for 4 minutes till 12/22/2025 01:15:47
2025-12-22T01:15:47.2140564Z Site: unioneyes-staging-app is unblocked.
2025-12-22T01:46:43.3597654Z Site container: unioneyes-staging-app terminated during site startup.
2025-12-22T01:46:43.4859745Z Site startup probe failed after 20.1124059 seconds.
2025-12-22T01:46:43.9168719Z Failed to start site. Revert by stopping site.
2025-12-22T01:46:43.9284083Z Site: unioneyes-staging-app stopped.
2025-12-22T01:46:44.6534268Z Site: unioneyes-staging-app will be blocked for 4 minutes till 12/22/2025 01:50:44
2025-12-22T01:50:44.6532205Z Site: unioneyes-staging-app is unblocked.
2025-12-22T02:22:03.6250719Z Site container: unioneyes-staging-app terminated during site startup.
2025-12-22T02:22:03.6666557Z Site startup probe failed after 36.8941644 seconds.
2025-12-22T02:22:04.1594012Z Failed to start site. Revert by stopping site.
2025-12-22T02:22:04.2406896Z Site: unioneyes-staging-app stopped.
2025-12-22T02:22:05.3075553Z Site: unioneyes-staging-app will be blocked for 4 minutes till 12/22/2025 02:26:05
2025-12-22T02:26:05.3073177Z Site: unioneyes-staging-app is unblocked.
2025-12-22T02:56:47.7133459Z Site container: unioneyes-staging-app terminated during site startup.
2025-12-22T02:56:47.7508735Z Site startup probe failed after 19.8994796 seconds.
2025-12-22T02:56:48.0512885Z Failed to start site. Revert by stopping site.
2025-12-22T02:56:48.0610297Z Site: unioneyes-staging-app stopped.
2025-12-22T02:56:48.8123017Z Site: unioneyes-staging-app will be blocked for 4 minutes till 12/22/2025 03:00:48
2025-12-22T03:00:48.8164220Z Site: unioneyes-staging-app is unblocked.
2025-12-22T03:31:50.9950253Z Site container: unioneyes-staging-app terminated during site startup.
2025-12-22T03:31:51.0232674Z Site startup probe failed after 21.6924349 seconds.
2025-12-22T03:31:51.1766360Z Failed to start site. Revert by stopping site.
2025-12-22T03:31:51.1860738Z Site: unioneyes-staging-app stopped.
2025-12-22T03:31:51.8578202Z Site: unioneyes-staging-app will be blocked for 4 minutes till 12/22/2025 03:35:51
2025-12-22T03:35:51.8493745Z Site: unioneyes-staging-app is unblocked.
2025-12-22T04:06:53.1423824Z Site container: unioneyes-staging-app terminated during site startup.
2025-12-22T04:06:53.2040485Z Site startup probe failed after 20.2183411 seconds.
2025-12-22T04:06:53.3745534Z Failed to start site. Revert by stopping site.
2025-12-22T04:06:53.3836336Z Site: unioneyes-staging-app stopped.
2025-12-22T04:06:54.0782842Z Site: unioneyes-staging-app will be blocked for 4 minutes till 12/22/2025 04:10:54
2025-12-22T04:10:54.0827401Z Site: unioneyes-staging-app is unblocked.
2025-12-22T04:41:57.9809937Z Site container: unioneyes-staging-app terminated during site startup.
2025-12-22T04:41:58.0020467Z Site startup probe failed after 23.1972631 seconds.
2025-12-22T04:41:58.2795174Z Failed to start site. Revert by stopping site.
2025-12-22T04:41:58.2896593Z Site: unioneyes-staging-app stopped.
2025-12-22T04:42:00.2495518Z Site: unioneyes-staging-app will be blocked for 4 minutes till 12/22/2025 04:46:00
2025-12-22T04:46:00.3033855Z Site: unioneyes-staging-app is unblocked.
2025-12-22T05:16:59.2170730Z Site container: unioneyes-staging-app terminated during site startup.
2025-12-22T05:16:59.2435269Z Site startup probe failed after 20.7024973 seconds.
2025-12-22T05:16:59.4025845Z Failed to start site. Revert by stopping site.
2025-12-22T05:16:59.4201233Z Site: unioneyes-staging-app stopped.
2025-12-22T05:17:00.2100980Z Site: unioneyes-staging-app will be blocked for 4 minutes till 12/22/2025 05:21:00
2025-12-22T05:21:00.2134874Z Site: unioneyes-staging-app is unblocked.
2025-12-22T05:52:21.7560551Z Site container: unioneyes-staging-app terminated during site startup.
2025-12-22T05:52:21.8523013Z Site startup probe failed after 40.4347954 seconds.
2025-12-22T05:52:22.3618204Z Failed to start site. Revert by stopping site.
2025-12-22T05:52:22.4007152Z Site: unioneyes-staging-app stopped.
2025-12-22T05:52:23.9696026Z Site: unioneyes-staging-app will be blocked for 4 minutes till 12/22/2025 05:56:23
2025-12-22T05:56:23.9701669Z Site: unioneyes-staging-app is unblocked.
2025-12-22T06:26:59.4700184Z Site container: unioneyes-staging-app terminated during site startup.
2025-12-22T06:26:59.4930490Z Site startup probe failed after 19.2455769 seconds.
2025-12-22T06:26:59.7184509Z Failed to start site. Revert by stopping site.
2025-12-22T06:26:59.7215175Z Site: unioneyes-staging-app stopped.
2025-12-22T06:27:00.3656542Z Site: unioneyes-staging-app will be blocked for 4 minutes till 12/22/2025 06:31:00
2025-12-22T06:31:00.3673970Z Site: unioneyes-staging-app is unblocked.
2025-12-22T07:02:00.9320887Z Site container: unioneyes-staging-app terminated during site startup.
2025-12-22T07:02:00.9622083Z Site startup probe failed after 18.5452785 seconds.
2025-12-22T07:02:01.1060938Z Failed to start site. Revert by stopping site.
2025-12-22T07:02:01.1255195Z Site: unioneyes-staging-app stopped.
2025-12-22T07:02:01.7091544Z Site: unioneyes-staging-app will be blocked for 4 minutes till 12/22/2025 07:06:01
2025-12-22T07:06:01.7131460Z Site: unioneyes-staging-app is unblocked.
2025-12-22T07:37:03.1712495Z Site container: unioneyes-staging-app terminated during site startup.
2025-12-22T07:37:03.2111809Z Site startup probe failed after 19.795728 seconds.
2025-12-22T07:37:03.3716913Z Failed to start site. Revert by stopping site.
2025-12-22T07:37:03.3740325Z Site: unioneyes-staging-app stopped.
2025-12-22T07:37:03.9150044Z Site: unioneyes-staging-app will be blocked for 4 minutes till 12/22/2025 07:41:03
2025-12-22T07:41:03.9192741Z Site: unioneyes-staging-app is unblocked.
2025-12-22T08:12:08.2263662Z Site container: unioneyes-staging-app terminated during site startup.
2025-12-22T08:12:08.2555044Z Site startup probe failed after 22.6227214 seconds.
2025-12-22T08:12:08.5437633Z Failed to start site. Revert by stopping site.
2025-12-22T08:12:08.5551140Z Site: unioneyes-staging-app stopped.
2025-12-22T08:12:09.2531459Z Site: unioneyes-staging-app will be blocked for 4 minutes till 12/22/2025 08:16:09
2025-12-22T08:16:09.2513433Z Site: unioneyes-staging-app is unblocked.
2025-12-22T08:47:05.8097524Z Site container: unioneyes-staging-app terminated during site startup.
2025-12-22T08:47:05.8316715Z Site startup probe failed after 18.8122797 seconds.
2025-12-22T08:47:06.1112983Z Failed to start site. Revert by stopping site.
2025-12-22T08:47:06.1379324Z Site: unioneyes-staging-app stopped.
2025-12-22T08:47:07.2774735Z Site: unioneyes-staging-app will be blocked for 4 minutes till 12/22/2025 08:51:07
2025-12-22T08:51:07.2795700Z Site: unioneyes-staging-app is unblocked.
2025-12-22T09:22:45.9310767Z Site container: unioneyes-staging-app terminated during site startup.
2025-12-22T09:22:45.9723828Z Site startup probe failed after 49.7674954 seconds.
2025-12-22T09:22:46.1234115Z Failed to start site. Revert by stopping site.
2025-12-22T09:22:46.1598538Z Site: unioneyes-staging-app stopped.
2025-12-22T09:22:47.0330733Z Site: unioneyes-staging-app will be blocked for 4 minutes till 12/22/2025 09:26:47
2025-12-22T09:26:47.0350658Z Site: unioneyes-staging-app is unblocked.
2025-12-22T09:57:12.1638083Z Site container: unioneyes-staging-app terminated during site startup.
2025-12-22T09:57:13.0876595Z Site startup probe failed after 21.0986763 seconds.
2025-12-22T09:57:14.1229080Z Failed to start site. Revert by stopping site.
2025-12-22T09:57:14.1487601Z Site: unioneyes-staging-app stopped.
2025-12-22T09:57:15.0296297Z Site: unioneyes-staging-app will be blocked for 4 minutes till 12/22/2025 10:01:15
2025-12-22T10:01:15.0289010Z Site: unioneyes-staging-app is unblocked.
2025-12-22T10:32:29.9719882Z Site container: unioneyes-staging-app terminated during site startup.
2025-12-22T10:32:30.0102322Z Site startup probe failed after 37.0752386 seconds.
2025-12-22T10:32:30.3840338Z Failed to start site. Revert by stopping site.
2025-12-22T10:32:30.4051415Z Site: unioneyes-staging-app stopped.
2025-12-22T10:32:31.2742197Z Site: unioneyes-staging-app will be blocked for 4 minutes till 12/22/2025 10:36:31
2025-12-22T10:36:31.2667056Z Site: unioneyes-staging-app is unblocked.
2025-12-22T11:07:22.4819155Z Site container: unioneyes-staging-app terminated during site startup.
2025-12-22T11:07:22.5257979Z Site startup probe failed after 26.7683376 seconds.
2025-12-22T11:07:23.0033648Z Failed to start site. Revert by stopping site.
2025-12-22T11:07:23.0418135Z Site: unioneyes-staging-app stopped.
2025-12-22T11:07:24.0403625Z Site: unioneyes-staging-app will be blocked for 4 minutes till 12/22/2025 11:11:24
2025-12-22T11:11:24.0323890Z Site: unioneyes-staging-app is unblocked.
2025-12-22T11:42:30.1044554Z Site container: unioneyes-staging-app terminated during site startup.
2025-12-22T11:42:30.1815972Z Site startup probe failed after 31.215603 seconds.
2025-12-22T11:42:30.5278519Z Failed to start site. Revert by stopping site.
2025-12-22T11:42:30.5541695Z Site: unioneyes-staging-app stopped.
2025-12-22T11:42:31.5687953Z Site: unioneyes-staging-app will be blocked for 4 minutes till 12/22/2025 11:46:31
2025-12-22T11:46:31.5651966Z Site: unioneyes-staging-app is unblocked.
2025-12-22T12:17:31.2226394Z Site container: unioneyes-staging-app terminated during site startup.
2025-12-22T12:17:31.2819732Z Site startup probe failed after 31.3047611 seconds.
2025-12-22T12:17:31.6881805Z Failed to start site. Revert by stopping site.
2025-12-22T12:17:31.7071351Z Site: unioneyes-staging-app stopped.
2025-12-22T12:17:32.4543344Z Site: unioneyes-staging-app will be blocked for 4 minutes till 12/22/2025 12:21:32
2025-12-22T12:21:32.4594386Z Site: unioneyes-staging-app is unblocked.
2025-12-22T12:52:40.5823252Z Site container: unioneyes-staging-app terminated during site startup.
2025-12-22T12:52:40.6224160Z Site startup probe failed after 35.5505085 seconds.
2025-12-22T12:52:40.7837466Z Failed to start site. Revert by stopping site.
2025-12-22T12:52:40.7927514Z Site: unioneyes-staging-app stopped.
2025-12-22T12:52:41.5205072Z Site: unioneyes-staging-app will be blocked for 4 minutes till 12/22/2025 12:56:41
2025-12-22T12:56:41.5241514Z Site: unioneyes-staging-app is unblocked.
2025-12-22T13:27:36.2695085Z Site container: unioneyes-staging-app terminated during site startup.
2025-12-22T13:27:36.3096976Z Site startup probe failed after 30.8793041 seconds.
2025-12-22T13:27:36.6538787Z Failed to start site. Revert by stopping site.
2025-12-22T13:27:36.6632397Z Site: unioneyes-staging-app stopped.
2025-12-22T13:27:37.3499052Z Site: unioneyes-staging-app will be blocked for 4 minutes till 12/22/2025 13:31:37
2025-12-22T13:31:37.3538776Z Site: unioneyes-staging-app is unblocked.
2025-12-22T14:02:39.6134363Z Site container: unioneyes-staging-app terminated during site startup.
2025-12-22T14:02:39.6319440Z Site startup probe failed after 30.5785513 seconds.
2025-12-22T14:02:39.7659458Z Failed to start site. Revert by stopping site.
2025-12-22T14:02:39.7832594Z Site: unioneyes-staging-app stopped.
2025-12-22T14:02:40.3793146Z Site: unioneyes-staging-app will be blocked for 4 minutes till 12/22/2025 14:06:40
2025-12-22T14:06:40.4275922Z Site: unioneyes-staging-app is unblocked.
2025-12-22T14:37:38.2819475Z Site container: unioneyes-staging-app terminated during site startup.
2025-12-22T14:37:38.3301674Z Site startup probe failed after 30.7063471 seconds.
2025-12-22T14:37:38.5269869Z Failed to start site. Revert by stopping site.
2025-12-22T14:37:38.5369322Z Site: unioneyes-staging-app stopped.
2025-12-22T14:37:39.0452021Z Site: unioneyes-staging-app will be blocked for 4 minutes till 12/22/2025 14:41:39
2025-12-22T14:41:39.0474484Z Site: unioneyes-staging-app is unblocked.
2025-12-22T15:12:45.9866959Z Site container: unioneyes-staging-app terminated during site startup.
2025-12-22T15:12:46.0157603Z Site startup probe failed after 35.7208467 seconds.
2025-12-22T15:12:46.1727016Z Failed to start site. Revert by stopping site.
2025-12-22T15:12:46.1754505Z Site: unioneyes-staging-app stopped.
2025-12-22T15:12:46.6795684Z Site: unioneyes-staging-app will be blocked for 4 minutes till 12/22/2025 15:16:46
2025-12-22T15:16:46.6815471Z Site: unioneyes-staging-app is unblocked.
2025-12-22T15:47:40.7244575Z Site container: unioneyes-staging-app terminated during site startup.
2025-12-22T15:47:40.7472434Z Site startup probe failed after 23.6405248 seconds.
2025-12-22T15:47:40.9220211Z Failed to start site. Revert by stopping site.
2025-12-22T15:47:40.9325389Z Site: unioneyes-staging-app stopped.
2025-12-22T15:47:41.6081627Z Site: unioneyes-staging-app will be blocked for 4 minutes till 12/22/2025 15:51:41
2025-12-22T15:51:41.6115476Z Site: unioneyes-staging-app is unblocked.
2025-12-22T16:22:46.7173236Z Site container: unioneyes-staging-app terminated during site startup.
2025-12-22T16:22:46.7489041Z Site startup probe failed after 29.7813543 seconds.
2025-12-22T16:22:46.9920358Z Failed to start site. Revert by stopping site.
2025-12-22T16:22:47.0115349Z Site: unioneyes-staging-app stopped.
2025-12-22T16:22:47.6842408Z Site: unioneyes-staging-app will be blocked for 4 minutes till 12/22/2025 16:26:47
2025-12-22T16:26:47.6842355Z Site: unioneyes-staging-app is unblocked.
2025-12-22T16:57:44.8061602Z Site container: unioneyes-staging-app terminated during site startup.
2025-12-22T16:57:44.8330841Z Site startup probe failed after 22.8357451 seconds.
2025-12-22T16:57:45.0204991Z Failed to start site. Revert by stopping site.
2025-12-22T16:57:45.0402488Z Site: unioneyes-staging-app stopped.
2025-12-22T16:57:45.8112795Z Site: unioneyes-staging-app will be blocked for 4 minutes till 12/22/2025 17:01:45
2025-12-22T17:01:45.8110338Z Site: unioneyes-staging-app is unblocked.
2025-12-22T17:32:43.9291066Z Site container: unioneyes-staging-app terminated during site startup.
2025-12-22T17:32:43.9672264Z Site startup probe failed after 22.7297558 seconds.
2025-12-22T17:32:44.1642812Z Failed to start site. Revert by stopping site.
2025-12-22T17:32:44.1739042Z Site: unioneyes-staging-app stopped.
2025-12-22T17:32:44.8143056Z Site: unioneyes-staging-app will be blocked for 4 minutes till 12/22/2025 17:36:44
2025-12-22T17:36:44.8136945Z Site: unioneyes-staging-app is unblocked.
2025-12-22T18:07:41.2484136Z Site container: unioneyes-staging-app terminated during site startup.
2025-12-22T18:07:41.2757719Z Site startup probe failed after 17.2877384 seconds.
2025-12-22T18:07:41.4851777Z Failed to start site. Revert by stopping site.
2025-12-22T18:07:41.5039471Z Site: unioneyes-staging-app stopped.
2025-12-22T18:07:42.3146434Z Site: unioneyes-staging-app will be blocked for 4 minutes till 12/22/2025 18:11:42
2025-12-22T18:11:42.3167742Z Site: unioneyes-staging-app is unblocked.
2025-12-22T18:42:42.9147583Z Site container: unioneyes-staging-app terminated during site startup.
2025-12-22T18:42:42.9355490Z Site startup probe failed after 17.1511333 seconds.
2025-12-22T18:42:43.1451221Z Failed to start site. Revert by stopping site.
2025-12-22T18:42:43.1607709Z Site: unioneyes-staging-app stopped.
2025-12-22T18:42:43.9242173Z Site: unioneyes-staging-app will be blocked for 4 minutes till 12/22/2025 18:46:43
2025-12-22T18:46:43.9203482Z Site: unioneyes-staging-app is unblocked.
2025-12-22T19:17:42.8006256Z Site container: unioneyes-staging-app terminated during site startup.
2025-12-22T19:17:42.8454080Z Site startup probe failed after 17.3687442 seconds.
2025-12-22T19:17:43.0759432Z Failed to start site. Revert by stopping site.
2025-12-22T19:17:43.0892330Z Site: unioneyes-staging-app stopped.
2025-12-22T19:17:43.8669687Z Site: unioneyes-staging-app will be blocked for 4 minutes till 12/22/2025 19:21:43
2025-12-22T19:21:43.9151780Z Site: unioneyes-staging-app is unblocked.
2025-12-22T19:52:46.4023206Z Site container: unioneyes-staging-app terminated during site startup.
2025-12-22T19:52:46.4585289Z Site startup probe failed after 19.3616118 seconds.
2025-12-22T19:52:46.6776220Z Failed to start site. Revert by stopping site.
2025-12-22T19:52:46.6943941Z Site: unioneyes-staging-app stopped.
2025-12-22T19:52:47.5375747Z Site: unioneyes-staging-app will be blocked for 4 minutes till 12/22/2025 19:56:47
2025-12-22T19:56:47.5367802Z Site: unioneyes-staging-app is unblocked.
2025-12-22T20:27:44.7089467Z Site container: unioneyes-staging-app terminated during site startup.
2025-12-22T20:27:44.7422527Z Site startup probe failed after 17.170469 seconds.
2025-12-22T20:27:44.9145911Z Failed to start site. Revert by stopping site.
2025-12-22T20:27:44.9234685Z Site: unioneyes-staging-app stopped.
2025-12-22T20:27:45.6892501Z Site: unioneyes-staging-app will be blocked for 4 minutes till 12/22/2025 20:31:45
2025-12-22T20:31:45.6800470Z Site: unioneyes-staging-app is unblocked.
2025-12-22T21:02:46.8104011Z Site container: unioneyes-staging-app terminated during site startup.
2025-12-22T21:02:46.8305291Z Site startup probe failed after 17.2418776 seconds.
2025-12-22T21:02:47.0005378Z Failed to start site. Revert by stopping site.
2025-12-22T21:02:47.0126207Z Site: unioneyes-staging-app stopped.
2025-12-22T21:02:47.5206063Z Site: unioneyes-staging-app will be blocked for 4 minutes till 12/22/2025 21:06:47
2025-12-22T21:06:47.5193236Z Site: unioneyes-staging-app is unblocked.
2025-12-22T21:37:50.5129930Z Site container: unioneyes-staging-app terminated during site startup.
2025-12-22T21:37:50.5402951Z Site startup probe failed after 17.7039294 seconds.
2025-12-22T21:37:50.6983848Z Failed to start site. Revert by stopping site.
2025-12-22T21:37:50.7172329Z Site: unioneyes-staging-app stopped.
2025-12-22T21:37:51.2607931Z Site: unioneyes-staging-app will be blocked for 4 minutes till 12/22/2025 21:41:51
2025-12-22T21:41:51.2554803Z Site: unioneyes-staging-app is unblocked.
2025-12-22T22:12:53.3069319Z Site container: unioneyes-staging-app terminated during site startup.
2025-12-22T22:12:53.3248033Z Site startup probe failed after 17.3626495 seconds.
2025-12-22T22:12:53.4746549Z Failed to start site. Revert by stopping site.
2025-12-22T22:12:53.4830107Z Site: unioneyes-staging-app stopped.
2025-12-22T22:12:54.0708508Z Site: unioneyes-staging-app will be blocked for 4 minutes till 12/22/2025 22:16:54
2025-12-22T22:16:54.0563709Z Site: unioneyes-staging-app is unblocked.
2025-12-22T22:47:53.0595410Z Site container: unioneyes-staging-app terminated during site startup.
2025-12-22T22:47:53.0990333Z Site startup probe failed after 16.219364 seconds.
2025-12-22T22:47:53.2488554Z Failed to start site. Revert by stopping site.
2025-12-22T22:47:53.2603819Z Site: unioneyes-staging-app stopped.
2025-12-22T22:47:53.9881663Z Site: unioneyes-staging-app will be blocked for 4 minutes till 12/22/2025 22:51:53
2025-12-22T22:51:53.9907183Z Site: unioneyes-staging-app is unblocked.
2025-12-22T23:22:56.6838732Z Site container: unioneyes-staging-app terminated during site startup.
2025-12-22T23:22:56.7134676Z Site startup probe failed after 18.1107213 seconds.
2025-12-22T23:22:56.9139721Z Failed to start site. Revert by stopping site.
2025-12-22T23:22:56.9242233Z Site: unioneyes-staging-app stopped.
2025-12-22T23:22:57.4516126Z Site: unioneyes-staging-app will be blocked for 4 minutes till 12/22/2025 23:26:57
2025-12-22T23:26:57.4388379Z Site: unioneyes-staging-app is unblocked.
2025-12-22T23:57:58.7556107Z Site container: unioneyes-staging-app terminated during site startup.
2025-12-22T23:57:58.8929538Z Site startup probe failed after 17.8162974 seconds.
2025-12-22T23:57:59.0505894Z Failed to start site. Revert by stopping site.
2025-12-22T23:57:59.0535647Z Site: unioneyes-staging-app stopped.
