2025-12-20T23:30:18.3437841Z Site: unioneyes-staging-app will be blocked for 4 minutes till 12/20/2025 23:34:18
2025-12-20T23:34:18.3321921Z Site: unioneyes-staging-app is unblocked.
2025-12-21T00:05:12.4285930Z Site container: unioneyes-staging-app terminated during site startup.
2025-12-21T00:05:12.4888073Z Site startup probe failed after 17.210443 seconds.
2025-12-21T00:05:12.6439567Z Failed to start site. Revert by stopping site.
2025-12-21T00:05:12.6646892Z Site: unioneyes-staging-app stopped.
2025-12-21T00:05:13.4241450Z Site: unioneyes-staging-app will be blocked for 4 minutes till 12/21/2025 00:09:13
2025-12-21T00:09:13.4186965Z Site: unioneyes-staging-app is unblocked.
2025-12-21T00:40:18.9762213Z Site container: unioneyes-staging-app terminated during site startup.
2025-12-21T00:40:19.0051980Z Site startup probe failed after 20.1551455 seconds.
2025-12-21T00:40:19.1753983Z Failed to start site. Revert by stopping site.
2025-12-21T00:40:19.1771383Z Site: unioneyes-staging-app stopped.
2025-12-21T00:40:19.8714502Z Site: unioneyes-staging-app will be blocked for 4 minutes till 12/21/2025 00:44:19
2025-12-21T00:44:19.8634708Z Site: unioneyes-staging-app is unblocked.
2025-12-21T01:15:24.1434365Z Site container: unioneyes-staging-app terminated during site startup.
2025-12-21T01:15:24.2103293Z Site startup probe failed after 19.6779859 seconds.
2025-12-21T01:15:24.4208844Z Failed to start site. Revert by stopping site.
2025-12-21T01:15:24.4580466Z Site: unioneyes-staging-app stopped.
2025-12-21T01:15:25.4065778Z Site: unioneyes-staging-app will be blocked for 4 minutes till 12/21/2025 01:19:25
2025-12-21T01:19:25.4084959Z Site: unioneyes-staging-app is unblocked.
2025-12-21T01:50:21.3067578Z Site container: unioneyes-staging-app terminated during site startup.
2025-12-21T01:50:21.3259143Z Site startup probe failed after 19.9728455 seconds.
2025-12-21T01:50:21.5025261Z Failed to start site. Revert by stopping site.
2025-12-21T01:50:21.5111160Z Site: unioneyes-staging-app stopped.
2025-12-21T01:50:22.2674774Z Site: unioneyes-staging-app will be blocked for 4 minutes till 12/21/2025 01:54:22
2025-12-21T01:54:22.2699631Z Site: unioneyes-staging-app is unblocked.
2025-12-21T02:25:21.7459178Z Site container: unioneyes-staging-app terminated during site startup.
2025-12-21T02:25:21.7828913Z Site startup probe failed after 16.650038 seconds.
2025-12-21T02:25:21.9666450Z Failed to start site. Revert by stopping site.
2025-12-21T02:25:21.9802618Z Site: unioneyes-staging-app stopped.
2025-12-21T02:25:22.5516441Z Site: unioneyes-staging-app will be blocked for 4 minutes till 12/21/2025 02:29:22
2025-12-21T02:29:22.5520772Z Site: unioneyes-staging-app is unblocked.
2025-12-21T03:00:27.4584769Z Site container: unioneyes-staging-app terminated during site startup.
2025-12-21T03:00:27.4849972Z Site startup probe failed after 18.724745 seconds.
2025-12-21T03:00:27.6429456Z Failed to start site. Revert by stopping site.
2025-12-21T03:00:27.6539570Z Site: unioneyes-staging-app stopped.
2025-12-21T03:00:28.2501530Z Site: unioneyes-staging-app will be blocked for 4 minutes till 12/21/2025 03:04:28
2025-12-21T03:04:28.2514505Z Site: unioneyes-staging-app is unblocked.
2025-12-21T03:35:25.5970334Z Site container: unioneyes-staging-app terminated during site startup.
2025-12-21T03:35:25.6266622Z Site startup probe failed after 17.2707674 seconds.
2025-12-21T03:35:25.8282379Z Failed to start site. Revert by stopping site.
2025-12-21T03:35:25.8392235Z Site: unioneyes-staging-app stopped.
2025-12-21T03:35:26.5625878Z Site: unioneyes-staging-app will be blocked for 4 minutes till 12/21/2025 03:39:26
2025-12-21T03:39:26.5633754Z Site: unioneyes-staging-app is unblocked.
2025-12-21T04:10:27.0847590Z Site container: unioneyes-staging-app terminated during site startup.
2025-12-21T04:10:27.1166028Z Site startup probe failed after 16.9063022 seconds.
2025-12-21T04:10:27.3110350Z Failed to start site. Revert by stopping site.
2025-12-21T04:10:27.3212786Z Site: unioneyes-staging-app stopped.
2025-12-21T04:10:28.1371501Z Site: unioneyes-staging-app will be blocked for 4 minutes till 12/21/2025 04:14:28
2025-12-21T04:14:28.1329003Z Site: unioneyes-staging-app is unblocked.
2025-12-21T04:45:29.8694679Z Site container: unioneyes-staging-app terminated during site startup.
2025-12-21T04:45:29.9081946Z Site startup probe failed after 17.3849869 seconds.
2025-12-21T04:45:30.0612271Z Failed to start site. Revert by stopping site.
2025-12-21T04:45:30.0709237Z Site: unioneyes-staging-app stopped.
2025-12-21T04:45:30.7738670Z Site: unioneyes-staging-app will be blocked for 4 minutes till 12/21/2025 04:49:30
2025-12-21T04:49:30.7759213Z Site: unioneyes-staging-app is unblocked.
2025-12-21T05:20:32.7662564Z Site container: unioneyes-staging-app terminated during site startup.
2025-12-21T05:20:32.7942515Z Site startup probe failed after 16.8745207 seconds.
2025-12-21T05:20:33.0364569Z Failed to start site. Revert by stopping site.
2025-12-21T05:20:33.0475165Z Site: unioneyes-staging-app stopped.
2025-12-21T05:20:33.8021300Z Site: unioneyes-staging-app will be blocked for 4 minutes till 12/21/2025 05:24:33
2025-12-21T05:24:33.8002134Z Site: unioneyes-staging-app is unblocked.
2025-12-21T05:55:33.2941787Z Site container: unioneyes-staging-app terminated during site startup.
2025-12-21T05:55:33.3153120Z Site startup probe failed after 16.9324756 seconds.
2025-12-21T05:55:33.5445593Z Failed to start site. Revert by stopping site.
2025-12-21T05:55:33.5703552Z Site: unioneyes-staging-app stopped.
2025-12-21T05:55:34.4851655Z Site: unioneyes-staging-app will be blocked for 4 minutes till 12/21/2025 05:59:34
2025-12-21T05:59:35.1475360Z Site: unioneyes-staging-app is unblocked.
2025-12-21T06:30:34.0561363Z Site container: unioneyes-staging-app terminated during site startup.
2025-12-21T06:30:34.1342650Z Site startup probe failed after 17.3016489 seconds.
2025-12-21T06:30:34.2982825Z Failed to start site. Revert by stopping site.
2025-12-21T06:30:34.3221361Z Site: unioneyes-staging-app stopped.
2025-12-21T06:30:35.1789939Z Site: unioneyes-staging-app will be blocked for 4 minutes till 12/21/2025 06:34:35
2025-12-21T06:34:35.1774220Z Site: unioneyes-staging-app is unblocked.
2025-12-21T07:05:38.5843249Z Site container: unioneyes-staging-app terminated during site startup.
2025-12-21T07:05:38.6099719Z Site startup probe failed after 17.0855503 seconds.
2025-12-21T07:05:38.7691893Z Failed to start site. Revert by stopping site.
2025-12-21T07:05:38.7820482Z Site: unioneyes-staging-app stopped.
2025-12-21T07:05:39.5190426Z Site: unioneyes-staging-app will be blocked for 4 minutes till 12/21/2025 07:09:39
2025-12-21T07:09:39.5201577Z Site: unioneyes-staging-app is unblocked.
2025-12-21T07:40:43.0603228Z Site container: unioneyes-staging-app terminated during site startup.
2025-12-21T07:40:43.1021530Z Site startup probe failed after 21.6462025 seconds.
2025-12-21T07:40:43.2695756Z Failed to start site. Revert by stopping site.
2025-12-21T07:40:43.2872240Z Site: unioneyes-staging-app stopped.
2025-12-21T07:40:44.2094008Z Site: unioneyes-staging-app will be blocked for 4 minutes till 12/21/2025 07:44:44
2025-12-21T07:44:44.2124247Z Site: unioneyes-staging-app is unblocked.
2025-12-21T08:15:41.5043788Z Site container: unioneyes-staging-app terminated during site startup.
2025-12-21T08:15:41.5168099Z Site startup probe failed after 17.6513392 seconds.
2025-12-21T08:15:41.7143955Z Failed to start site. Revert by stopping site.
2025-12-21T08:15:41.7240460Z Site: unioneyes-staging-app stopped.
2025-12-21T08:15:42.3664440Z Site: unioneyes-staging-app will be blocked for 4 minutes till 12/21/2025 08:19:42
2025-12-21T08:19:42.3670178Z Site: unioneyes-staging-app is unblocked.
2025-12-21T08:50:43.1664205Z Site container: unioneyes-staging-app terminated during site startup.
2025-12-21T08:50:43.1947394Z Site startup probe failed after 17.2238216 seconds.
2025-12-21T08:50:43.3807275Z Failed to start site. Revert by stopping site.
2025-12-21T08:50:43.3944492Z Site: unioneyes-staging-app stopped.
2025-12-21T08:50:44.2150541Z Site: unioneyes-staging-app will be blocked for 4 minutes till 12/21/2025 08:54:44
2025-12-21T08:54:44.2208143Z Site: unioneyes-staging-app is unblocked.
2025-12-21T09:25:49.6984572Z Site container: unioneyes-staging-app terminated during site startup.
2025-12-21T09:25:49.7175270Z Site startup probe failed after 19.7179623 seconds.
2025-12-21T09:25:49.8932674Z Failed to start site. Revert by stopping site.
2025-12-21T09:25:49.9115163Z Site: unioneyes-staging-app stopped.
2025-12-21T09:25:50.4672056Z Site: unioneyes-staging-app will be blocked for 4 minutes till 12/21/2025 09:29:50
2025-12-21T09:29:50.4671627Z Site: unioneyes-staging-app is unblocked.
2025-12-21T10:00:45.9359774Z Site container: unioneyes-staging-app terminated during site startup.
2025-12-21T10:00:45.9856419Z Site startup probe failed after 16.7753354 seconds.
2025-12-21T10:00:46.1446573Z Failed to start site. Revert by stopping site.
2025-12-21T10:00:46.1470815Z Site: unioneyes-staging-app stopped.
2025-12-21T10:00:46.7643968Z Site: unioneyes-staging-app will be blocked for 4 minutes till 12/21/2025 10:04:46
2025-12-21T10:04:46.7681937Z Site: unioneyes-staging-app is unblocked.
2025-12-21T10:35:50.3863963Z Site container: unioneyes-staging-app terminated during site startup.
2025-12-21T10:35:50.4172346Z Site startup probe failed after 18.4444515 seconds.
2025-12-21T10:35:50.6045260Z Failed to start site. Revert by stopping site.
2025-12-21T10:35:50.6143571Z Site: unioneyes-staging-app stopped.
2025-12-21T10:35:51.2189995Z Site: unioneyes-staging-app will be blocked for 4 minutes till 12/21/2025 10:39:51
2025-12-21T10:39:51.2208518Z Site: unioneyes-staging-app is unblocked.
2025-12-21T11:10:52.3470134Z Site container: unioneyes-staging-app terminated during site startup.
2025-12-21T11:10:52.4181084Z Site startup probe failed after 16.8393496 seconds.
2025-12-21T11:10:52.6352153Z Failed to start site. Revert by stopping site.
2025-12-21T11:10:52.6646000Z Site: unioneyes-staging-app stopped.
2025-12-21T11:10:53.6536175Z Site: unioneyes-staging-app will be blocked for 4 minutes till 12/21/2025 11:14:53
2025-12-21T11:14:53.6454711Z Site: unioneyes-staging-app is unblocked.
2025-12-21T11:45:51.1633003Z Site container: unioneyes-staging-app terminated during site startup.
2025-12-21T11:45:51.1911844Z Site startup probe failed after 13.6469106 seconds.
2025-12-21T11:45:51.3877867Z Failed to start site. Revert by stopping site.
2025-12-21T11:45:51.3981127Z Site: unioneyes-staging-app stopped.
2025-12-21T11:45:52.0509402Z Site: unioneyes-staging-app will be blocked for 4 minutes till 12/21/2025 11:49:52
2025-12-21T11:49:52.0582388Z Site: unioneyes-staging-app is unblocked.
2025-12-21T12:20:55.2642578Z Site container: unioneyes-staging-app terminated during site startup.
2025-12-21T12:20:55.2861992Z Site startup probe failed after 17.1975211 seconds.
2025-12-21T12:20:55.5631320Z Failed to start site. Revert by stopping site.
2025-12-21T12:20:55.5917363Z Site: unioneyes-staging-app stopped.
2025-12-21T12:20:56.4655781Z Site: unioneyes-staging-app will be blocked for 4 minutes till 12/21/2025 12:24:56
2025-12-21T12:24:57.0843391Z Site: unioneyes-staging-app is unblocked.
2025-12-21T12:55:57.2784314Z Site container: unioneyes-staging-app terminated during site startup.
2025-12-21T12:55:57.2901448Z Site startup probe failed after 17.3573185 seconds.
2025-12-21T12:55:57.4488675Z Failed to start site. Revert by stopping site.
2025-12-21T12:55:57.4698795Z Site: unioneyes-staging-app stopped.
2025-12-21T12:55:58.0056277Z Site: unioneyes-staging-app will be blocked for 4 minutes till 12/21/2025 12:59:58
2025-12-21T12:59:58.0072216Z Site: unioneyes-staging-app is unblocked.
2025-12-21T13:30:59.6618383Z Site container: unioneyes-staging-app terminated during site startup.
2025-12-21T13:30:59.6725114Z Site startup probe failed after 16.655849 seconds.
2025-12-21T13:30:59.8401131Z Failed to start site. Revert by stopping site.
2025-12-21T13:30:59.8404206Z Site: unioneyes-staging-app stopped.
2025-12-21T13:31:00.4095827Z Site: unioneyes-staging-app will be blocked for 4 minutes till 12/21/2025 13:35:00
2025-12-21T13:35:00.4087373Z Site: unioneyes-staging-app is unblocked.
2025-12-21T14:06:00.8127823Z Site container: unioneyes-staging-app terminated during site startup.
2025-12-21T14:06:00.8600867Z Site startup probe failed after 18.2056964 seconds.
2025-12-21T14:06:01.0998152Z Failed to start site. Revert by stopping site.
2025-12-21T14:06:01.1256160Z Site: unioneyes-staging-app stopped.
2025-12-21T14:06:01.9222581Z Site: unioneyes-staging-app will be blocked for 4 minutes till 12/21/2025 14:10:01
2025-12-21T14:10:01.9289911Z Site: unioneyes-staging-app is unblocked.
2025-12-21T14:41:02.8835891Z Site container: unioneyes-staging-app terminated during site startup.
2025-12-21T14:41:02.9119482Z Site startup probe failed after 17.3037926 seconds.
2025-12-21T14:41:03.0499947Z Failed to start site. Revert by stopping site.
2025-12-21T14:41:03.0777109Z Site: unioneyes-staging-app stopped.
2025-12-21T14:41:03.7402549Z Site: unioneyes-staging-app will be blocked for 4 minutes till 12/21/2025 14:45:03
2025-12-21T14:45:03.7401978Z Site: unioneyes-staging-app is unblocked.
2025-12-21T15:16:08.5254382Z Site container: unioneyes-staging-app terminated during site startup.
2025-12-21T15:16:08.5450708Z Site startup probe failed after 19.9558729 seconds.
2025-12-21T15:16:08.7257815Z Failed to start site. Revert by stopping site.
2025-12-21T15:16:08.7358815Z Site: unioneyes-staging-app stopped.
2025-12-21T15:16:09.2835231Z Site: unioneyes-staging-app will be blocked for 4 minutes till 12/21/2025 15:20:09
2025-12-21T15:20:09.2828897Z Site: unioneyes-staging-app is unblocked.
2025-12-21T15:51:06.0521155Z Site container: unioneyes-staging-app terminated during site startup.
2025-12-21T15:51:06.1019934Z Site startup probe failed after 17.1183464 seconds.
2025-12-21T15:51:06.2645193Z Failed to start site. Revert by stopping site.
2025-12-21T15:51:06.2791456Z Site: unioneyes-staging-app stopped.
2025-12-21T15:51:06.8006638Z Site: unioneyes-staging-app will be blocked for 4 minutes till 12/21/2025 15:55:06
2025-12-21T15:55:06.7994939Z Site: unioneyes-staging-app is unblocked.
2025-12-21T16:26:10.6819561Z Site container: unioneyes-staging-app terminated during site startup.
2025-12-21T16:26:10.7094290Z Site startup probe failed after 19.8067231 seconds.
2025-12-21T16:26:10.8690584Z Failed to start site. Revert by stopping site.
2025-12-21T16:26:10.9077498Z Site: unioneyes-staging-app stopped.
2025-12-21T16:26:11.6448016Z Site: unioneyes-staging-app will be blocked for 4 minutes till 12/21/2025 16:30:11
2025-12-21T16:30:11.6505460Z Site: unioneyes-staging-app is unblocked.
2025-12-21T17:01:11.8508141Z Site container: unioneyes-staging-app terminated during site startup.
2025-12-21T17:01:11.8713074Z Site startup probe failed after 19.3115232 seconds.
2025-12-21T17:01:12.0519179Z Failed to start site. Revert by stopping site.
2025-12-21T17:01:12.0615860Z Site: unioneyes-staging-app stopped.
2025-12-21T17:01:12.7567452Z Site: unioneyes-staging-app will be blocked for 4 minutes till 12/21/2025 17:05:12
2025-12-21T17:05:12.7549108Z Site: unioneyes-staging-app is unblocked.
2025-12-21T17:36:15.7793369Z Site container: unioneyes-staging-app terminated during site startup.
2025-12-21T17:36:15.8021328Z Site startup probe failed after 19.7482651 seconds.
2025-12-21T17:36:15.9709327Z Failed to start site. Revert by stopping site.
2025-12-21T17:36:15.9883445Z Site: unioneyes-staging-app stopped.
2025-12-21T17:36:17.8430026Z Site: unioneyes-staging-app will be blocked for 4 minutes till 12/21/2025 17:40:17
2025-12-21T17:40:17.8467224Z Site: unioneyes-staging-app is unblocked.
2025-12-21T18:11:13.5791852Z Site container: unioneyes-staging-app terminated during site startup.
2025-12-21T18:11:13.5994261Z Site startup probe failed after 16.6135199 seconds.
2025-12-21T18:11:13.7609507Z Failed to start site. Revert by stopping site.
2025-12-21T18:11:13.7793447Z Site: unioneyes-staging-app stopped.
2025-12-21T18:11:14.2968463Z Site: unioneyes-staging-app will be blocked for 4 minutes till 12/21/2025 18:15:14
2025-12-21T18:15:14.2882316Z Site: unioneyes-staging-app is unblocked.
2025-12-21T18:46:19.4864432Z Site container: unioneyes-staging-app terminated during site startup.
2025-12-21T18:46:19.5193418Z Site startup probe failed after 17.2639859 seconds.
2025-12-21T18:46:19.7275623Z Failed to start site. Revert by stopping site.
2025-12-21T18:46:19.7472811Z Site: unioneyes-staging-app stopped.
2025-12-21T18:46:20.4967410Z Site: unioneyes-staging-app will be blocked for 4 minutes till 12/21/2025 18:50:20
2025-12-21T18:50:20.4983494Z Site: unioneyes-staging-app is unblocked.
2025-12-21T19:21:22.0970350Z Site container: unioneyes-staging-app terminated during site startup.
2025-12-21T19:21:22.1255131Z Site startup probe failed after 19.563944 seconds.
2025-12-21T19:21:22.3726930Z Failed to start site. Revert by stopping site.
2025-12-21T19:21:22.3905848Z Site: unioneyes-staging-app stopped.
2025-12-21T19:21:23.3230339Z Site: unioneyes-staging-app will be blocked for 4 minutes till 12/21/2025 19:25:23
2025-12-21T19:25:23.3226430Z Site: unioneyes-staging-app is unblocked.
2025-12-21T19:56:24.6314280Z Site container: unioneyes-staging-app terminated during site startup.
2025-12-21T19:56:24.6682924Z Site startup probe failed after 20.101703 seconds.
2025-12-21T19:56:24.8161671Z Failed to start site. Revert by stopping site.
2025-12-21T19:56:24.8252627Z Site: unioneyes-staging-app stopped.
2025-12-21T19:56:25.5134523Z Site: unioneyes-staging-app will be blocked for 4 minutes till 12/21/2025 20:00:25
2025-12-21T20:00:25.4997971Z Site: unioneyes-staging-app is unblocked.
2025-12-21T20:31:21.5809644Z Site container: unioneyes-staging-app terminated during site startup.
2025-12-21T20:31:21.5998848Z Site startup probe failed after 16.3299753 seconds.
2025-12-21T20:31:21.7398322Z Failed to start site. Revert by stopping site.
2025-12-21T20:31:21.7499651Z Site: unioneyes-staging-app stopped.
2025-12-21T20:31:22.2615078Z Site: unioneyes-staging-app will be blocked for 4 minutes till 12/21/2025 20:35:22
2025-12-21T20:35:22.2595789Z Site: unioneyes-staging-app is unblocked.
2025-12-21T21:06:23.9956879Z Site container: unioneyes-staging-app terminated during site startup.
2025-12-21T21:06:24.0251420Z Site startup probe failed after 16.7094328 seconds.
2025-12-21T21:06:24.2145960Z Failed to start site. Revert by stopping site.
2025-12-21T21:06:24.2262573Z Site: unioneyes-staging-app stopped.
2025-12-21T21:06:25.0123379Z Site: unioneyes-staging-app will be blocked for 4 minutes till 12/21/2025 21:10:25
2025-12-21T21:10:25.0154446Z Site: unioneyes-staging-app is unblocked.
2025-12-21T21:41:28.4964411Z Site container: unioneyes-staging-app terminated during site startup.
2025-12-21T21:41:28.5382793Z Site startup probe failed after 18.2125955 seconds.
2025-12-21T21:41:28.6887646Z Failed to start site. Revert by stopping site.
2025-12-21T21:41:28.6987635Z Site: unioneyes-staging-app stopped.
2025-12-21T21:41:29.5055193Z Site: unioneyes-staging-app will be blocked for 4 minutes till 12/21/2025 21:45:29
2025-12-21T21:45:29.5086832Z Site: unioneyes-staging-app is unblocked.
2025-12-21T22:16:27.1461207Z Site container: unioneyes-staging-app terminated during site startup.
2025-12-21T22:16:27.1800549Z Site startup probe failed after 16.1221431 seconds.
2025-12-21T22:16:27.3749179Z Failed to start site. Revert by stopping site.
2025-12-21T22:16:27.3845355Z Site: unioneyes-staging-app stopped.
2025-12-21T22:16:28.1102037Z Site: unioneyes-staging-app will be blocked for 4 minutes till 12/21/2025 22:20:28
2025-12-21T22:20:28.1094884Z Site: unioneyes-staging-app is unblocked.
2025-12-21T22:51:42.5648718Z Site container: unioneyes-staging-app terminated during site startup.
2025-12-21T22:51:42.6463890Z Site startup probe failed after 29.7630072 seconds.
2025-12-21T22:51:43.2239654Z Failed to start site. Revert by stopping site.
2025-12-21T22:51:43.2708897Z Site: unioneyes-staging-app stopped.
2025-12-21T22:51:44.6296496Z Site: unioneyes-staging-app will be blocked for 4 minutes till 12/21/2025 22:55:44
2025-12-21T22:55:44.6223961Z Site: unioneyes-staging-app is unblocked.
2025-12-21T23:26:38.0382219Z Site container: unioneyes-staging-app terminated during site startup.
2025-12-21T23:26:38.0599997Z Site startup probe failed after 22.4898666 seconds.
2025-12-21T23:26:38.2068932Z Failed to start site. Revert by stopping site.
2025-12-21T23:26:38.2254546Z Site: unioneyes-staging-app stopped.
