2025-12-13T23:49:25.9213486Z Site: unioneyes-staging-app will be blocked for 4 minutes till 12/13/2025 23:53:25
2025-12-13T23:53:25.9218011Z Site: unioneyes-staging-app is unblocked.
2025-12-14T00:22:11.3633190Z Site container: unioneyes-staging-app terminated during site startup.
2025-12-14T00:22:11.3922924Z Site startup probe failed after 23.4275763 seconds.
2025-12-14T00:22:11.5582048Z Failed to start site. Revert by stopping site.
2025-12-14T00:22:11.5683166Z Site: unioneyes-staging-app stopped.
2025-12-14T00:22:12.8953349Z Site: unioneyes-staging-app will be blocked for 4 minutes till 12/14/2025 00:26:12
2025-12-14T00:26:12.8998078Z Site: unioneyes-staging-app is unblocked.
2025-12-14T00:32:49.6807798Z Site container: unioneyes-staging-app terminated during site startup.
2025-12-14T00:32:49.7084727Z Site startup probe failed after 17.9369801 seconds.
2025-12-14T00:32:49.9022565Z Failed to start site. Revert by stopping site.
2025-12-14T00:32:49.9112010Z Site: unioneyes-staging-app stopped.
2025-12-14T00:32:50.5364072Z Site: unioneyes-staging-app will be blocked for 4 minutes till 12/14/2025 00:36:50
2025-12-14T00:36:50.5770060Z Site: unioneyes-staging-app is unblocked.
2025-12-14T01:07:10.4456867Z Site container: unioneyes-staging-app terminated during site startup.
2025-12-14T01:07:10.5121015Z Site startup probe failed after 19.8696962 seconds.
2025-12-14T01:07:10.8667924Z Failed to start site. Revert by stopping site.
2025-12-14T01:07:10.8768523Z Site: unioneyes-staging-app stopped.
2025-12-14T01:07:11.4651624Z Site: unioneyes-staging-app will be blocked for 4 minutes till 12/14/2025 01:11:11
2025-12-14T01:11:11.4682850Z Site: unioneyes-staging-app is unblocked.
2025-12-14T01:12:37.4680990Z Site container: unioneyes-staging-app terminated during site startup.
2025-12-14T01:12:37.5001102Z Site startup probe failed after 36.90447 seconds.
2025-12-14T01:12:37.6753293Z Failed to start site. Revert by stopping site.
2025-12-14T01:12:37.6768720Z Site: unioneyes-staging-app stopped.
2025-12-14T01:12:38.4168090Z Site: unioneyes-staging-app will be blocked for 4 minutes till 12/14/2025 01:16:38
2025-12-14T01:16:38.4215994Z Site: unioneyes-staging-app is unblocked.
2025-12-14T01:47:19.5882070Z Site container: unioneyes-staging-app terminated during site startup.
2025-12-14T01:47:19.7043397Z Site startup probe failed after 24.2944376 seconds.
2025-12-14T01:47:20.0337965Z Failed to start site. Revert by stopping site.
2025-12-14T01:47:20.0604836Z Site: unioneyes-staging-app stopped.
2025-12-14T01:47:21.3803938Z Site: unioneyes-staging-app will be blocked for 4 minutes till 12/14/2025 01:51:21
2025-12-14T01:51:21.3822155Z Site: unioneyes-staging-app is unblocked.
2025-12-14T01:58:27.6250449Z Site container: unioneyes-staging-app terminated during site startup.
2025-12-14T01:58:27.6630389Z Site startup probe failed after 19.8030544 seconds.
2025-12-14T01:58:27.9264779Z Failed to start site. Revert by stopping site.
2025-12-14T01:58:27.9291437Z Site: unioneyes-staging-app stopped.
2025-12-14T01:58:28.7854359Z Site: unioneyes-staging-app will be blocked for 4 minutes till 12/14/2025 02:02:28
2025-12-14T02:02:28.7864581Z Site: unioneyes-staging-app is unblocked.
2025-12-14T02:32:36.5861635Z Site container: unioneyes-staging-app terminated during site startup.
2025-12-14T02:32:36.6366342Z Site startup probe failed after 39.3524599 seconds.
2025-12-14T02:32:36.8724210Z Failed to start site. Revert by stopping site.
2025-12-14T02:32:36.8926218Z Site: unioneyes-staging-app stopped.
2025-12-14T02:32:37.7351905Z Site: unioneyes-staging-app will be blocked for 4 minutes till 12/14/2025 02:36:37
2025-12-14T02:36:37.7399679Z Site: unioneyes-staging-app is unblocked.
2025-12-14T02:49:00.1095244Z Site container: unioneyes-staging-app terminated during site startup.
2025-12-14T02:49:00.1441530Z Site startup probe failed after 17.1707257 seconds.
2025-12-14T02:49:00.3976129Z Failed to start site. Revert by stopping site.
2025-12-14T02:49:00.4236797Z Site: unioneyes-staging-app stopped.
2025-12-14T02:49:01.0888999Z Site: unioneyes-staging-app will be blocked for 4 minutes till 12/14/2025 02:53:01
2025-12-14T02:53:01.0905808Z Site: unioneyes-staging-app is unblocked.
2025-12-14T03:22:41.9606015Z Site container: unioneyes-staging-app terminated during site startup.
2025-12-14T03:22:41.9844699Z Site startup probe failed after 42.4888257 seconds.
2025-12-14T03:22:42.2069699Z Failed to start site. Revert by stopping site.
2025-12-14T03:22:42.2259209Z Site: unioneyes-staging-app stopped.
2025-12-14T03:22:43.0481110Z Site: unioneyes-staging-app will be blocked for 4 minutes till 12/14/2025 03:26:43
2025-12-14T03:26:43.0460462Z Site: unioneyes-staging-app is unblocked.
2025-12-14T03:35:36.3021929Z Site container: unioneyes-staging-app terminated during site startup.
2025-12-14T03:35:36.3214573Z Site startup probe failed after 18.4010744 seconds.
2025-12-14T03:35:36.5035325Z Failed to start site. Revert by stopping site.
2025-12-14T03:35:36.5132024Z Site: unioneyes-staging-app stopped.
2025-12-14T03:35:37.0487099Z Site: unioneyes-staging-app will be blocked for 4 minutes till 12/14/2025 03:39:37
2025-12-14T03:39:37.0480261Z Site: unioneyes-staging-app is unblocked.
2025-12-14T04:05:55.2882939Z Site container: unioneyes-staging-app terminated during site startup.
2025-12-14T04:05:55.3162044Z Site startup probe failed after 17.919842 seconds.
2025-12-14T04:05:55.5311610Z Failed to start site. Revert by stopping site.
2025-12-14T04:05:55.5394812Z Site: unioneyes-staging-app stopped.
2025-12-14T04:05:56.2910335Z Site: unioneyes-staging-app will be blocked for 4 minutes till 12/14/2025 04:09:56
2025-12-14T04:09:56.2892903Z Site: unioneyes-staging-app is unblocked.
2025-12-14T04:28:07.3818750Z Site container: unioneyes-staging-app terminated during site startup.
2025-12-14T04:28:07.4022020Z Site startup probe failed after 23.4118684 seconds.
2025-12-14T04:28:07.5551433Z Failed to start site. Revert by stopping site.
2025-12-14T04:28:07.5635882Z Site: unioneyes-staging-app stopped.
2025-12-14T04:28:08.2442035Z Site: unioneyes-staging-app will be blocked for 4 minutes till 12/14/2025 04:32:08
2025-12-14T04:32:08.2505332Z Site: unioneyes-staging-app is unblocked.
2025-12-14T04:47:01.9638793Z Site container: unioneyes-staging-app terminated during site startup.
2025-12-14T04:47:01.9857180Z Site startup probe failed after 18.015514 seconds.
2025-12-14T04:47:02.4238821Z Failed to start site. Revert by stopping site.
2025-12-14T04:47:02.4323225Z Site: unioneyes-staging-app stopped.
2025-12-14T04:47:03.9049408Z Site: unioneyes-staging-app will be blocked for 4 minutes till 12/14/2025 04:51:03
2025-12-14T04:51:03.8906978Z Site: unioneyes-staging-app is unblocked.
2025-12-14T05:07:50.7111085Z Site container: unioneyes-staging-app terminated during site startup.
2025-12-14T05:07:50.7344575Z Site startup probe failed after 19.3412512 seconds.
2025-12-14T05:07:50.8980739Z Failed to start site. Revert by stopping site.
2025-12-14T05:07:50.9079033Z Site: unioneyes-staging-app stopped.
2025-12-14T05:07:53.4031424Z Site: unioneyes-staging-app will be blocked for 4 minutes till 12/14/2025 05:11:53
2025-12-14T05:11:53.4014329Z Site: unioneyes-staging-app is unblocked.
2025-12-14T05:25:08.8829616Z Site container: unioneyes-staging-app terminated during site startup.
2025-12-14T05:25:08.9015042Z Site startup probe failed after 20.1109518 seconds.
2025-12-14T05:25:09.0777365Z Failed to start site. Revert by stopping site.
2025-12-14T05:25:09.0854219Z Site: unioneyes-staging-app stopped.
2025-12-14T05:25:09.9067773Z Site: unioneyes-staging-app will be blocked for 4 minutes till 12/14/2025 05:29:09
2025-12-14T05:29:09.9154633Z Site: unioneyes-staging-app is unblocked.
2025-12-14T05:38:34.4285904Z Site container: unioneyes-staging-app terminated during site startup.
2025-12-14T05:38:34.4742107Z Site startup probe failed after 19.7048914 seconds.
2025-12-14T05:38:34.7964473Z Failed to start site. Revert by stopping site.
2025-12-14T05:38:34.8245993Z Site: unioneyes-staging-app stopped.
2025-12-14T05:38:35.5977517Z Site: unioneyes-staging-app will be blocked for 4 minutes till 12/14/2025 05:42:35
2025-12-14T05:42:35.6014559Z Site: unioneyes-staging-app is unblocked.
2025-12-14T05:49:57.8416557Z Site container: unioneyes-staging-app terminated during site startup.
2025-12-14T05:49:57.8504403Z Site startup probe failed after 16.5632552 seconds.
2025-12-14T05:49:57.9981632Z Failed to start site. Revert by stopping site.
2025-12-14T05:49:58.0149690Z Site: unioneyes-staging-app stopped.
2025-12-14T05:49:58.5879450Z Site: unioneyes-staging-app will be blocked for 4 minutes till 12/14/2025 05:53:58
2025-12-14T05:53:58.5905160Z Site: unioneyes-staging-app is unblocked.
2025-12-14T06:09:58.5847067Z Site container: unioneyes-staging-app terminated during site startup.
2025-12-14T06:09:58.6110149Z Site startup probe failed after 17.7106796 seconds.
2025-12-14T06:09:58.7785453Z Failed to start site. Revert by stopping site.
2025-12-14T06:09:58.7869880Z Site: unioneyes-staging-app stopped.
2025-12-14T06:09:59.4352928Z Site: unioneyes-staging-app will be blocked for 4 minutes till 12/14/2025 06:13:59
2025-12-14T06:13:59.4333983Z Site: unioneyes-staging-app is unblocked.
2025-12-14T06:26:29.6655983Z Site container: unioneyes-staging-app terminated during site startup.
2025-12-14T06:26:29.6955295Z Site startup probe failed after 19.2449406 seconds.
2025-12-14T06:26:29.8480141Z Failed to start site. Revert by stopping site.
2025-12-14T06:26:29.8632144Z Site: unioneyes-staging-app stopped.
2025-12-14T06:26:30.4848782Z Site: unioneyes-staging-app will be blocked for 4 minutes till 12/14/2025 06:30:30
2025-12-14T06:30:30.4912718Z Site: unioneyes-staging-app is unblocked.
2025-12-14T06:44:42.5196360Z Site container: unioneyes-staging-app terminated during site startup.
2025-12-14T06:44:42.5413227Z Site startup probe failed after 18.9618987 seconds.
2025-12-14T06:44:42.7463524Z Failed to start site. Revert by stopping site.
2025-12-14T06:44:42.7639871Z Site: unioneyes-staging-app stopped.
2025-12-14T06:44:43.5425509Z Site: unioneyes-staging-app will be blocked for 4 minutes till 12/14/2025 06:48:43
2025-12-14T06:48:43.5468777Z Site: unioneyes-staging-app is unblocked.
2025-12-14T06:55:59.7379102Z Site container: unioneyes-staging-app terminated during site startup.
2025-12-14T06:55:59.7572687Z Site startup probe failed after 18.8622761 seconds.
2025-12-14T06:55:59.9424623Z Failed to start site. Revert by stopping site.
2025-12-14T06:55:59.9429097Z Site: unioneyes-staging-app stopped.
2025-12-14T06:56:00.4860179Z Site: unioneyes-staging-app will be blocked for 4 minutes till 12/14/2025 07:00:00
2025-12-14T07:00:00.4885661Z Site: unioneyes-staging-app is unblocked.
2025-12-14T07:08:34.2984440Z Site container: unioneyes-staging-app terminated during site startup.
2025-12-14T07:08:34.3175402Z Site startup probe failed after 17.1444394 seconds.
2025-12-14T07:08:34.5215692Z Failed to start site. Revert by stopping site.
2025-12-14T07:08:34.5403905Z Site: unioneyes-staging-app stopped.
2025-12-14T07:08:35.3558391Z Site: unioneyes-staging-app will be blocked for 4 minutes till 12/14/2025 07:12:35
2025-12-14T07:12:35.3555876Z Site: unioneyes-staging-app is unblocked.
2025-12-14T07:25:14.0993032Z Site container: unioneyes-staging-app terminated during site startup.
2025-12-14T07:25:14.1472568Z Site startup probe failed after 25.5385491 seconds.
2025-12-14T07:25:14.3097537Z Failed to start site. Revert by stopping site.
2025-12-14T07:25:14.3271651Z Site: unioneyes-staging-app stopped.
2025-12-14T07:25:15.1826038Z Site: unioneyes-staging-app will be blocked for 4 minutes till 12/14/2025 07:29:15
2025-12-14T07:29:15.1758770Z Site: unioneyes-staging-app is unblocked.
2025-12-14T07:35:47.1994425Z Site container: unioneyes-staging-app terminated during site startup.
2025-12-14T07:35:47.2155513Z Site startup probe failed after 18.5681677 seconds.
2025-12-14T07:35:47.3753462Z Failed to start site. Revert by stopping site.
2025-12-14T07:35:47.3856948Z Site: unioneyes-staging-app stopped.
2025-12-14T07:35:47.9547846Z Site: unioneyes-staging-app will be blocked for 4 minutes till 12/14/2025 07:39:47
2025-12-14T07:39:47.9547907Z Site: unioneyes-staging-app is unblocked.
2025-12-14T07:49:32.6743832Z Site container: unioneyes-staging-app terminated during site startup.
2025-12-14T07:49:32.6950289Z Site startup probe failed after 28.3276416 seconds.
2025-12-14T07:49:32.8607648Z Failed to start site. Revert by stopping site.
2025-12-14T07:49:32.8689706Z Site: unioneyes-staging-app stopped.
2025-12-14T07:49:34.0888330Z Site: unioneyes-staging-app will be blocked for 4 minutes till 12/14/2025 07:53:34
2025-12-14T07:53:34.0940027Z Site: unioneyes-staging-app is unblocked.
2025-12-14T08:08:52.2012765Z Site container: unioneyes-staging-app terminated during site startup.
2025-12-14T08:08:52.2620767Z Site startup probe failed after 17.8101167 seconds.
2025-12-14T08:08:52.5428673Z Failed to start site. Revert by stopping site.
2025-12-14T08:08:52.5693308Z Site: unioneyes-staging-app stopped.
2025-12-14T08:08:53.3187767Z Site: unioneyes-staging-app will be blocked for 4 minutes till 12/14/2025 08:12:53
2025-12-14T08:12:53.3191258Z Site: unioneyes-staging-app is unblocked.
2025-12-14T08:26:04.0685304Z Site container: unioneyes-staging-app terminated during site startup.
2025-12-14T08:26:04.1059078Z Site startup probe failed after 19.3337877 seconds.
2025-12-14T08:26:04.5385477Z Failed to start site. Revert by stopping site.
2025-12-14T08:26:04.5412713Z Site: unioneyes-staging-app stopped.
2025-12-14T08:26:05.8116533Z Site: unioneyes-staging-app will be blocked for 4 minutes till 12/14/2025 08:30:05
2025-12-14T08:30:05.8299267Z Site: unioneyes-staging-app is unblocked.
2025-12-14T08:40:53.6325498Z Site container: unioneyes-staging-app terminated during site startup.
2025-12-14T08:40:53.6620473Z Site startup probe failed after 17.4092183 seconds.
2025-12-14T08:40:53.8097264Z Failed to start site. Revert by stopping site.
2025-12-14T08:40:53.8268321Z Site: unioneyes-staging-app stopped.
2025-12-14T08:40:54.7110712Z Site: unioneyes-staging-app will be blocked for 4 minutes till 12/14/2025 08:44:54
2025-12-14T08:44:54.7101178Z Site: unioneyes-staging-app is unblocked.
2025-12-14T08:51:53.5390930Z Site container: unioneyes-staging-app terminated during site startup.
2025-12-14T08:51:53.5417962Z Site startup probe failed after 19.1971465 seconds.
2025-12-14T08:51:53.7069970Z Failed to start site. Revert by stopping site.
2025-12-14T08:51:53.7237735Z Site: unioneyes-staging-app stopped.
2025-12-14T08:51:54.3510391Z Site: unioneyes-staging-app will be blocked for 4 minutes till 12/14/2025 08:55:54
2025-12-14T08:55:54.3505656Z Site: unioneyes-staging-app is unblocked.
2025-12-14T09:07:26.8930223Z Site container: unioneyes-staging-app terminated during site startup.
2025-12-14T09:07:26.9700000Z Site startup probe failed after 29.3938332 seconds.
2025-12-14T09:07:27.4138606Z Failed to start site. Revert by stopping site.
2025-12-14T09:07:27.4159253Z Site: unioneyes-staging-app stopped.
2025-12-14T09:07:28.6258694Z Site: unioneyes-staging-app will be blocked for 4 minutes till 12/14/2025 09:11:28
2025-12-14T09:11:28.6250721Z Site: unioneyes-staging-app is unblocked.
2025-12-14T09:25:06.6021364Z Site container: unioneyes-staging-app terminated during site startup.
2025-12-14T09:25:06.6313908Z Site startup probe failed after 18.3917177 seconds.
2025-12-14T09:25:06.7857443Z Failed to start site. Revert by stopping site.
2025-12-14T09:25:06.8104276Z Site: unioneyes-staging-app stopped.
2025-12-14T09:25:07.4323727Z Site: unioneyes-staging-app will be blocked for 4 minutes till 12/14/2025 09:29:07
2025-12-14T09:29:07.4389758Z Site: unioneyes-staging-app is unblocked.
2025-12-14T09:36:34.8437730Z Site container: unioneyes-staging-app terminated during site startup.
2025-12-14T09:36:34.8621522Z Site startup probe failed after 18.7085337 seconds.
2025-12-14T09:36:35.0360053Z Failed to start site. Revert by stopping site.
2025-12-14T09:36:35.0369105Z Site: unioneyes-staging-app stopped.
2025-12-14T09:36:35.6232835Z Site: unioneyes-staging-app will be blocked for 4 minutes till 12/14/2025 09:40:35
2025-12-14T09:40:35.6216256Z Site: unioneyes-staging-app is unblocked.
2025-12-14T09:49:23.6277360Z Site container: unioneyes-staging-app terminated during site startup.
2025-12-14T09:49:23.6370231Z Site startup probe failed after 26.8623429 seconds.
2025-12-14T09:49:23.8351493Z Failed to start site. Revert by stopping site.
2025-12-14T09:49:23.8416228Z Site: unioneyes-staging-app stopped.
2025-12-14T09:49:24.6196444Z Site: unioneyes-staging-app will be blocked for 4 minutes till 12/14/2025 09:53:24
2025-12-14T09:53:24.6163588Z Site: unioneyes-staging-app is unblocked.
2025-12-14T10:07:13.4840700Z Site container: unioneyes-staging-app terminated during site startup.
2025-12-14T10:07:13.5210145Z Site startup probe failed after 22.2552662 seconds.
2025-12-14T10:07:13.7928996Z Failed to start site. Revert by stopping site.
2025-12-14T10:07:13.8121818Z Site: unioneyes-staging-app stopped.
2025-12-14T10:07:14.7059089Z Site: unioneyes-staging-app will be blocked for 4 minutes till 12/14/2025 10:11:14
2025-12-14T10:11:14.7059406Z Site: unioneyes-staging-app is unblocked.
2025-12-14T10:25:09.7127418Z Site container: unioneyes-staging-app terminated during site startup.
2025-12-14T10:25:09.7341155Z Site startup probe failed after 20.7914727 seconds.
2025-12-14T10:25:09.9233240Z Failed to start site. Revert by stopping site.
2025-12-14T10:25:09.9333065Z Site: unioneyes-staging-app stopped.
2025-12-14T10:25:10.6463046Z Site: unioneyes-staging-app will be blocked for 4 minutes till 12/14/2025 10:29:10
2025-12-14T10:29:10.6504618Z Site: unioneyes-staging-app is unblocked.
2025-12-14T10:38:36.5005221Z Site container: unioneyes-staging-app terminated during site startup.
2025-12-14T10:38:36.5302786Z Site startup probe failed after 17.6136287 seconds.
2025-12-14T10:38:36.7045276Z Failed to start site. Revert by stopping site.
2025-12-14T10:38:36.7212372Z Site: unioneyes-staging-app stopped.
2025-12-14T10:38:37.5352019Z Site: unioneyes-staging-app will be blocked for 4 minutes till 12/14/2025 10:42:37
2025-12-14T10:42:37.5343319Z Site: unioneyes-staging-app is unblocked.
2025-12-14T10:50:30.3160814Z Site container: unioneyes-staging-app terminated during site startup.
2025-12-14T10:50:30.3191943Z Site startup probe failed after 26.2345143 seconds.
2025-12-14T10:50:30.4939332Z Failed to start site. Revert by stopping site.
2025-12-14T10:50:30.5013176Z Site: unioneyes-staging-app stopped.
2025-12-14T10:50:31.5223461Z Site: unioneyes-staging-app will be blocked for 4 minutes till 12/14/2025 10:54:31
2025-12-14T10:54:31.5269377Z Site: unioneyes-staging-app is unblocked.
2025-12-14T11:06:50.0259220Z Site container: unioneyes-staging-app terminated during site startup.
2025-12-14T11:06:50.0519128Z Site startup probe failed after 16.4599231 seconds.
2025-12-14T11:06:50.2382354Z Failed to start site. Revert by stopping site.
2025-12-14T11:06:50.2485047Z Site: unioneyes-staging-app stopped.
2025-12-14T11:06:51.1356901Z Site: unioneyes-staging-app will be blocked for 4 minutes till 12/14/2025 11:10:51
2025-12-14T11:10:51.1356881Z Site: unioneyes-staging-app is unblocked.
2025-12-14T11:23:35.7284973Z Site container: unioneyes-staging-app terminated during site startup.
2025-12-14T11:23:35.7752074Z Site startup probe failed after 19.0741437 seconds.
2025-12-14T11:23:35.9313512Z Failed to start site. Revert by stopping site.
2025-12-14T11:23:35.9492556Z Site: unioneyes-staging-app stopped.
2025-12-14T11:23:36.5295847Z Site: unioneyes-staging-app will be blocked for 4 minutes till 12/14/2025 11:27:36
2025-12-14T11:27:36.5308503Z Site: unioneyes-staging-app is unblocked.
2025-12-14T11:35:29.8104824Z Site container: unioneyes-staging-app terminated during site startup.
2025-12-14T11:35:29.8290785Z Site startup probe failed after 18.4173176 seconds.
2025-12-14T11:35:29.9936222Z Failed to start site. Revert by stopping site.
2025-12-14T11:35:30.0026134Z Site: unioneyes-staging-app stopped.
2025-12-14T11:35:30.6771576Z Site: unioneyes-staging-app will be blocked for 4 minutes till 12/14/2025 11:39:30
2025-12-14T11:39:30.6770124Z Site: unioneyes-staging-app is unblocked.
2025-12-14T11:49:01.7861274Z Site container: unioneyes-staging-app terminated during site startup.
2025-12-14T11:49:01.8058568Z Site startup probe failed after 17.0020235 seconds.
2025-12-14T11:49:01.9927456Z Failed to start site. Revert by stopping site.
2025-12-14T11:49:01.9992612Z Site: unioneyes-staging-app stopped.
2025-12-14T11:49:02.7868473Z Site: unioneyes-staging-app will be blocked for 4 minutes till 12/14/2025 11:53:02
2025-12-14T11:53:02.7893969Z Site: unioneyes-staging-app is unblocked.
2025-12-14T12:11:21.2301665Z Site container: unioneyes-staging-app terminated during site startup.
2025-12-14T12:11:21.2533605Z Site startup probe failed after 19.6417155 seconds.
2025-12-14T12:11:21.4263526Z Failed to start site. Revert by stopping site.
2025-12-14T12:11:21.4373941Z Site: unioneyes-staging-app stopped.
2025-12-14T12:11:22.1661727Z Site: unioneyes-staging-app will be blocked for 4 minutes till 12/14/2025 12:15:22
2025-12-14T12:15:22.1665772Z Site: unioneyes-staging-app is unblocked.
2025-12-14T12:28:27.5642381Z Site container: unioneyes-staging-app terminated during site startup.
2025-12-14T12:28:27.5852101Z Site startup probe failed after 19.8349441 seconds.
2025-12-14T12:28:27.7316913Z Failed to start site. Revert by stopping site.
2025-12-14T12:28:27.7514294Z Site: unioneyes-staging-app stopped.
2025-12-14T12:28:28.6761734Z Site: unioneyes-staging-app will be blocked for 4 minutes till 12/14/2025 12:32:28
2025-12-14T12:32:28.6837156Z Site: unioneyes-staging-app is unblocked.
2025-12-14T12:51:43.2517806Z Site container: unioneyes-staging-app terminated during site startup.
2025-12-14T12:51:43.2780238Z Site startup probe failed after 18.269337 seconds.
2025-12-14T12:51:43.4690821Z Failed to start site. Revert by stopping site.
2025-12-14T12:51:43.4776735Z Site: unioneyes-staging-app stopped.
2025-12-14T12:51:44.2959373Z Site: unioneyes-staging-app will be blocked for 4 minutes till 12/14/2025 12:55:44
2025-12-14T12:55:44.3000446Z Site: unioneyes-staging-app is unblocked.
2025-12-14T13:13:14.6144014Z Site container: unioneyes-staging-app terminated during site startup.
2025-12-14T13:13:14.6406994Z Site startup probe failed after 18.6727333 seconds.
2025-12-14T13:13:14.8382637Z Failed to start site. Revert by stopping site.
2025-12-14T13:13:14.8486783Z Site: unioneyes-staging-app stopped.
2025-12-14T13:13:15.4533886Z Site: unioneyes-staging-app will be blocked for 4 minutes till 12/14/2025 13:17:15
2025-12-14T13:17:15.4623483Z Site: unioneyes-staging-app is unblocked.
2025-12-14T13:29:38.2324018Z Site container: unioneyes-staging-app terminated during site startup.
2025-12-14T13:29:38.2713407Z Site startup probe failed after 19.6099949 seconds.
2025-12-14T13:29:38.4357056Z Failed to start site. Revert by stopping site.
2025-12-14T13:29:38.4527200Z Site: unioneyes-staging-app stopped.
2025-12-14T13:29:39.1984043Z Site: unioneyes-staging-app will be blocked for 4 minutes till 12/14/2025 13:33:39
2025-12-14T13:33:39.1975597Z Site: unioneyes-staging-app is unblocked.
2025-12-14T13:41:39.8738471Z Site container: unioneyes-staging-app terminated during site startup.
2025-12-14T13:41:39.9009982Z Site startup probe failed after 17.6978048 seconds.
2025-12-14T13:41:40.0344173Z Failed to start site. Revert by stopping site.
2025-12-14T13:41:40.0369280Z Site: unioneyes-staging-app stopped.
2025-12-14T13:41:40.6157069Z Site: unioneyes-staging-app will be blocked for 4 minutes till 12/14/2025 13:45:40
2025-12-14T13:45:40.6091913Z Site: unioneyes-staging-app is unblocked.
2025-12-14T13:50:35.9826385Z Site container: unioneyes-staging-app terminated during site startup.
2025-12-14T13:50:35.9984604Z Site startup probe failed after 18.3197992 seconds.
2025-12-14T13:50:36.2668625Z Failed to start site. Revert by stopping site.
2025-12-14T13:50:36.2688527Z Site: unioneyes-staging-app stopped.
2025-12-14T13:50:37.1716143Z Site: unioneyes-staging-app will be blocked for 4 minutes till 12/14/2025 13:54:37
2025-12-14T13:54:37.9182806Z Site: unioneyes-staging-app is unblocked.
2025-12-14T14:06:36.8111688Z Site container: unioneyes-staging-app terminated during site startup.
2025-12-14T14:06:36.8217377Z Site startup probe failed after 18.6730843 seconds.
2025-12-14T14:06:36.9893969Z Failed to start site. Revert by stopping site.
2025-12-14T14:06:36.9981158Z Site: unioneyes-staging-app stopped.
2025-12-14T14:06:37.8561409Z Site: unioneyes-staging-app will be blocked for 4 minutes till 12/14/2025 14:10:37
2025-12-14T14:10:37.8463781Z Site: unioneyes-staging-app is unblocked.
2025-12-14T14:24:52.8697546Z Site container: unioneyes-staging-app terminated during site startup.
2025-12-14T14:24:52.9000010Z Site startup probe failed after 29.2503747 seconds.
2025-12-14T14:24:53.0914220Z Failed to start site. Revert by stopping site.
2025-12-14T14:24:53.0926005Z Site: unioneyes-staging-app stopped.
2025-12-14T14:24:54.4277497Z Site: unioneyes-staging-app will be blocked for 4 minutes till 12/14/2025 14:28:54
2025-12-14T14:28:54.4217473Z Site: unioneyes-staging-app is unblocked.
2025-12-14T14:37:05.3306722Z Site container: unioneyes-staging-app terminated during site startup.
2025-12-14T14:37:05.3604428Z Site startup probe failed after 18.4929516 seconds.
2025-12-14T14:37:05.5157347Z Failed to start site. Revert by stopping site.
2025-12-14T14:37:05.5351781Z Site: unioneyes-staging-app stopped.
2025-12-14T14:37:06.5355843Z Site: unioneyes-staging-app will be blocked for 4 minutes till 12/14/2025 14:41:06
2025-12-14T14:41:06.5376179Z Site: unioneyes-staging-app is unblocked.
2025-12-14T14:49:26.5371087Z Site container: unioneyes-staging-app terminated during site startup.
2025-12-14T14:49:26.5498870Z Site startup probe failed after 25.0828039 seconds.
2025-12-14T14:49:26.7341420Z Failed to start site. Revert by stopping site.
2025-12-14T14:49:26.7433191Z Site: unioneyes-staging-app stopped.
2025-12-14T14:49:27.8017106Z Site: unioneyes-staging-app will be blocked for 4 minutes till 12/14/2025 14:53:27
2025-12-14T14:53:27.8069849Z Site: unioneyes-staging-app is unblocked.
2025-12-14T15:06:55.5328880Z Site container: unioneyes-staging-app terminated during site startup.
2025-12-14T15:06:55.5936031Z Site startup probe failed after 17.6693505 seconds.
2025-12-14T15:06:55.8045966Z Failed to start site. Revert by stopping site.
2025-12-14T15:06:55.8137601Z Site: unioneyes-staging-app stopped.
2025-12-14T15:06:56.6321538Z Site: unioneyes-staging-app will be blocked for 4 minutes till 12/14/2025 15:10:56
2025-12-14T15:10:56.6346351Z Site: unioneyes-staging-app is unblocked.
2025-12-14T15:25:02.8090321Z Site container: unioneyes-staging-app terminated during site startup.
2025-12-14T15:25:02.9029703Z Site startup probe failed after 28.8665694 seconds.
2025-12-14T15:25:03.2887937Z Failed to start site. Revert by stopping site.
2025-12-14T15:25:03.2970127Z Site: unioneyes-staging-app stopped.
2025-12-14T15:25:04.0285863Z Site: unioneyes-staging-app will be blocked for 4 minutes till 12/14/2025 15:29:04
2025-12-14T15:29:04.0302088Z Site: unioneyes-staging-app is unblocked.
2025-12-14T15:36:07.3903306Z Site container: unioneyes-staging-app terminated during site startup.
2025-12-14T15:36:07.4007201Z Site startup probe failed after 20.7483796 seconds.
2025-12-14T15:36:07.5550466Z Failed to start site. Revert by stopping site.
2025-12-14T15:36:07.5722407Z Site: unioneyes-staging-app stopped.
2025-12-14T15:36:08.2474836Z Site: unioneyes-staging-app will be blocked for 4 minutes till 12/14/2025 15:40:08
2025-12-14T15:40:08.2497917Z Site: unioneyes-staging-app is unblocked.
2025-12-14T15:49:34.4322222Z Site container: unioneyes-staging-app terminated during site startup.
2025-12-14T15:49:34.4398679Z Site startup probe failed after 27.5450249 seconds.
2025-12-14T15:49:34.7662442Z Failed to start site. Revert by stopping site.
2025-12-14T15:49:34.7820494Z Site: unioneyes-staging-app stopped.
2025-12-14T15:49:35.6218967Z Site: unioneyes-staging-app will be blocked for 4 minutes till 12/14/2025 15:53:35
2025-12-14T15:53:35.6237456Z Site: unioneyes-staging-app is unblocked.
2025-12-14T16:08:01.2868072Z Site container: unioneyes-staging-app terminated during site startup.
2025-12-14T16:08:01.3918740Z Site startup probe failed after 16.0984953 seconds.
2025-12-14T16:08:01.7392238Z Failed to start site. Revert by stopping site.
2025-12-14T16:08:01.7428531Z Site: unioneyes-staging-app stopped.
2025-12-14T16:08:02.7710651Z Site: unioneyes-staging-app will be blocked for 4 minutes till 12/14/2025 16:12:02
2025-12-14T16:12:02.7735967Z Site: unioneyes-staging-app is unblocked.
2025-12-14T16:25:49.1777485Z Site container: unioneyes-staging-app terminated during site startup.
2025-12-14T16:25:49.2067185Z Site startup probe failed after 18.9504338 seconds.
2025-12-14T16:25:49.4203491Z Failed to start site. Revert by stopping site.
2025-12-14T16:25:49.4291473Z Site: unioneyes-staging-app stopped.
2025-12-14T16:25:50.1894858Z Site: unioneyes-staging-app will be blocked for 4 minutes till 12/14/2025 16:29:50
2025-12-14T16:29:50.1915994Z Site: unioneyes-staging-app is unblocked.
2025-12-14T16:40:22.7970744Z Site container: unioneyes-staging-app terminated during site startup.
2025-12-14T16:40:22.8363131Z Site startup probe failed after 20.2334169 seconds.
2025-12-14T16:40:22.9898773Z Failed to start site. Revert by stopping site.
2025-12-14T16:40:22.9987822Z Site: unioneyes-staging-app stopped.
2025-12-14T16:40:23.7624446Z Site: unioneyes-staging-app will be blocked for 4 minutes till 12/14/2025 16:44:23
2025-12-14T16:44:23.7624666Z Site: unioneyes-staging-app is unblocked.
2025-12-14T16:51:15.5225917Z Site container: unioneyes-staging-app terminated during site startup.
2025-12-14T16:51:15.5303767Z Site startup probe failed after 19.5328302 seconds.
2025-12-14T16:51:15.6680172Z Failed to start site. Revert by stopping site.
2025-12-14T16:51:15.6849941Z Site: unioneyes-staging-app stopped.
2025-12-14T16:51:16.2335610Z Site: unioneyes-staging-app will be blocked for 4 minutes till 12/14/2025 16:55:16
2025-12-14T16:55:16.2329723Z Site: unioneyes-staging-app is unblocked.
2025-12-14T17:06:38.3975668Z Site container: unioneyes-staging-app terminated during site startup.
2025-12-14T17:06:38.4196942Z Site startup probe failed after 18.4794586 seconds.
2025-12-14T17:06:38.5902351Z Failed to start site. Revert by stopping site.
2025-12-14T17:06:38.5997064Z Site: unioneyes-staging-app stopped.
2025-12-14T17:06:39.1833608Z Site: unioneyes-staging-app will be blocked for 4 minutes till 12/14/2025 17:10:39
2025-12-14T17:10:39.1495066Z Site: unioneyes-staging-app is unblocked.
2025-12-14T17:24:35.0624129Z Site container: unioneyes-staging-app terminated during site startup.
2025-12-14T17:24:35.1012672Z Site startup probe failed after 33.5996057 seconds.
2025-12-14T17:24:35.3616451Z Failed to start site. Revert by stopping site.
2025-12-14T17:24:35.3730983Z Site: unioneyes-staging-app stopped.
2025-12-14T17:24:36.2587498Z Site: unioneyes-staging-app will be blocked for 4 minutes till 12/14/2025 17:28:36
2025-12-14T17:28:36.2632976Z Site: unioneyes-staging-app is unblocked.
2025-12-14T17:36:24.8032109Z Site container: unioneyes-staging-app terminated during site startup.
2025-12-14T17:36:24.8148464Z Site startup probe failed after 19.3472685 seconds.
2025-12-14T17:36:25.0052389Z Failed to start site. Revert by stopping site.
2025-12-14T17:36:25.0083188Z Site: unioneyes-staging-app stopped.
2025-12-14T17:36:25.5903626Z Site: unioneyes-staging-app will be blocked for 4 minutes till 12/14/2025 17:40:25
2025-12-14T17:40:25.5929452Z Site: unioneyes-staging-app is unblocked.
2025-12-14T17:49:01.7993638Z Site container: unioneyes-staging-app terminated during site startup.
2025-12-14T17:49:01.8133709Z Site startup probe failed after 16.5759744 seconds.
2025-12-14T17:49:01.9958376Z Failed to start site. Revert by stopping site.
2025-12-14T17:49:02.0154784Z Site: unioneyes-staging-app stopped.
2025-12-14T17:49:02.9629362Z Site: unioneyes-staging-app will be blocked for 4 minutes till 12/14/2025 17:53:02
2025-12-14T17:53:02.9633038Z Site: unioneyes-staging-app is unblocked.
2025-12-14T18:09:51.2440764Z Site container: unioneyes-staging-app terminated during site startup.
2025-12-14T18:09:51.2849064Z Site startup probe failed after 17.7857564 seconds.
2025-12-14T18:09:51.4800291Z Failed to start site. Revert by stopping site.
2025-12-14T18:09:51.4833118Z Site: unioneyes-staging-app stopped.
2025-12-14T18:09:52.2598586Z Site: unioneyes-staging-app will be blocked for 4 minutes till 12/14/2025 18:13:52
2025-12-14T18:13:52.2649004Z Site: unioneyes-staging-app is unblocked.
2025-12-14T18:26:29.7497206Z Site container: unioneyes-staging-app terminated during site startup.
2025-12-14T18:26:29.7680208Z Site startup probe failed after 20.3951797 seconds.
2025-12-14T18:26:29.9692678Z Failed to start site. Revert by stopping site.
2025-12-14T18:26:29.9728360Z Site: unioneyes-staging-app stopped.
2025-12-14T18:26:30.5128584Z Site: unioneyes-staging-app will be blocked for 4 minutes till 12/14/2025 18:30:30
2025-12-14T18:30:30.5130531Z Site: unioneyes-staging-app is unblocked.
2025-12-14T18:42:58.9028722Z Site container: unioneyes-staging-app terminated during site startup.
2025-12-14T18:42:58.9220420Z Site startup probe failed after 19.3208533 seconds.
2025-12-14T18:42:59.2727622Z Failed to start site. Revert by stopping site.
2025-12-14T18:42:59.4665844Z Site: unioneyes-staging-app stopped.
2025-12-14T18:43:00.3326156Z Site: unioneyes-staging-app will be blocked for 4 minutes till 12/14/2025 18:47:00
2025-12-14T18:47:00.3242937Z Site: unioneyes-staging-app is unblocked.
2025-12-14T18:53:31.0286265Z Site container: unioneyes-staging-app terminated during site startup.
2025-12-14T18:53:31.0484112Z Site startup probe failed after 17.3116519 seconds.
2025-12-14T18:53:31.2153132Z Failed to start site. Revert by stopping site.
2025-12-14T18:53:31.2261393Z Site: unioneyes-staging-app stopped.
2025-12-14T18:53:31.9526543Z Site: unioneyes-staging-app will be blocked for 4 minutes till 12/14/2025 18:57:31
2025-12-14T18:57:31.9534799Z Site: unioneyes-staging-app is unblocked.
2025-12-14T19:05:56.7980744Z Site container: unioneyes-staging-app terminated during site startup.
2025-12-14T19:05:56.8076553Z Site startup probe failed after 19.4813659 seconds.
2025-12-14T19:05:56.9717627Z Failed to start site. Revert by stopping site.
2025-12-14T19:05:56.9797092Z Site: unioneyes-staging-app stopped.
2025-12-14T19:05:57.5573597Z Site: unioneyes-staging-app will be blocked for 4 minutes till 12/14/2025 19:09:57
2025-12-14T19:09:57.5581005Z Site: unioneyes-staging-app is unblocked.
2025-12-14T19:23:25.0982958Z Site container: unioneyes-staging-app terminated during site startup.
2025-12-14T19:23:25.1290886Z Site startup probe failed after 19.4773744 seconds.
2025-12-14T19:23:25.3058056Z Failed to start site. Revert by stopping site.
2025-12-14T19:23:25.3153487Z Site: unioneyes-staging-app stopped.
2025-12-14T19:23:25.9770966Z Site: unioneyes-staging-app will be blocked for 4 minutes till 12/14/2025 19:27:25
2025-12-14T19:27:25.9399681Z Site: unioneyes-staging-app is unblocked.
2025-12-14T19:34:54.4123530Z Site container: unioneyes-staging-app terminated during site startup.
2025-12-14T19:34:54.4373007Z Site startup probe failed after 17.8527298 seconds.
2025-12-14T19:34:54.6404918Z Failed to start site. Revert by stopping site.
2025-12-14T19:34:54.6539057Z Site: unioneyes-staging-app stopped.
2025-12-14T19:34:55.5885766Z Site: unioneyes-staging-app will be blocked for 4 minutes till 12/14/2025 19:38:55
2025-12-14T19:38:55.5926557Z Site: unioneyes-staging-app is unblocked.
2025-12-14T19:49:35.4198688Z Site container: unioneyes-staging-app terminated during site startup.
2025-12-14T19:49:35.4458802Z Site startup probe failed after 27.1836223 seconds.
2025-12-14T19:49:35.7159752Z Failed to start site. Revert by stopping site.
2025-12-14T19:49:35.7330551Z Site: unioneyes-staging-app stopped.
2025-12-14T19:49:36.4368641Z Site: unioneyes-staging-app will be blocked for 4 minutes till 12/14/2025 19:53:36
2025-12-14T19:53:37.2504899Z Site: unioneyes-staging-app is unblocked.
2025-12-14T20:07:46.4490230Z Site container: unioneyes-staging-app terminated during site startup.
2025-12-14T20:07:46.5203428Z Site startup probe failed after 27.210396 seconds.
2025-12-14T20:07:46.8107636Z Failed to start site. Revert by stopping site.
2025-12-14T20:07:46.8213132Z Site: unioneyes-staging-app stopped.
2025-12-14T20:07:47.7472862Z Site: unioneyes-staging-app will be blocked for 4 minutes till 12/14/2025 20:11:47
2025-12-14T20:11:47.7458994Z Site: unioneyes-staging-app is unblocked.
2025-12-14T20:25:31.2171625Z Site container: unioneyes-staging-app terminated during site startup.
2025-12-14T20:25:31.2437932Z Site startup probe failed after 23.8057813 seconds.
2025-12-14T20:25:31.3931749Z Failed to start site. Revert by stopping site.
2025-12-14T20:25:31.4092495Z Site: unioneyes-staging-app stopped.
2025-12-14T20:25:32.1412976Z Site: unioneyes-staging-app will be blocked for 4 minutes till 12/14/2025 20:29:32
2025-12-14T20:29:32.1485767Z Site: unioneyes-staging-app is unblocked.
2025-12-14T20:38:06.2097856Z Site container: unioneyes-staging-app terminated during site startup.
2025-12-14T20:38:06.2280287Z Site startup probe failed after 22.4802518 seconds.
2025-12-14T20:38:06.7147636Z Failed to start site. Revert by stopping site.
2025-12-14T20:38:06.7233448Z Site: unioneyes-staging-app stopped.
2025-12-14T20:38:07.5561620Z Site: unioneyes-staging-app will be blocked for 4 minutes till 12/14/2025 20:42:07
2025-12-14T20:42:07.5577546Z Site: unioneyes-staging-app is unblocked.
2025-12-14T20:50:02.8541185Z Site container: unioneyes-staging-app terminated during site startup.
2025-12-14T20:50:02.9020136Z Site startup probe failed after 18.4155652 seconds.
2025-12-14T20:50:03.2492465Z Failed to start site. Revert by stopping site.
2025-12-14T20:50:03.2684609Z Site: unioneyes-staging-app stopped.
2025-12-14T20:50:04.2708057Z Site: unioneyes-staging-app will be blocked for 4 minutes till 12/14/2025 20:54:04
2025-12-14T20:54:04.3196652Z Site: unioneyes-staging-app is unblocked.
2025-12-14T21:06:45.8481578Z Site container: unioneyes-staging-app terminated during site startup.
2025-12-14T21:06:45.9031816Z Site startup probe failed after 18.066288 seconds.
2025-12-14T21:06:46.1077452Z Failed to start site. Revert by stopping site.
2025-12-14T21:06:46.1336917Z Site: unioneyes-staging-app stopped.
2025-12-14T21:06:46.8745677Z Site: unioneyes-staging-app will be blocked for 4 minutes till 12/14/2025 21:10:46
2025-12-14T21:10:46.8800127Z Site: unioneyes-staging-app is unblocked.
2025-12-14T21:25:16.3347738Z Site container: unioneyes-staging-app terminated during site startup.
2025-12-14T21:25:16.4143595Z Site startup probe failed after 31.552311 seconds.
2025-12-14T21:25:16.7495942Z Failed to start site. Revert by stopping site.
2025-12-14T21:25:16.7703383Z Site: unioneyes-staging-app stopped.
2025-12-14T21:25:17.5793747Z Site: unioneyes-staging-app will be blocked for 4 minutes till 12/14/2025 21:29:17
2025-12-14T21:29:17.5825403Z Site: unioneyes-staging-app is unblocked.
2025-12-14T21:35:40.8619547Z Site container: unioneyes-staging-app terminated during site startup.
2025-12-14T21:35:40.8910047Z Site startup probe failed after 19.2988257 seconds.
2025-12-14T21:35:41.0552664Z Failed to start site. Revert by stopping site.
2025-12-14T21:35:41.0654126Z Site: unioneyes-staging-app stopped.
2025-12-14T21:35:41.7498961Z Site: unioneyes-staging-app will be blocked for 4 minutes till 12/14/2025 21:39:41
2025-12-14T21:39:41.7530779Z Site: unioneyes-staging-app is unblocked.
2025-12-14T21:49:19.3099411Z Site container: unioneyes-staging-app terminated during site startup.
2025-12-14T21:49:19.3284601Z Site startup probe failed after 22.6753967 seconds.
2025-12-14T21:49:19.4749963Z Failed to start site. Revert by stopping site.
2025-12-14T21:49:19.4760969Z Site: unioneyes-staging-app stopped.
2025-12-14T21:49:20.2350628Z Site: unioneyes-staging-app will be blocked for 4 minutes till 12/14/2025 21:53:20
2025-12-14T21:53:20.2395348Z Site: unioneyes-staging-app is unblocked.
2025-12-14T22:06:47.5924581Z Site container: unioneyes-staging-app terminated during site startup.
2025-12-14T22:06:47.6206939Z Site startup probe failed after 17.7864583 seconds.
2025-12-14T22:06:47.7852678Z Failed to start site. Revert by stopping site.
2025-12-14T22:06:47.8019079Z Site: unioneyes-staging-app stopped.
2025-12-14T22:06:48.3650818Z Site: unioneyes-staging-app will be blocked for 4 minutes till 12/14/2025 22:10:48
2025-12-14T22:10:48.3653906Z Site: unioneyes-staging-app is unblocked.
2025-12-14T22:24:59.7907485Z Site container: unioneyes-staging-app terminated during site startup.
2025-12-14T22:24:59.8485768Z Site startup probe failed after 31.29857 seconds.
2025-12-14T22:25:00.0856513Z Failed to start site. Revert by stopping site.
2025-12-14T22:25:00.0954870Z Site: unioneyes-staging-app stopped.
2025-12-14T22:25:00.9846789Z Site: unioneyes-staging-app will be blocked for 4 minutes till 12/14/2025 22:29:00
2025-12-14T22:29:00.9777956Z Site: unioneyes-staging-app is unblocked.
2025-12-14T22:37:20.8037720Z Site container: unioneyes-staging-app terminated during site startup.
2025-12-14T22:37:20.8526572Z Site startup probe failed after 27.9057393 seconds.
2025-12-14T22:37:21.3535191Z Failed to start site. Revert by stopping site.
2025-12-14T22:37:21.3819616Z Site: unioneyes-staging-app stopped.
2025-12-14T22:37:23.0855288Z Site: unioneyes-staging-app will be blocked for 4 minutes till 12/14/2025 22:41:23
2025-12-14T22:41:23.0855701Z Site: unioneyes-staging-app is unblocked.
2025-12-14T22:49:37.0052080Z Site container: unioneyes-staging-app terminated during site startup.
2025-12-14T22:49:37.0140049Z Site startup probe failed after 17.9451587 seconds.
2025-12-14T22:49:37.3180539Z Failed to start site. Revert by stopping site.
2025-12-14T22:49:37.3188677Z Site: unioneyes-staging-app stopped.
2025-12-14T22:49:37.9969003Z Site: unioneyes-staging-app will be blocked for 4 minutes till 12/14/2025 22:53:37
2025-12-14T22:53:37.9968517Z Site: unioneyes-staging-app is unblocked.
2025-12-14T23:06:54.8349115Z Site container: unioneyes-staging-app terminated during site startup.
2025-12-14T23:06:54.8568811Z Site startup probe failed after 17.354 seconds.
2025-12-14T23:06:55.0306647Z Failed to start site. Revert by stopping site.
2025-12-14T23:06:55.0397672Z Site: unioneyes-staging-app stopped.
2025-12-14T23:06:55.7306217Z Site: unioneyes-staging-app will be blocked for 4 minutes till 12/14/2025 23:10:55
2025-12-14T23:10:55.7278903Z Site: unioneyes-staging-app is unblocked.
2025-12-14T23:25:10.8754462Z Site container: unioneyes-staging-app terminated during site startup.
2025-12-14T23:25:10.9336672Z Site startup probe failed after 29.4413513 seconds.
2025-12-14T23:25:11.2050167Z Failed to start site. Revert by stopping site.
2025-12-14T23:25:11.2153067Z Site: unioneyes-staging-app stopped.
2025-12-14T23:25:12.0609846Z Site: unioneyes-staging-app will be blocked for 4 minutes till 12/14/2025 23:29:12
2025-12-14T23:29:12.0563179Z Site: unioneyes-staging-app is unblocked.
2025-12-14T23:35:40.7791525Z Site container: unioneyes-staging-app terminated during site startup.
2025-12-14T23:35:40.7962559Z Site startup probe failed after 18.3474518 seconds.
2025-12-14T23:35:40.9857038Z Failed to start site. Revert by stopping site.
2025-12-14T23:35:41.0041832Z Site: unioneyes-staging-app stopped.
2025-12-14T23:35:41.7555503Z Site: unioneyes-staging-app will be blocked for 4 minutes till 12/14/2025 23:39:41
2025-12-14T23:39:41.7568488Z Site: unioneyes-staging-app is unblocked.
2025-12-14T23:49:33.0962426Z Site container: unioneyes-staging-app terminated during site startup.
2025-12-14T23:49:33.1138178Z Site startup probe failed after 26.1423163 seconds.
2025-12-14T23:49:33.2524730Z Failed to start site. Revert by stopping site.
2025-12-14T23:49:33.2711869Z Site: unioneyes-staging-app stopped.
