2025-12-10T23:48:54.9350490Z Site: unioneyes-staging-app will be blocked for 4 minutes till 12/10/2025 23:52:54
2025-12-10T23:52:54.9333220Z Site: unioneyes-staging-app is unblocked.
2025-12-11T00:22:59.1613755Z Site container: unioneyes-staging-app terminated during site startup.
2025-12-11T00:22:59.1980065Z Site startup probe failed after 17.5767665 seconds.
2025-12-11T00:22:59.3943179Z Failed to start site. Revert by stopping site.
2025-12-11T00:22:59.4225990Z Site: unioneyes-staging-app stopped.
2025-12-11T00:23:00.1545447Z Site: unioneyes-staging-app will be blocked for 4 minutes till 12/11/2025 00:27:00
2025-12-11T00:27:00.1596608Z Site: unioneyes-staging-app is unblocked.
2025-12-11T00:30:32.6912273Z Site container: unioneyes-staging-app terminated during site startup.
2025-12-11T00:30:32.7235551Z Site startup probe failed after 18.1147467 seconds.
2025-12-11T00:30:32.9152372Z Failed to start site. Revert by stopping site.
2025-12-11T00:30:32.9246221Z Site: unioneyes-staging-app stopped.
2025-12-11T00:30:33.4522497Z Site: unioneyes-staging-app will be blocked for 4 minutes till 12/11/2025 00:34:33
2025-12-11T00:34:33.4535357Z Site: unioneyes-staging-app is unblocked.
2025-12-11T01:03:01.3779491Z Site container: unioneyes-staging-app terminated during site startup.
2025-12-11T01:03:01.4271492Z Site startup probe failed after 17.8375005 seconds.
2025-12-11T01:03:01.7867266Z Failed to start site. Revert by stopping site.
2025-12-11T01:03:01.8032667Z Site: unioneyes-staging-app stopped.
2025-12-11T01:03:02.5449674Z Site: unioneyes-staging-app will be blocked for 4 minutes till 12/11/2025 01:07:02
2025-12-11T01:07:02.5465213Z Site: unioneyes-staging-app is unblocked.
2025-12-11T01:12:31.5773413Z Site container: unioneyes-staging-app terminated during site startup.
2025-12-11T01:12:31.6464194Z Site startup probe failed after 34.9899615 seconds.
2025-12-11T01:12:32.7590813Z Failed to start site. Revert by stopping site.
2025-12-11T01:12:32.7694487Z Site: unioneyes-staging-app stopped.
2025-12-11T01:12:33.6938194Z Site: unioneyes-staging-app will be blocked for 4 minutes till 12/11/2025 01:16:33
2025-12-11T01:16:33.7002609Z Site: unioneyes-staging-app is unblocked.
2025-12-11T01:43:03.6308727Z Site container: unioneyes-staging-app terminated during site startup.
2025-12-11T01:43:03.6605483Z Site startup probe failed after 17.9824042 seconds.
2025-12-11T01:43:03.8907979Z Failed to start site. Revert by stopping site.
2025-12-11T01:43:03.9032303Z Site: unioneyes-staging-app stopped.
2025-12-11T01:43:04.6471773Z Site: unioneyes-staging-app will be blocked for 4 minutes till 12/11/2025 01:47:04
2025-12-11T01:47:04.6528027Z Site: unioneyes-staging-app is unblocked.
2025-12-11T01:58:00.4404002Z Site container: unioneyes-staging-app terminated during site startup.
2025-12-11T01:58:00.4663827Z Site startup probe failed after 17.9229622 seconds.
2025-12-11T01:58:00.6999099Z Failed to start site. Revert by stopping site.
2025-12-11T01:58:00.7032892Z Site: unioneyes-staging-app stopped.
2025-12-11T01:58:01.4984399Z Site: unioneyes-staging-app will be blocked for 4 minutes till 12/11/2025 02:02:01
2025-12-11T02:02:01.4970065Z Site: unioneyes-staging-app is unblocked.
2025-12-11T02:33:07.6186651Z Site container: unioneyes-staging-app terminated during site startup.
2025-12-11T02:33:07.6777759Z Site startup probe failed after 17.0530165 seconds.
2025-12-11T02:33:07.8519052Z Failed to start site. Revert by stopping site.
2025-12-11T02:33:07.8781267Z Site: unioneyes-staging-app stopped.
2025-12-11T02:33:08.6943474Z Site: unioneyes-staging-app will be blocked for 4 minutes till 12/11/2025 02:37:08
2025-12-11T02:37:08.6891846Z Site: unioneyes-staging-app is unblocked.
2025-12-11T02:44:55.1975287Z Site container: unioneyes-staging-app terminated during site startup.
2025-12-11T02:44:55.2175104Z Site startup probe failed after 17.505888 seconds.
2025-12-11T02:44:55.3747387Z Failed to start site. Revert by stopping site.
2025-12-11T02:44:55.3826699Z Site: unioneyes-staging-app stopped.
2025-12-11T02:44:55.9088086Z Site: unioneyes-staging-app will be blocked for 4 minutes till 12/11/2025 02:48:55
2025-12-11T02:48:56.6122712Z Site: unioneyes-staging-app is unblocked.
2025-12-11T03:18:12.9599835Z Site container: unioneyes-staging-app terminated during site startup.
2025-12-11T03:18:12.9788276Z Site startup probe failed after 20.8928341 seconds.
2025-12-11T03:18:13.2516700Z Failed to start site. Revert by stopping site.
2025-12-11T03:18:13.2625855Z Site: unioneyes-staging-app stopped.
2025-12-11T03:18:13.9559129Z Site: unioneyes-staging-app will be blocked for 4 minutes till 12/11/2025 03:22:13
2025-12-11T03:18:49.6171894Z Start site prohibitted because the site is being blocked.
2025-12-11T03:22:13.9616700Z Site: unioneyes-staging-app is unblocked.
2025-12-11T03:51:13.0118459Z Site container: unioneyes-staging-app terminated during site startup.
2025-12-11T03:51:13.0413323Z Site startup probe failed after 19.091025 seconds.
2025-12-11T03:51:13.2268791Z Failed to start site. Revert by stopping site.
2025-12-11T03:51:13.2540305Z Site: unioneyes-staging-app stopped.
2025-12-11T03:51:14.1000645Z Site: unioneyes-staging-app will be blocked for 4 minutes till 12/11/2025 03:55:14
2025-12-11T03:55:14.0889035Z Site: unioneyes-staging-app is unblocked.
2025-12-11T04:17:48.0778991Z Site container: unioneyes-staging-app terminated during site startup.
2025-12-11T04:17:48.1144413Z Site startup probe failed after 29.6320747 seconds.
2025-12-11T04:17:48.4073476Z Failed to start site. Revert by stopping site.
2025-12-11T04:17:48.4230070Z Site: unioneyes-staging-app stopped.
2025-12-11T04:17:49.2606850Z Site: unioneyes-staging-app will be blocked for 4 minutes till 12/11/2025 04:21:49
2025-12-11T04:21:49.2628489Z Site: unioneyes-staging-app is unblocked.
2025-12-11T04:45:09.4348731Z Site container: unioneyes-staging-app terminated during site startup.
2025-12-11T04:45:09.4788618Z Site startup probe failed after 17.6242736 seconds.
2025-12-11T04:45:09.6357482Z Failed to start site. Revert by stopping site.
2025-12-11T04:45:09.6467146Z Site: unioneyes-staging-app stopped.
2025-12-11T04:45:10.5114867Z Site: unioneyes-staging-app will be blocked for 4 minutes till 12/11/2025 04:49:10
2025-12-11T04:49:10.5186059Z Site: unioneyes-staging-app is unblocked.
2025-12-11T04:58:37.8914101Z Site container: unioneyes-staging-app terminated during site startup.
2025-12-11T04:58:37.9177555Z Site startup probe failed after 17.7195579 seconds.
2025-12-11T04:58:38.0651719Z Failed to start site. Revert by stopping site.
2025-12-11T04:58:38.0764195Z Site: unioneyes-staging-app stopped.
2025-12-11T04:58:38.6885794Z Site: unioneyes-staging-app will be blocked for 4 minutes till 12/11/2025 05:02:38
2025-12-11T05:02:38.6894116Z Site: unioneyes-staging-app is unblocked.
2025-12-11T05:11:51.7153222Z Site container: unioneyes-staging-app terminated during site startup.
2025-12-11T05:11:51.7357396Z Site startup probe failed after 16.3330067 seconds.
2025-12-11T05:11:51.8771231Z Failed to start site. Revert by stopping site.
2025-12-11T05:11:51.8977154Z Site: unioneyes-staging-app stopped.
2025-12-11T05:11:52.6417081Z Site: unioneyes-staging-app will be blocked for 4 minutes till 12/11/2025 05:15:52
2025-12-11T05:15:52.6436303Z Site: unioneyes-staging-app is unblocked.
2025-12-11T05:27:43.5105127Z Site container: unioneyes-staging-app terminated during site startup.
2025-12-11T05:27:43.5384971Z Site startup probe failed after 32.2121994 seconds.
2025-12-11T05:27:43.7256936Z Failed to start site. Revert by stopping site.
2025-12-11T05:27:43.7446875Z Site: unioneyes-staging-app stopped.
2025-12-11T05:27:45.1870480Z Site: unioneyes-staging-app will be blocked for 4 minutes till 12/11/2025 05:31:45
2025-12-11T05:31:45.1848660Z Site: unioneyes-staging-app is unblocked.
2025-12-11T05:42:02.7945726Z Site container: unioneyes-staging-app terminated during site startup.
2025-12-11T05:42:02.8215595Z Site startup probe failed after 18.522917 seconds.
2025-12-11T05:42:03.2617799Z Failed to start site. Revert by stopping site.
2025-12-11T05:42:03.2977955Z Site: unioneyes-staging-app stopped.
2025-12-11T05:42:04.6544342Z Site: unioneyes-staging-app will be blocked for 4 minutes till 12/11/2025 05:46:04
2025-12-11T05:46:04.6516964Z Site: unioneyes-staging-app is unblocked.
2025-12-11T05:52:43.5577728Z Site container: unioneyes-staging-app terminated during site startup.
2025-12-11T05:52:43.5805103Z Site startup probe failed after 21.6018009 seconds.
2025-12-11T05:52:43.7276700Z Failed to start site. Revert by stopping site.
2025-12-11T05:52:43.7373351Z Site: unioneyes-staging-app stopped.
2025-12-11T05:52:44.3624722Z Site: unioneyes-staging-app will be blocked for 4 minutes till 12/11/2025 05:56:44
2025-12-11T05:56:44.3660653Z Site: unioneyes-staging-app is unblocked.
2025-12-11T06:11:47.5676076Z Site container: unioneyes-staging-app terminated during site startup.
2025-12-11T06:11:47.5855253Z Site startup probe failed after 17.6680707 seconds.
2025-12-11T06:11:47.7424996Z Failed to start site. Revert by stopping site.
2025-12-11T06:11:47.7586874Z Site: unioneyes-staging-app stopped.
2025-12-11T06:11:48.3572087Z Site: unioneyes-staging-app will be blocked for 4 minutes till 12/11/2025 06:15:48
2025-12-11T06:15:48.3591696Z Site: unioneyes-staging-app is unblocked.
2025-12-11T06:28:45.8838526Z Site container: unioneyes-staging-app terminated during site startup.
2025-12-11T06:28:45.9097631Z Site startup probe failed after 18.2026153 seconds.
2025-12-11T06:28:46.1584562Z Failed to start site. Revert by stopping site.
2025-12-11T06:28:46.1672182Z Site: unioneyes-staging-app stopped.
2025-12-11T06:28:46.8160085Z Site: unioneyes-staging-app will be blocked for 4 minutes till 12/11/2025 06:32:46
2025-12-11T06:32:46.7980049Z Site: unioneyes-staging-app is unblocked.
2025-12-11T06:49:21.1497232Z Site container: unioneyes-staging-app terminated during site startup.
2025-12-11T06:49:21.1685174Z Site startup probe failed after 24.5903351 seconds.
2025-12-11T06:49:21.3377786Z Failed to start site. Revert by stopping site.
2025-12-11T06:49:21.3468927Z Site: unioneyes-staging-app stopped.
2025-12-11T06:49:21.9051080Z Site: unioneyes-staging-app will be blocked for 4 minutes till 12/11/2025 06:53:21
2025-12-11T06:53:21.9077406Z Site: unioneyes-staging-app is unblocked.
2025-12-11T07:10:36.0583473Z Site container: unioneyes-staging-app terminated during site startup.
2025-12-11T07:10:36.0864224Z Site startup probe failed after 18.7435014 seconds.
2025-12-11T07:10:36.2707220Z Failed to start site. Revert by stopping site.
2025-12-11T07:10:36.2721496Z Site: unioneyes-staging-app stopped.
2025-12-11T07:10:36.8092413Z Site: unioneyes-staging-app will be blocked for 4 minutes till 12/11/2025 07:14:36
2025-12-11T07:14:36.8093409Z Site: unioneyes-staging-app is unblocked.
2025-12-11T07:26:06.3179346Z Site container: unioneyes-staging-app terminated during site startup.
2025-12-11T07:26:06.4031266Z Site startup probe failed after 21.0467721 seconds.
2025-12-11T07:26:06.6128807Z Failed to start site. Revert by stopping site.
2025-12-11T07:26:06.6202577Z Site: unioneyes-staging-app stopped.
2025-12-11T07:26:07.4849382Z Site: unioneyes-staging-app will be blocked for 4 minutes till 12/11/2025 07:30:07
2025-12-11T07:30:07.4848147Z Site: unioneyes-staging-app is unblocked.
2025-12-11T07:39:03.2610181Z Site container: unioneyes-staging-app terminated during site startup.
2025-12-11T07:39:03.2710755Z Site startup probe failed after 16.9820934 seconds.
2025-12-11T07:39:03.4517413Z Failed to start site. Revert by stopping site.
2025-12-11T07:39:03.4529794Z Site: unioneyes-staging-app stopped.
2025-12-11T07:39:03.9938098Z Site: unioneyes-staging-app will be blocked for 4 minutes till 12/11/2025 07:43:03
2025-12-11T07:43:04.0126514Z Site: unioneyes-staging-app is unblocked.
2025-12-11T07:49:58.3167067Z Site container: unioneyes-staging-app terminated during site startup.
2025-12-11T07:49:58.3339432Z Site startup probe failed after 16.9300722 seconds.
2025-12-11T07:49:58.5028283Z Failed to start site. Revert by stopping site.
2025-12-11T07:49:58.5216831Z Site: unioneyes-staging-app stopped.
2025-12-11T07:49:59.3430834Z Site: unioneyes-staging-app will be blocked for 4 minutes till 12/11/2025 07:53:59
2025-12-11T07:53:59.3437555Z Site: unioneyes-staging-app is unblocked.
2025-12-11T08:10:58.0029448Z Site container: unioneyes-staging-app terminated during site startup.
2025-12-11T08:10:58.0341387Z Site startup probe failed after 22.1556825 seconds.
2025-12-11T08:10:58.2110158Z Failed to start site. Revert by stopping site.
2025-12-11T08:10:58.2193977Z Site: unioneyes-staging-app stopped.
2025-12-11T08:10:58.8311998Z Site: unioneyes-staging-app will be blocked for 4 minutes till 12/11/2025 08:14:58
2025-12-11T08:14:58.8291398Z Site: unioneyes-staging-app is unblocked.
2025-12-11T08:27:38.8709303Z Site container: unioneyes-staging-app terminated during site startup.
2025-12-11T08:27:38.9464485Z Site startup probe failed after 39.5450771 seconds.
2025-12-11T08:27:39.2783179Z Failed to start site. Revert by stopping site.
2025-12-11T08:27:39.3072582Z Site: unioneyes-staging-app stopped.
2025-12-11T08:27:40.2579357Z Site: unioneyes-staging-app will be blocked for 4 minutes till 12/11/2025 08:31:40
2025-12-11T08:31:40.2591739Z Site: unioneyes-staging-app is unblocked.
2025-12-11T08:45:09.2102349Z Site container: unioneyes-staging-app terminated during site startup.
2025-12-11T08:45:09.2370315Z Site startup probe failed after 18.1565212 seconds.
2025-12-11T08:45:09.4392110Z Failed to start site. Revert by stopping site.
2025-12-11T08:45:09.4412805Z Site: unioneyes-staging-app stopped.
2025-12-11T08:45:10.2203061Z Site: unioneyes-staging-app will be blocked for 4 minutes till 12/11/2025 08:49:10
2025-12-11T08:49:10.2291997Z Site: unioneyes-staging-app is unblocked.
2025-12-11T08:57:47.8044350Z Site container: unioneyes-staging-app terminated during site startup.
2025-12-11T08:57:47.8135129Z Site startup probe failed after 17.7009715 seconds.
2025-12-11T08:57:47.9893471Z Failed to start site. Revert by stopping site.
2025-12-11T08:57:47.9986595Z Site: unioneyes-staging-app stopped.
2025-12-11T08:57:48.6926161Z Site: unioneyes-staging-app will be blocked for 4 minutes till 12/11/2025 09:01:48
2025-12-11T09:01:48.7002419Z Site: unioneyes-staging-app is unblocked.
2025-12-11T09:13:06.7545995Z Site container: unioneyes-staging-app terminated during site startup.
2025-12-11T09:13:06.7731123Z Site startup probe failed after 16.8394904 seconds.
2025-12-11T09:13:06.9094583Z Failed to start site. Revert by stopping site.
2025-12-11T09:13:06.9189004Z Site: unioneyes-staging-app stopped.
2025-12-11T09:13:07.5377016Z Site: unioneyes-staging-app will be blocked for 4 minutes till 12/11/2025 09:17:07
2025-12-11T09:17:07.5310681Z Site: unioneyes-staging-app is unblocked.
2025-12-11T09:29:39.2393288Z Site container: unioneyes-staging-app terminated during site startup.
2025-12-11T09:29:39.2581067Z Site startup probe failed after 18.7975844 seconds.
2025-12-11T09:29:39.4633652Z Failed to start site. Revert by stopping site.
2025-12-11T09:29:39.4737697Z Site: unioneyes-staging-app stopped.
2025-12-11T09:29:40.0951511Z Site: unioneyes-staging-app will be blocked for 4 minutes till 12/11/2025 09:33:40
2025-12-11T09:33:40.7879921Z Site: unioneyes-staging-app is unblocked.
2025-12-11T09:43:27.7998620Z Site container: unioneyes-staging-app terminated during site startup.
2025-12-11T09:43:27.8202673Z Site startup probe failed after 17.6408618 seconds.
2025-12-11T09:43:28.0034422Z Failed to start site. Revert by stopping site.
2025-12-11T09:43:28.0133957Z Site: unioneyes-staging-app stopped.
2025-12-11T09:43:28.7583124Z Site: unioneyes-staging-app will be blocked for 4 minutes till 12/11/2025 09:47:28
2025-12-11T09:47:28.7568556Z Site: unioneyes-staging-app is unblocked.
2025-12-11T09:54:44.8984236Z Site container: unioneyes-staging-app terminated during site startup.
2025-12-11T09:54:44.9369256Z Site startup probe failed after 34.9661893 seconds.
2025-12-11T09:54:45.2275969Z Failed to start site. Revert by stopping site.
2025-12-11T09:54:45.2365615Z Site: unioneyes-staging-app stopped.
2025-12-11T09:54:46.1726084Z Site: unioneyes-staging-app will be blocked for 4 minutes till 12/11/2025 09:58:46
2025-12-11T09:58:46.1734502Z Site: unioneyes-staging-app is unblocked.
2025-12-11T10:08:23.5713596Z Site container: unioneyes-staging-app terminated during site startup.
2025-12-11T10:08:23.5918250Z Site startup probe failed after 19.8798463 seconds.
2025-12-11T10:08:23.7946368Z Failed to start site. Revert by stopping site.
2025-12-11T10:08:23.8042984Z Site: unioneyes-staging-app stopped.
2025-12-11T10:08:24.5941284Z Site: unioneyes-staging-app will be blocked for 4 minutes till 12/11/2025 10:12:24
2025-12-11T10:12:24.5945450Z Site: unioneyes-staging-app is unblocked.
2025-12-11T10:26:13.5784785Z Site container: unioneyes-staging-app terminated during site startup.
2025-12-11T10:26:13.6060945Z Site startup probe failed after 22.7504817 seconds.
2025-12-11T10:26:13.7549841Z Failed to start site. Revert by stopping site.
2025-12-11T10:26:13.7723450Z Site: unioneyes-staging-app stopped.
2025-12-11T10:26:14.3695569Z Site: unioneyes-staging-app will be blocked for 4 minutes till 12/11/2025 10:30:14
2025-12-11T10:30:14.3744110Z Site: unioneyes-staging-app is unblocked.
2025-12-11T10:42:43.8316153Z Site container: unioneyes-staging-app terminated during site startup.
2025-12-11T10:42:44.4895024Z Site startup probe failed after 22.2501621 seconds.
2025-12-11T10:42:44.6721509Z Failed to start site. Revert by stopping site.
2025-12-11T10:42:44.6740900Z Site: unioneyes-staging-app stopped.
2025-12-11T10:42:45.3403421Z Site: unioneyes-staging-app will be blocked for 4 minutes till 12/11/2025 10:46:45
2025-12-11T10:46:45.3421652Z Site: unioneyes-staging-app is unblocked.
2025-12-11T10:54:43.5347297Z Site container: unioneyes-staging-app terminated during site startup.
2025-12-11T10:54:43.5674546Z Site startup probe failed after 32.3002448 seconds.
2025-12-11T10:54:43.8202502Z Failed to start site. Revert by stopping site.
2025-12-11T10:54:43.8206666Z Site: unioneyes-staging-app stopped.
2025-12-11T10:54:44.6298902Z Site: unioneyes-staging-app will be blocked for 4 minutes till 12/11/2025 10:58:44
2025-12-11T10:58:44.6288315Z Site: unioneyes-staging-app is unblocked.
2025-12-11T11:07:47.2287771Z Site container: unioneyes-staging-app terminated during site startup.
2025-12-11T11:07:47.2401054Z Site startup probe failed after 17.5473525 seconds.
2025-12-11T11:07:47.3861807Z Failed to start site. Revert by stopping site.
2025-12-11T11:07:47.4040745Z Site: unioneyes-staging-app stopped.
2025-12-11T11:07:48.1708522Z Site: unioneyes-staging-app will be blocked for 4 minutes till 12/11/2025 11:11:48
2025-12-11T11:11:48.1688300Z Site: unioneyes-staging-app is unblocked.
2025-12-11T11:25:05.1384575Z Site container: unioneyes-staging-app terminated during site startup.
2025-12-11T11:25:05.1774239Z Site startup probe failed after 25.4913794 seconds.
2025-12-11T11:25:05.3527554Z Failed to start site. Revert by stopping site.
2025-12-11T11:25:05.3708612Z Site: unioneyes-staging-app stopped.
2025-12-11T11:25:06.1780716Z Site: unioneyes-staging-app will be blocked for 4 minutes till 12/11/2025 11:29:06
2025-12-11T11:29:06.1835486Z Site: unioneyes-staging-app is unblocked.
2025-12-11T11:36:30.9538527Z Site container: unioneyes-staging-app terminated during site startup.
2025-12-11T11:36:30.9647721Z Site startup probe failed after 16.677381 seconds.
2025-12-11T11:36:31.1313236Z Failed to start site. Revert by stopping site.
2025-12-11T11:36:31.1497568Z Site: unioneyes-staging-app stopped.
2025-12-11T11:36:31.7303016Z Site: unioneyes-staging-app will be blocked for 4 minutes till 12/11/2025 11:40:31
2025-12-11T11:40:31.7299353Z Site: unioneyes-staging-app is unblocked.
2025-12-11T11:49:50.7153544Z Site container: unioneyes-staging-app terminated during site startup.
2025-12-11T11:49:50.7238984Z Site startup probe failed after 19.6135751 seconds.
2025-12-11T11:49:50.9072539Z Failed to start site. Revert by stopping site.
2025-12-11T11:49:50.9164729Z Site: unioneyes-staging-app stopped.
2025-12-11T11:49:51.7030458Z Site: unioneyes-staging-app will be blocked for 4 minutes till 12/11/2025 11:53:51
2025-12-11T11:53:51.7029579Z Site: unioneyes-staging-app is unblocked.
2025-12-11T12:13:05.8757790Z Site container: unioneyes-staging-app terminated during site startup.
2025-12-11T12:13:05.9152442Z Site startup probe failed after 19.1397761 seconds.
2025-12-11T12:13:06.1977915Z Failed to start site. Revert by stopping site.
2025-12-11T12:13:06.2136228Z Site: unioneyes-staging-app stopped.
2025-12-11T12:13:07.2473062Z Site: unioneyes-staging-app will be blocked for 4 minutes till 12/11/2025 12:17:07
2025-12-11T12:17:07.2474091Z Site: unioneyes-staging-app is unblocked.
2025-12-11T12:31:11.4523915Z Site container: unioneyes-staging-app terminated during site startup.
2025-12-11T12:31:11.4726113Z Site startup probe failed after 18.2473191 seconds.
2025-12-11T12:31:11.6259948Z Failed to start site. Revert by stopping site.
2025-12-11T12:31:11.6417428Z Site: unioneyes-staging-app stopped.
2025-12-11T12:31:14.0404774Z Site: unioneyes-staging-app will be blocked for 4 minutes till 12/11/2025 12:35:14
2025-12-11T12:35:14.0431894Z Site: unioneyes-staging-app is unblocked.
2025-12-11T13:03:42.7521245Z Site container: unioneyes-staging-app terminated during site startup.
2025-12-11T13:03:42.7931030Z Site startup probe failed after 18.5418336 seconds.
2025-12-11T13:03:42.9781479Z Failed to start site. Revert by stopping site.
2025-12-11T13:03:42.9810494Z Site: unioneyes-staging-app stopped.
2025-12-11T13:03:43.7906253Z Site: unioneyes-staging-app will be blocked for 4 minutes till 12/11/2025 13:07:43
2025-12-11T13:05:39.3733868Z Start site prohibitted because the site is being blocked.
2025-12-11T13:07:43.7791155Z Site: unioneyes-staging-app is unblocked.
2025-12-11T13:30:11.4243025Z Site container: unioneyes-staging-app terminated during site startup.
2025-12-11T13:30:11.4414931Z Site startup probe failed after 23.6383614 seconds.
2025-12-11T13:30:11.5966399Z Failed to start site. Revert by stopping site.
2025-12-11T13:30:11.6055443Z Site: unioneyes-staging-app stopped.
2025-12-11T13:30:12.9103155Z Site: unioneyes-staging-app will be blocked for 4 minutes till 12/11/2025 13:34:12
2025-12-11T13:34:13.8025724Z Site: unioneyes-staging-app is unblocked.
2025-12-11T13:49:50.0056183Z Site container: unioneyes-staging-app terminated during site startup.
2025-12-11T13:49:50.0067899Z Site startup probe failed after 17.1388264 seconds.
2025-12-11T13:49:50.1731826Z Failed to start site. Revert by stopping site.
2025-12-11T13:49:50.1901136Z Site: unioneyes-staging-app stopped.
2025-12-11T13:49:50.7444575Z Site: unioneyes-staging-app will be blocked for 4 minutes till 12/11/2025 13:53:50
2025-12-11T13:53:50.7465359Z Site: unioneyes-staging-app is unblocked.
2025-12-11T14:08:39.2391024Z Site container: unioneyes-staging-app terminated during site startup.
2025-12-11T14:08:39.2665710Z Site startup probe failed after 18.6450267 seconds.
2025-12-11T14:08:39.4734262Z Failed to start site. Revert by stopping site.
2025-12-11T14:08:39.4824900Z Site: unioneyes-staging-app stopped.
2025-12-11T14:08:40.4218094Z Site: unioneyes-staging-app will be blocked for 4 minutes till 12/11/2025 14:12:40
2025-12-11T14:12:40.4248596Z Site: unioneyes-staging-app is unblocked.
2025-12-11T14:25:47.7079214Z Site container: unioneyes-staging-app terminated during site startup.
2025-12-11T14:25:47.7284773Z Site startup probe failed after 19.2183601 seconds.
2025-12-11T14:25:47.8924327Z Failed to start site. Revert by stopping site.
2025-12-11T14:25:47.9016729Z Site: unioneyes-staging-app stopped.
2025-12-11T14:25:48.8987993Z Site: unioneyes-staging-app will be blocked for 4 minutes till 12/11/2025 14:29:48
2025-12-11T14:29:48.8995661Z Site: unioneyes-staging-app is unblocked.
2025-12-11T14:39:49.1847141Z Site container: unioneyes-staging-app terminated during site startup.
2025-12-11T14:39:49.2012960Z Site startup probe failed after 16.2286213 seconds.
2025-12-11T14:39:49.3371837Z Failed to start site. Revert by stopping site.
2025-12-11T14:39:49.3399145Z Site: unioneyes-staging-app stopped.
2025-12-11T14:39:49.9752719Z Site: unioneyes-staging-app will be blocked for 4 minutes till 12/11/2025 14:43:49
2025-12-11T14:43:49.9769427Z Site: unioneyes-staging-app is unblocked.
2025-12-11T14:51:45.0486010Z Site container: unioneyes-staging-app terminated during site startup.
2025-12-11T14:51:45.0615838Z Site startup probe failed after 18.8498572 seconds.
2025-12-11T14:51:45.2988537Z Failed to start site. Revert by stopping site.
2025-12-11T14:51:45.3005037Z Site: unioneyes-staging-app stopped.
2025-12-11T14:51:45.9533256Z Site: unioneyes-staging-app will be blocked for 4 minutes till 12/11/2025 14:55:45
2025-12-11T14:55:45.9493454Z Site: unioneyes-staging-app is unblocked.
2025-12-11T15:08:32.5032820Z Site container: unioneyes-staging-app terminated during site startup.
2025-12-11T15:08:32.5218023Z Site startup probe failed after 18.118413 seconds.
2025-12-11T15:08:32.6942370Z Failed to start site. Revert by stopping site.
2025-12-11T15:08:32.7118245Z Site: unioneyes-staging-app stopped.
2025-12-11T15:08:33.5044809Z Site: unioneyes-staging-app will be blocked for 4 minutes till 12/11/2025 15:12:33
2025-12-11T15:12:33.5052596Z Site: unioneyes-staging-app is unblocked.
2025-12-11T15:26:14.3417585Z Site container: unioneyes-staging-app terminated during site startup.
2025-12-11T15:26:14.3969299Z Site startup probe failed after 22.0537811 seconds.
2025-12-11T15:26:14.5343640Z Failed to start site. Revert by stopping site.
2025-12-11T15:26:14.5427998Z Site: unioneyes-staging-app stopped.
2025-12-11T15:26:15.3308496Z Site: unioneyes-staging-app will be blocked for 4 minutes till 12/11/2025 15:30:15
2025-12-11T15:30:15.3345534Z Site: unioneyes-staging-app is unblocked.
2025-12-11T15:41:49.5014737Z Site container: unioneyes-staging-app terminated during site startup.
2025-12-11T15:41:49.5268033Z Site startup probe failed after 21.8306289 seconds.
2025-12-11T15:41:49.6925048Z Failed to start site. Revert by stopping site.
2025-12-11T15:41:49.6982880Z Site: unioneyes-staging-app stopped.
2025-12-11T15:41:50.4497333Z Site: unioneyes-staging-app will be blocked for 4 minutes till 12/11/2025 15:45:50
2025-12-11T15:45:50.4292403Z Site: unioneyes-staging-app is unblocked.
2025-12-11T15:53:21.4695822Z Site container: unioneyes-staging-app terminated during site startup.
2025-12-11T15:53:21.4885016Z Site startup probe failed after 16.9818298 seconds.
2025-12-11T15:53:21.6785567Z Failed to start site. Revert by stopping site.
2025-12-11T15:53:21.6877556Z Site: unioneyes-staging-app stopped.
2025-12-11T15:53:22.5993121Z Site: unioneyes-staging-app will be blocked for 4 minutes till 12/11/2025 15:57:22
2025-12-11T15:57:22.6220927Z Site: unioneyes-staging-app is unblocked.
2025-12-11T16:10:01.7703729Z Site container: unioneyes-staging-app terminated during site startup.
2025-12-11T16:10:01.7892740Z Site startup probe failed after 16.3329204 seconds.
2025-12-11T16:10:02.0441930Z Failed to start site. Revert by stopping site.
2025-12-11T16:10:02.0636328Z Site: unioneyes-staging-app stopped.
2025-12-11T16:10:03.2563612Z Site: unioneyes-staging-app will be blocked for 4 minutes till 12/11/2025 16:14:03
2025-12-11T16:14:03.2760070Z Site: unioneyes-staging-app is unblocked.
2025-12-11T16:26:53.1647784Z Site container: unioneyes-staging-app terminated during site startup.
2025-12-11T16:26:53.2238219Z Site startup probe failed after 19.4133112 seconds.
2025-12-11T16:26:53.4081403Z Failed to start site. Revert by stopping site.
2025-12-11T16:26:53.4235456Z Site: unioneyes-staging-app stopped.
2025-12-11T16:26:54.1492868Z Site: unioneyes-staging-app will be blocked for 4 minutes till 12/11/2025 16:30:54
2025-12-11T16:30:54.1545502Z Site: unioneyes-staging-app is unblocked.
2025-12-11T16:47:06.8767917Z Site container: unioneyes-staging-app terminated during site startup.
2025-12-11T16:47:06.8962062Z Site startup probe failed after 20.0808971 seconds.
2025-12-11T16:47:07.0590652Z Failed to start site. Revert by stopping site.
2025-12-11T16:47:07.0618176Z Site: unioneyes-staging-app stopped.
2025-12-11T16:47:07.7700338Z Site: unioneyes-staging-app will be blocked for 4 minutes till 12/11/2025 16:51:07
2025-12-11T16:51:07.7688433Z Site: unioneyes-staging-app is unblocked.
2025-12-11T17:10:59.7927724Z Site container: unioneyes-staging-app terminated during site startup.
2025-12-11T17:10:59.8110960Z Site startup probe failed after 17.8966931 seconds.
2025-12-11T17:11:00.0151076Z Failed to start site. Revert by stopping site.
2025-12-11T17:11:00.0268420Z Site: unioneyes-staging-app stopped.
2025-12-11T17:11:00.7670232Z Site: unioneyes-staging-app will be blocked for 4 minutes till 12/11/2025 17:15:00
2025-12-11T17:15:00.7707317Z Site: unioneyes-staging-app is unblocked.
2025-12-11T17:26:37.4129023Z Site container: unioneyes-staging-app terminated during site startup.
2025-12-11T17:26:37.4601472Z Site startup probe failed after 18.8995411 seconds.
2025-12-11T17:26:37.6578145Z Failed to start site. Revert by stopping site.
2025-12-11T17:26:37.6681329Z Site: unioneyes-staging-app stopped.
2025-12-11T17:26:38.3818233Z Site: unioneyes-staging-app will be blocked for 4 minutes till 12/11/2025 17:30:38
2025-12-11T17:30:38.3848969Z Site: unioneyes-staging-app is unblocked.
2025-12-11T17:44:47.7797475Z Site container: unioneyes-staging-app terminated during site startup.
2025-12-11T17:44:47.7935800Z Site startup probe failed after 17.4222029 seconds.
2025-12-11T17:44:47.9213621Z Failed to start site. Revert by stopping site.
2025-12-11T17:44:47.9308151Z Site: unioneyes-staging-app stopped.
2025-12-11T17:44:48.5327567Z Site: unioneyes-staging-app will be blocked for 4 minutes till 12/11/2025 17:48:48
2025-12-11T17:48:48.5323558Z Site: unioneyes-staging-app is unblocked.
2025-12-11T17:57:43.2798680Z Site container: unioneyes-staging-app terminated during site startup.
2025-12-11T17:57:43.3098602Z Site startup probe failed after 36.2503193 seconds.
2025-12-11T17:57:43.4607773Z Failed to start site. Revert by stopping site.
2025-12-11T17:57:43.4625017Z Site: unioneyes-staging-app stopped.
2025-12-11T17:57:44.4067102Z Site: unioneyes-staging-app will be blocked for 4 minutes till 12/11/2025 18:01:44
2025-12-11T18:01:44.4046071Z Site: unioneyes-staging-app is unblocked.
2025-12-11T18:15:48.7365051Z Site container: unioneyes-staging-app terminated during site startup.
2025-12-11T18:15:48.7466476Z Site startup probe failed after 23.9351408 seconds.
2025-12-11T18:15:48.9378428Z Failed to start site. Revert by stopping site.
2025-12-11T18:15:48.9484586Z Site: unioneyes-staging-app stopped.
2025-12-11T18:15:49.7133387Z Site: unioneyes-staging-app will be blocked for 4 minutes till 12/11/2025 18:19:49
2025-12-11T18:19:49.7129548Z Site: unioneyes-staging-app is unblocked.
2025-12-11T18:45:47.3474456Z Site container: unioneyes-staging-app terminated during site startup.
2025-12-11T18:45:47.3665712Z Site startup probe failed after 19.7850333 seconds.
2025-12-11T18:45:47.5393956Z Failed to start site. Revert by stopping site.
2025-12-11T18:45:47.5421131Z Site: unioneyes-staging-app stopped.
2025-12-11T18:45:49.5044972Z Site: unioneyes-staging-app will be blocked for 4 minutes till 12/11/2025 18:49:49
2025-12-11T18:49:49.5065268Z Site: unioneyes-staging-app is unblocked.
2025-12-11T19:08:15.7615688Z Site container: unioneyes-staging-app terminated during site startup.
2025-12-11T19:08:15.7904944Z Site startup probe failed after 21.1237109 seconds.
2025-12-11T19:08:15.9759042Z Failed to start site. Revert by stopping site.
2025-12-11T19:08:15.9945273Z Site: unioneyes-staging-app stopped.
2025-12-11T19:08:16.9943708Z Site: unioneyes-staging-app will be blocked for 4 minutes till 12/11/2025 19:12:16
2025-12-11T19:12:16.9989098Z Site: unioneyes-staging-app is unblocked.
2025-12-11T19:25:11.7343293Z Site container: unioneyes-staging-app terminated during site startup.
2025-12-11T19:25:11.7776495Z Site startup probe failed after 19.7808976 seconds.
2025-12-11T19:25:12.3840075Z Failed to start site. Revert by stopping site.
2025-12-11T19:25:12.3937384Z Site: unioneyes-staging-app stopped.
2025-12-11T19:25:14.5876142Z Site: unioneyes-staging-app will be blocked for 4 minutes till 12/11/2025 19:29:14
2025-12-11T19:29:14.6020762Z Site: unioneyes-staging-app is unblocked.
2025-12-11T19:36:36.9145064Z Site container: unioneyes-staging-app terminated during site startup.
2025-12-11T19:36:36.9249378Z Site startup probe failed after 18.6078124 seconds.
2025-12-11T19:36:37.0972369Z Failed to start site. Revert by stopping site.
2025-12-11T19:36:37.0988073Z Site: unioneyes-staging-app stopped.
2025-12-11T19:36:37.7590432Z Site: unioneyes-staging-app will be blocked for 4 minutes till 12/11/2025 19:40:37
2025-12-11T19:40:37.7266487Z Site: unioneyes-staging-app is unblocked.
2025-12-11T19:50:00.1993949Z Site container: unioneyes-staging-app terminated during site startup.
2025-12-11T19:50:00.2294665Z Site startup probe failed after 18.3267803 seconds.
2025-12-11T19:50:00.4058208Z Failed to start site. Revert by stopping site.
2025-12-11T19:50:00.4149130Z Site: unioneyes-staging-app stopped.
2025-12-11T19:50:01.1564766Z Site: unioneyes-staging-app will be blocked for 4 minutes till 12/11/2025 19:54:01
2025-12-11T19:54:01.1569976Z Site: unioneyes-staging-app is unblocked.
2025-12-11T20:09:02.0344012Z Site container: unioneyes-staging-app terminated during site startup.
2025-12-11T20:09:02.0611066Z Site startup probe failed after 17.4292397 seconds.
2025-12-11T20:09:02.2289533Z Failed to start site. Revert by stopping site.
2025-12-11T20:09:02.2505169Z Site: unioneyes-staging-app stopped.
2025-12-11T20:09:02.8427147Z Site: unioneyes-staging-app will be blocked for 4 minutes till 12/11/2025 20:13:02
2025-12-11T20:13:02.8422705Z Site: unioneyes-staging-app is unblocked.
2025-12-11T20:25:55.7032543Z Site container: unioneyes-staging-app terminated during site startup.
2025-12-11T20:25:55.7135493Z Site startup probe failed after 19.513106 seconds.
2025-12-11T20:25:55.8780325Z Failed to start site. Revert by stopping site.
2025-12-11T20:25:55.8965462Z Site: unioneyes-staging-app stopped.
2025-12-11T20:25:56.5864499Z Site: unioneyes-staging-app will be blocked for 4 minutes till 12/11/2025 20:29:56
2025-12-11T20:29:56.5894573Z Site: unioneyes-staging-app is unblocked.
2025-12-11T20:38:38.2200281Z Site container: unioneyes-staging-app terminated during site startup.
2025-12-11T20:38:38.2442686Z Site startup probe failed after 18.5185015 seconds.
2025-12-11T20:38:38.4249367Z Failed to start site. Revert by stopping site.
2025-12-11T20:38:38.4356963Z Site: unioneyes-staging-app stopped.
2025-12-11T20:38:39.0364301Z Site: unioneyes-staging-app will be blocked for 4 minutes till 12/11/2025 20:42:39
2025-12-11T20:42:39.0433419Z Site: unioneyes-staging-app is unblocked.
2025-12-11T20:50:10.8093962Z Site container: unioneyes-staging-app terminated during site startup.
2025-12-11T20:50:10.8174370Z Site startup probe failed after 20.9769949 seconds.
2025-12-11T20:50:10.9932108Z Failed to start site. Revert by stopping site.
2025-12-11T20:50:10.9940575Z Site: unioneyes-staging-app stopped.
2025-12-11T20:50:11.5701439Z Site: unioneyes-staging-app will be blocked for 4 minutes till 12/11/2025 20:54:11
2025-12-11T20:54:11.5676456Z Site: unioneyes-staging-app is unblocked.
2025-12-11T21:08:23.1593278Z Site container: unioneyes-staging-app terminated during site startup.
2025-12-11T21:08:23.1863263Z Site startup probe failed after 21.3833956 seconds.
2025-12-11T21:08:23.4427488Z Failed to start site. Revert by stopping site.
2025-12-11T21:08:23.4446867Z Site: unioneyes-staging-app stopped.
2025-12-11T21:08:24.4000468Z Site: unioneyes-staging-app will be blocked for 4 minutes till 12/11/2025 21:12:24
2025-12-11T21:12:24.4094316Z Site: unioneyes-staging-app is unblocked.
2025-12-11T21:27:48.6535764Z Site container: unioneyes-staging-app terminated during site startup.
2025-12-11T21:27:48.6747317Z Site startup probe failed after 30.9924027 seconds.
2025-12-11T21:27:48.8684502Z Failed to start site. Revert by stopping site.
2025-12-11T21:27:48.8793436Z Site: unioneyes-staging-app stopped.
2025-12-11T21:27:49.6206967Z Site: unioneyes-staging-app will be blocked for 4 minutes till 12/11/2025 21:31:49
2025-12-11T21:31:49.6257615Z Site: unioneyes-staging-app is unblocked.
2025-12-11T21:38:08.6368679Z Site container: unioneyes-staging-app terminated during site startup.
2025-12-11T21:38:08.6581986Z Site startup probe failed after 19.2407632 seconds.
2025-12-11T21:38:08.8017268Z Failed to start site. Revert by stopping site.
2025-12-11T21:38:08.8116857Z Site: unioneyes-staging-app stopped.
2025-12-11T21:38:09.5773380Z Site: unioneyes-staging-app will be blocked for 4 minutes till 12/11/2025 21:42:09
2025-12-11T21:42:09.5769520Z Site: unioneyes-staging-app is unblocked.
2025-12-11T21:49:54.0924285Z Site container: unioneyes-staging-app terminated during site startup.
2025-12-11T21:49:54.1123737Z Site startup probe failed after 17.5089281 seconds.
2025-12-11T21:49:54.3186027Z Failed to start site. Revert by stopping site.
2025-12-11T21:49:54.3459755Z Site: unioneyes-staging-app stopped.
2025-12-11T21:49:55.0646914Z Site: unioneyes-staging-app will be blocked for 4 minutes till 12/11/2025 21:53:55
2025-12-11T21:53:55.2989424Z Site: unioneyes-staging-app is unblocked.
2025-12-11T22:07:39.7094727Z Site container: unioneyes-staging-app terminated during site startup.
2025-12-11T22:07:39.7377000Z Site startup probe failed after 34.3675249 seconds.
2025-12-11T22:07:39.8835769Z Failed to start site. Revert by stopping site.
2025-12-11T22:07:39.9045326Z Site: unioneyes-staging-app stopped.
2025-12-11T22:07:40.5676546Z Site: unioneyes-staging-app will be blocked for 4 minutes till 12/11/2025 22:11:40
2025-12-11T22:11:40.5711687Z Site: unioneyes-staging-app is unblocked.
2025-12-11T22:25:11.5895659Z Site container: unioneyes-staging-app terminated during site startup.
2025-12-11T22:25:11.6174870Z Site startup probe failed after 20.8313405 seconds.
2025-12-11T22:25:11.8778358Z Failed to start site. Revert by stopping site.
2025-12-11T22:25:11.9438805Z Site: unioneyes-staging-app stopped.
2025-12-11T22:25:12.9001304Z Site: unioneyes-staging-app will be blocked for 4 minutes till 12/11/2025 22:29:12
2025-12-11T22:29:13.7723635Z Site: unioneyes-staging-app is unblocked.
2025-12-11T22:39:40.0262221Z Site container: unioneyes-staging-app terminated during site startup.
2025-12-11T22:39:40.0482665Z Site startup probe failed after 20.6185613 seconds.
2025-12-11T22:39:40.4350326Z Failed to start site. Revert by stopping site.
2025-12-11T22:39:40.4425552Z Site: unioneyes-staging-app stopped.
2025-12-11T22:39:41.3773705Z Site: unioneyes-staging-app will be blocked for 4 minutes till 12/11/2025 22:43:41
2025-12-11T22:43:41.3785523Z Site: unioneyes-staging-app is unblocked.
2025-12-11T22:50:47.1269185Z Site container: unioneyes-staging-app terminated during site startup.
2025-12-11T22:50:47.1740377Z Site startup probe failed after 22.6795565 seconds.
2025-12-11T22:50:47.3389034Z Failed to start site. Revert by stopping site.
2025-12-11T22:50:47.3476444Z Site: unioneyes-staging-app stopped.
2025-12-11T22:50:48.2781651Z Site: unioneyes-staging-app will be blocked for 4 minutes till 12/11/2025 22:54:48
2025-12-11T22:54:48.2655520Z Site: unioneyes-staging-app is unblocked.
2025-12-11T23:07:46.1817263Z Site container: unioneyes-staging-app terminated during site startup.
2025-12-11T23:07:46.2076698Z Site startup probe failed after 37.3848909 seconds.
2025-12-11T23:07:46.3745554Z Failed to start site. Revert by stopping site.
2025-12-11T23:07:46.3842060Z Site: unioneyes-staging-app stopped.
2025-12-11T23:07:47.1235937Z Site: unioneyes-staging-app will be blocked for 4 minutes till 12/11/2025 23:11:47
2025-12-11T23:11:47.1283310Z Site: unioneyes-staging-app is unblocked.
2025-12-11T23:25:08.2141359Z Site container: unioneyes-staging-app terminated during site startup.
2025-12-11T23:25:08.2361968Z Site startup probe failed after 19.7478503 seconds.
2025-12-11T23:25:08.4003295Z Failed to start site. Revert by stopping site.
2025-12-11T23:25:08.4110352Z Site: unioneyes-staging-app stopped.
2025-12-11T23:25:09.1790569Z Site: unioneyes-staging-app will be blocked for 4 minutes till 12/11/2025 23:29:09
2025-12-11T23:29:09.1779316Z Site: unioneyes-staging-app is unblocked.
2025-12-11T23:36:46.0441734Z Site container: unioneyes-staging-app terminated during site startup.
2025-12-11T23:36:46.0776900Z Site startup probe failed after 18.3456629 seconds.
2025-12-11T23:36:46.2973853Z Failed to start site. Revert by stopping site.
2025-12-11T23:36:46.3095692Z Site: unioneyes-staging-app stopped.
2025-12-11T23:36:46.9629660Z Site: unioneyes-staging-app will be blocked for 4 minutes till 12/11/2025 23:40:46
2025-12-11T23:40:46.9585783Z Site: unioneyes-staging-app is unblocked.
2025-12-11T23:50:09.5589083Z Site container: unioneyes-staging-app terminated during site startup.
2025-12-11T23:50:09.5781582Z Site startup probe failed after 20.251563 seconds.
2025-12-11T23:50:09.7525881Z Failed to start site. Revert by stopping site.
2025-12-11T23:50:09.7704634Z Site: unioneyes-staging-app stopped.
