2025-12-12T23:49:36.6455136Z Site: unioneyes-staging-app will be blocked for 4 minutes till 12/12/2025 23:53:36
2025-12-12T23:53:37.2193379Z Site: unioneyes-staging-app is unblocked.
2025-12-13T00:20:44.7201759Z Site container: unioneyes-staging-app terminated during site startup.
2025-12-13T00:20:44.7583350Z Site startup probe failed after 18.5461519 seconds.
2025-12-13T00:20:44.9509609Z Failed to start site. Revert by stopping site.
2025-12-13T00:20:44.9611207Z Site: unioneyes-staging-app stopped.
2025-12-13T00:20:45.6542502Z Site: unioneyes-staging-app will be blocked for 4 minutes till 12/13/2025 00:24:45
2025-12-13T00:24:45.6527779Z Site: unioneyes-staging-app is unblocked.
2025-12-13T00:28:39.8560725Z Site container: unioneyes-staging-app terminated during site startup.
2025-12-13T00:28:39.8769083Z Site startup probe failed after 21.4014985 seconds.
2025-12-13T00:28:40.1830796Z Failed to start site. Revert by stopping site.
2025-12-13T00:28:40.1837435Z Site: unioneyes-staging-app stopped.
2025-12-13T00:28:40.8738822Z Site: unioneyes-staging-app will be blocked for 4 minutes till 12/13/2025 00:32:40
2025-12-13T00:32:40.8752543Z Site: unioneyes-staging-app is unblocked.
2025-12-13T00:55:17.9738419Z Site container: unioneyes-staging-app terminated during site startup.
2025-12-13T00:55:18.0015186Z Site startup probe failed after 20.7531926 seconds.
2025-12-13T00:55:18.1956162Z Failed to start site. Revert by stopping site.
2025-12-13T00:55:18.2060461Z Site: unioneyes-staging-app stopped.
2025-12-13T00:55:19.0108885Z Site: unioneyes-staging-app will be blocked for 4 minutes till 12/13/2025 00:59:19
2025-12-13T00:59:19.0047527Z Site: unioneyes-staging-app is unblocked.
2025-12-13T01:25:53.0144638Z Site container: unioneyes-staging-app terminated during site startup.
2025-12-13T01:25:53.0865697Z Site startup probe failed after 23.0108953 seconds.
2025-12-13T01:25:53.3192743Z Failed to start site. Revert by stopping site.
2025-12-13T01:25:53.3403263Z Site: unioneyes-staging-app stopped.
2025-12-13T01:25:54.1548763Z Site: unioneyes-staging-app will be blocked for 4 minutes till 12/13/2025 01:29:54
2025-12-13T01:29:54.1585547Z Site: unioneyes-staging-app is unblocked.
2025-12-13T01:35:39.7470056Z Site container: unioneyes-staging-app terminated during site startup.
2025-12-13T01:35:39.7682672Z Site startup probe failed after 18.1679663 seconds.
2025-12-13T01:35:39.9531789Z Failed to start site. Revert by stopping site.
2025-12-13T01:35:39.9612754Z Site: unioneyes-staging-app stopped.
2025-12-13T01:35:40.6912197Z Site: unioneyes-staging-app will be blocked for 4 minutes till 12/13/2025 01:39:40
2025-12-13T01:39:40.6910610Z Site: unioneyes-staging-app is unblocked.
2025-12-13T02:10:50.0903805Z Site container: unioneyes-staging-app terminated during site startup.
2025-12-13T02:10:50.1353789Z Site startup probe failed after 16.7621201 seconds.
2025-12-13T02:10:50.3280190Z Failed to start site. Revert by stopping site.
2025-12-13T02:10:50.3363440Z Site: unioneyes-staging-app stopped.
2025-12-13T02:10:51.0751175Z Site: unioneyes-staging-app will be blocked for 4 minutes till 12/13/2025 02:14:51
2025-12-13T02:14:51.0725947Z Site: unioneyes-staging-app is unblocked.
2025-12-13T02:22:37.6636388Z Site container: unioneyes-staging-app terminated during site startup.
2025-12-13T02:22:37.6933042Z Site startup probe failed after 38.4691803 seconds.
2025-12-13T02:22:37.8406824Z Failed to start site. Revert by stopping site.
2025-12-13T02:22:37.8504776Z Site: unioneyes-staging-app stopped.
2025-12-13T02:22:38.6462981Z Site: unioneyes-staging-app will be blocked for 4 minutes till 12/13/2025 02:26:38
2025-12-13T02:26:38.6291488Z Site: unioneyes-staging-app is unblocked.
2025-12-13T02:55:53.9722290Z Site container: unioneyes-staging-app terminated during site startup.
2025-12-13T02:55:54.0296914Z Site startup probe failed after 18.9902877 seconds.
2025-12-13T02:55:54.3475870Z Failed to start site. Revert by stopping site.
2025-12-13T02:55:54.3508771Z Site: unioneyes-staging-app stopped.
2025-12-13T02:55:55.5520391Z Site: unioneyes-staging-app will be blocked for 4 minutes till 12/13/2025 02:59:55
2025-12-13T02:59:55.5488492Z Site: unioneyes-staging-app is unblocked.
2025-12-13T03:02:52.0132156Z Site container: unioneyes-staging-app terminated during site startup.
2025-12-13T03:02:52.0327677Z Site startup probe failed after 17.1173632 seconds.
2025-12-13T03:02:52.2297093Z Failed to start site. Revert by stopping site.
2025-12-13T03:02:52.2477199Z Site: unioneyes-staging-app stopped.
2025-12-13T03:02:52.9261263Z Site: unioneyes-staging-app will be blocked for 4 minutes till 12/13/2025 03:06:52
2025-12-13T03:06:52.9306771Z Site: unioneyes-staging-app is unblocked.
2025-12-13T03:35:54.5021698Z Site container: unioneyes-staging-app terminated during site startup.
2025-12-13T03:35:54.5713214Z Site startup probe failed after 17.5476678 seconds.
2025-12-13T03:35:54.7546340Z Failed to start site. Revert by stopping site.
2025-12-13T03:35:54.7645337Z Site: unioneyes-staging-app stopped.
2025-12-13T03:35:55.5030643Z Site: unioneyes-staging-app will be blocked for 4 minutes till 12/13/2025 03:39:55
2025-12-13T03:38:04.8557869Z Start site prohibitted because the site is being blocked.
2025-12-13T03:39:55.5019368Z Site: unioneyes-staging-app is unblocked.
2025-12-13T03:58:10.3230973Z Site container: unioneyes-staging-app terminated during site startup.
2025-12-13T03:58:10.3523042Z Site startup probe failed after 21.510939 seconds.
2025-12-13T03:58:10.5020641Z Failed to start site. Revert by stopping site.
2025-12-13T03:58:10.5091121Z Site: unioneyes-staging-app stopped.
2025-12-13T03:58:11.3338926Z Site: unioneyes-staging-app will be blocked for 4 minutes till 12/13/2025 04:02:11
2025-12-13T04:02:11.3336757Z Site: unioneyes-staging-app is unblocked.
2025-12-13T04:14:14.9603776Z Site container: unioneyes-staging-app terminated during site startup.
2025-12-13T04:14:14.9771161Z Site startup probe failed after 27.4846658 seconds.
2025-12-13T04:14:15.3008503Z Failed to start site. Revert by stopping site.
2025-12-13T04:14:15.3087061Z Site: unioneyes-staging-app stopped.
2025-12-13T04:14:16.0068507Z Site: unioneyes-staging-app will be blocked for 4 minutes till 12/13/2025 04:18:16
2025-12-13T04:18:16.0046408Z Site: unioneyes-staging-app is unblocked.
2025-12-13T04:30:33.2564674Z Site container: unioneyes-staging-app terminated during site startup.
2025-12-13T04:30:33.2852767Z Site startup probe failed after 19.3922015 seconds.
2025-12-13T04:30:33.4337662Z Failed to start site. Revert by stopping site.
2025-12-13T04:30:33.4413209Z Site: unioneyes-staging-app stopped.
2025-12-13T04:30:33.9917646Z Site: unioneyes-staging-app will be blocked for 4 minutes till 12/13/2025 04:34:33
2025-12-13T04:34:33.9926937Z Site: unioneyes-staging-app is unblocked.
2025-12-13T04:51:22.9930494Z Site container: unioneyes-staging-app terminated during site startup.
2025-12-13T04:51:23.0133151Z Site startup probe failed after 18.3302433 seconds.
2025-12-13T04:51:23.2941793Z Failed to start site. Revert by stopping site.
2025-12-13T04:51:23.3140175Z Site: unioneyes-staging-app stopped.
2025-12-13T04:51:24.0805476Z Site: unioneyes-staging-app will be blocked for 4 minutes till 12/13/2025 04:55:24
2025-12-13T04:55:24.0820124Z Site: unioneyes-staging-app is unblocked.
2025-12-13T05:07:44.9661239Z Site container: unioneyes-staging-app terminated during site startup.
2025-12-13T05:07:44.9914147Z Site startup probe failed after 17.6035556 seconds.
2025-12-13T05:07:45.1810916Z Failed to start site. Revert by stopping site.
2025-12-13T05:07:45.1915420Z Site: unioneyes-staging-app stopped.
2025-12-13T05:07:45.7791262Z Site: unioneyes-staging-app will be blocked for 4 minutes till 12/13/2025 05:11:45
2025-12-13T05:11:46.1107533Z Site: unioneyes-staging-app is unblocked.
2025-12-13T05:25:22.5056508Z Site container: unioneyes-staging-app terminated during site startup.
2025-12-13T05:25:22.5334554Z Site startup probe failed after 19.9118802 seconds.
2025-12-13T05:25:22.7484165Z Failed to start site. Revert by stopping site.
2025-12-13T05:25:22.7608828Z Site: unioneyes-staging-app stopped.
2025-12-13T05:25:23.6542996Z Site: unioneyes-staging-app will be blocked for 4 minutes till 12/13/2025 05:29:23
2025-12-13T05:29:23.6528952Z Site: unioneyes-staging-app is unblocked.
2025-12-13T05:38:37.7649566Z Site container: unioneyes-staging-app terminated during site startup.
2025-12-13T05:38:37.7754809Z Site startup probe failed after 18.8743772 seconds.
2025-12-13T05:38:37.9173530Z Failed to start site. Revert by stopping site.
2025-12-13T05:38:37.9176462Z Site: unioneyes-staging-app stopped.
2025-12-13T05:38:38.4636941Z Site: unioneyes-staging-app will be blocked for 4 minutes till 12/13/2025 05:42:38
2025-12-13T05:42:38.4581070Z Site: unioneyes-staging-app is unblocked.
2025-12-13T05:50:36.2153440Z Site container: unioneyes-staging-app terminated during site startup.
2025-12-13T05:50:36.2255254Z Site startup probe failed after 21.6025009 seconds.
2025-12-13T05:50:36.4030417Z Failed to start site. Revert by stopping site.
2025-12-13T05:50:36.4108444Z Site: unioneyes-staging-app stopped.
2025-12-13T05:50:37.0501093Z Site: unioneyes-staging-app will be blocked for 4 minutes till 12/13/2025 05:54:37
2025-12-13T05:54:37.0505377Z Site: unioneyes-staging-app is unblocked.
2025-12-13T06:09:59.6332124Z Site container: unioneyes-staging-app terminated during site startup.
2025-12-13T06:09:59.6505043Z Site startup probe failed after 17.8968865 seconds.
2025-12-13T06:09:59.8492553Z Failed to start site. Revert by stopping site.
2025-12-13T06:09:59.8594063Z Site: unioneyes-staging-app stopped.
2025-12-13T06:10:00.6250277Z Site: unioneyes-staging-app will be blocked for 4 minutes till 12/13/2025 06:14:00
2025-12-13T06:14:00.6294743Z Site: unioneyes-staging-app is unblocked.
2025-12-13T06:26:34.7872961Z Site container: unioneyes-staging-app terminated during site startup.
2025-12-13T06:26:34.8052641Z Site startup probe failed after 17.345657 seconds.
2025-12-13T06:26:35.0262290Z Failed to start site. Revert by stopping site.
2025-12-13T06:26:35.0292244Z Site: unioneyes-staging-app stopped.
2025-12-13T06:26:35.8383901Z Site: unioneyes-staging-app will be blocked for 4 minutes till 12/13/2025 06:30:35
2025-12-13T06:30:35.8366113Z Site: unioneyes-staging-app is unblocked.
2025-12-13T06:44:51.6677828Z Site container: unioneyes-staging-app terminated during site startup.
2025-12-13T06:44:51.6871303Z Site startup probe failed after 21.1462743 seconds.
2025-12-13T06:44:51.8474339Z Failed to start site. Revert by stopping site.
2025-12-13T06:44:51.8563637Z Site: unioneyes-staging-app stopped.
2025-12-13T06:44:52.6619099Z Site: unioneyes-staging-app will be blocked for 4 minutes till 12/13/2025 06:48:52
2025-12-13T06:48:52.6635412Z Site: unioneyes-staging-app is unblocked.
2025-12-13T06:56:14.2179380Z Site container: unioneyes-staging-app terminated during site startup.
2025-12-13T06:56:14.2386131Z Site startup probe failed after 27.404323 seconds.
2025-12-13T06:56:14.4241915Z Failed to start site. Revert by stopping site.
2025-12-13T06:56:14.4340433Z Site: unioneyes-staging-app stopped.
2025-12-13T06:56:15.2256177Z Site: unioneyes-staging-app will be blocked for 4 minutes till 12/13/2025 07:00:15
2025-12-13T07:00:15.2254336Z Site: unioneyes-staging-app is unblocked.
2025-12-13T07:08:10.0750914Z Site container: unioneyes-staging-app terminated during site startup.
2025-12-13T07:08:10.0853196Z Site startup probe failed after 19.6378498 seconds.
2025-12-13T07:08:10.2637239Z Failed to start site. Revert by stopping site.
2025-12-13T07:08:10.2798359Z Site: unioneyes-staging-app stopped.
2025-12-13T07:08:11.0144522Z Site: unioneyes-staging-app will be blocked for 4 minutes till 12/13/2025 07:12:11
2025-12-13T07:12:11.0226151Z Site: unioneyes-staging-app is unblocked.
2025-12-13T07:25:15.5910784Z Site container: unioneyes-staging-app terminated during site startup.
2025-12-13T07:25:15.6231380Z Site startup probe failed after 20.864185 seconds.
2025-12-13T07:25:15.8046291Z Failed to start site. Revert by stopping site.
2025-12-13T07:25:15.8328148Z Site: unioneyes-staging-app stopped.
2025-12-13T07:25:16.6926215Z Site: unioneyes-staging-app will be blocked for 4 minutes till 12/13/2025 07:29:16
2025-12-13T07:29:16.6940016Z Site: unioneyes-staging-app is unblocked.
2025-12-13T07:36:45.0659913Z Site container: unioneyes-staging-app terminated during site startup.
2025-12-13T07:36:45.0853447Z Site startup probe failed after 17.4150095 seconds.
2025-12-13T07:36:45.2565619Z Failed to start site. Revert by stopping site.
2025-12-13T07:36:45.2592393Z Site: unioneyes-staging-app stopped.
2025-12-13T07:36:45.8404530Z Site: unioneyes-staging-app will be blocked for 4 minutes till 12/13/2025 07:40:45
2025-12-13T07:40:45.8410723Z Site: unioneyes-staging-app is unblocked.
2025-12-13T07:49:31.6009639Z Site container: unioneyes-staging-app terminated during site startup.
2025-12-13T07:49:31.6499091Z Site startup probe failed after 24.8385976 seconds.
2025-12-13T07:49:31.9332641Z Failed to start site. Revert by stopping site.
2025-12-13T07:49:31.9348378Z Site: unioneyes-staging-app stopped.
2025-12-13T07:49:32.7137355Z Site: unioneyes-staging-app will be blocked for 4 minutes till 12/13/2025 07:53:32
2025-12-13T07:53:32.7156629Z Site: unioneyes-staging-app is unblocked.
2025-12-13T08:08:55.5331396Z Site container: unioneyes-staging-app terminated during site startup.
2025-12-13T08:08:55.5490717Z Site startup probe failed after 17.3561514 seconds.
2025-12-13T08:08:55.6992850Z Failed to start site. Revert by stopping site.
2025-12-13T08:08:55.7116797Z Site: unioneyes-staging-app stopped.
2025-12-13T08:08:56.2636783Z Site: unioneyes-staging-app will be blocked for 4 minutes till 12/13/2025 08:12:56
2025-12-13T08:12:56.2707563Z Site: unioneyes-staging-app is unblocked.
2025-12-13T08:25:59.8988643Z Site container: unioneyes-staging-app terminated during site startup.
2025-12-13T08:25:59.9265064Z Site startup probe failed after 19.0513959 seconds.
2025-12-13T08:26:00.1118746Z Failed to start site. Revert by stopping site.
2025-12-13T08:26:00.1317751Z Site: unioneyes-staging-app stopped.
2025-12-13T08:26:00.6981835Z Site: unioneyes-staging-app will be blocked for 4 minutes till 12/13/2025 08:30:00
2025-12-13T08:30:00.6820342Z Site: unioneyes-staging-app is unblocked.
2025-12-13T08:40:53.8591041Z Site container: unioneyes-staging-app terminated during site startup.
2025-12-13T08:40:53.8694191Z Site startup probe failed after 18.6062546 seconds.
2025-12-13T08:40:54.1132150Z Failed to start site. Revert by stopping site.
2025-12-13T08:40:54.1605224Z Site: unioneyes-staging-app stopped.
2025-12-13T08:40:54.9387001Z Site: unioneyes-staging-app will be blocked for 4 minutes till 12/13/2025 08:44:54
2025-12-13T08:44:54.9293059Z Site: unioneyes-staging-app is unblocked.
2025-12-13T08:51:45.7386814Z Site container: unioneyes-staging-app terminated during site startup.
2025-12-13T08:51:45.8431304Z Site startup probe failed after 16.749148 seconds.
2025-12-13T08:51:46.0080779Z Failed to start site. Revert by stopping site.
2025-12-13T08:51:46.0103670Z Site: unioneyes-staging-app stopped.
2025-12-13T08:51:46.7119609Z Site: unioneyes-staging-app will be blocked for 4 minutes till 12/13/2025 08:55:46
2025-12-13T08:55:47.2442763Z Site: unioneyes-staging-app is unblocked.
2025-12-13T09:07:07.2771300Z Site container: unioneyes-staging-app terminated during site startup.
2025-12-13T09:07:07.3500372Z Site startup probe failed after 19.4391168 seconds.
2025-12-13T09:07:07.5514839Z Failed to start site. Revert by stopping site.
2025-12-13T09:07:07.5604384Z Site: unioneyes-staging-app stopped.
2025-12-13T09:07:08.7472472Z Site: unioneyes-staging-app will be blocked for 4 minutes till 12/13/2025 09:11:08
2025-12-13T09:11:08.7461877Z Site: unioneyes-staging-app is unblocked.
2025-12-13T09:25:09.2982664Z Site container: unioneyes-staging-app terminated during site startup.
2025-12-13T09:25:09.3604923Z Site startup probe failed after 24.358489 seconds.
2025-12-13T09:25:09.5157853Z Failed to start site. Revert by stopping site.
2025-12-13T09:25:09.5337698Z Site: unioneyes-staging-app stopped.
2025-12-13T09:25:10.3679165Z Site: unioneyes-staging-app will be blocked for 4 minutes till 12/13/2025 09:29:10
2025-12-13T09:29:10.3589252Z Site: unioneyes-staging-app is unblocked.
2025-12-13T09:36:06.1113132Z Site container: unioneyes-staging-app terminated during site startup.
2025-12-13T09:36:06.1408065Z Site startup probe failed after 19.206968 seconds.
2025-12-13T09:36:06.2870570Z Failed to start site. Revert by stopping site.
2025-12-13T09:36:06.3031444Z Site: unioneyes-staging-app stopped.
2025-12-13T09:36:07.0506715Z Site: unioneyes-staging-app will be blocked for 4 minutes till 12/13/2025 09:40:07
2025-12-13T09:40:07.0525988Z Site: unioneyes-staging-app is unblocked.
2025-12-13T09:49:22.4370062Z Site container: unioneyes-staging-app terminated during site startup.
2025-12-13T09:49:22.4565239Z Site startup probe failed after 21.3455096 seconds.
2025-12-13T09:49:22.7372065Z Failed to start site. Revert by stopping site.
2025-12-13T09:49:22.7466940Z Site: unioneyes-staging-app stopped.
2025-12-13T09:49:23.5742593Z Site: unioneyes-staging-app will be blocked for 4 minutes till 12/13/2025 09:53:23
2025-12-13T09:53:23.5778499Z Site: unioneyes-staging-app is unblocked.
2025-12-13T10:06:54.1752786Z Site container: unioneyes-staging-app terminated during site startup.
2025-12-13T10:06:54.1917682Z Site startup probe failed after 17.5649269 seconds.
2025-12-13T10:06:54.3828112Z Failed to start site. Revert by stopping site.
2025-12-13T10:06:54.3913674Z Site: unioneyes-staging-app stopped.
2025-12-13T10:06:55.1980453Z Site: unioneyes-staging-app will be blocked for 4 minutes till 12/13/2025 10:10:55
2025-12-13T10:10:55.1968038Z Site: unioneyes-staging-app is unblocked.
2025-12-13T10:25:08.9299005Z Site container: unioneyes-staging-app terminated during site startup.
2025-12-13T10:25:08.9577611Z Site startup probe failed after 20.6359127 seconds.
2025-12-13T10:25:09.1789011Z Failed to start site. Revert by stopping site.
2025-12-13T10:25:09.1987216Z Site: unioneyes-staging-app stopped.
2025-12-13T10:25:09.9691687Z Site: unioneyes-staging-app will be blocked for 4 minutes till 12/13/2025 10:29:09
2025-12-13T10:29:09.9714349Z Site: unioneyes-staging-app is unblocked.
2025-12-13T10:38:14.9304081Z Site container: unioneyes-staging-app terminated during site startup.
2025-12-13T10:38:14.9517522Z Site startup probe failed after 20.4824063 seconds.
2025-12-13T10:38:15.1042105Z Failed to start site. Revert by stopping site.
2025-12-13T10:38:15.1056923Z Site: unioneyes-staging-app stopped.
2025-12-13T10:38:15.7203010Z Site: unioneyes-staging-app will be blocked for 4 minutes till 12/13/2025 10:42:15
2025-12-13T10:42:15.7201277Z Site: unioneyes-staging-app is unblocked.
2025-12-13T10:49:45.8892700Z Site container: unioneyes-staging-app terminated during site startup.
2025-12-13T10:49:45.9101835Z Site startup probe failed after 17.8784446 seconds.
2025-12-13T10:49:46.1410983Z Failed to start site. Revert by stopping site.
2025-12-13T10:49:46.1413837Z Site: unioneyes-staging-app stopped.
2025-12-13T10:49:46.8361413Z Site: unioneyes-staging-app will be blocked for 4 minutes till 12/13/2025 10:53:46
2025-12-13T10:53:46.8367611Z Site: unioneyes-staging-app is unblocked.
2025-12-13T11:06:00.8799987Z Site container: unioneyes-staging-app terminated during site startup.
2025-12-13T11:06:00.9721009Z Site startup probe failed after 17.0697104 seconds.
2025-12-13T11:06:01.1206829Z Failed to start site. Revert by stopping site.
2025-12-13T11:06:01.1499552Z Site: unioneyes-staging-app stopped.
2025-12-13T11:06:01.8697924Z Site: unioneyes-staging-app will be blocked for 4 minutes till 12/13/2025 11:10:01
2025-12-13T11:10:01.8743916Z Site: unioneyes-staging-app is unblocked.
2025-12-13T11:23:18.8197123Z Site container: unioneyes-staging-app terminated during site startup.
2025-12-13T11:23:18.8468619Z Site startup probe failed after 18.0483164 seconds.
2025-12-13T11:23:19.0339893Z Failed to start site. Revert by stopping site.
2025-12-13T11:23:19.0422592Z Site: unioneyes-staging-app stopped.
2025-12-13T11:23:19.7430076Z Site: unioneyes-staging-app will be blocked for 4 minutes till 12/13/2025 11:27:19
2025-12-13T11:27:19.7478595Z Site: unioneyes-staging-app is unblocked.
2025-12-13T11:35:07.7923411Z Site container: unioneyes-staging-app terminated during site startup.
2025-12-13T11:35:07.8130666Z Site startup probe failed after 17.6913855 seconds.
2025-12-13T11:35:08.0035804Z Failed to start site. Revert by stopping site.
2025-12-13T11:35:08.0119737Z Site: unioneyes-staging-app stopped.
2025-12-13T11:35:08.7711526Z Site: unioneyes-staging-app will be blocked for 4 minutes till 12/13/2025 11:39:08
2025-12-13T11:39:08.7737887Z Site: unioneyes-staging-app is unblocked.
2025-12-13T11:49:24.8003957Z Site container: unioneyes-staging-app terminated during site startup.
2025-12-13T11:49:24.8204698Z Site startup probe failed after 22.1623588 seconds.
2025-12-13T11:49:24.9832482Z Failed to start site. Revert by stopping site.
2025-12-13T11:49:24.9864003Z Site: unioneyes-staging-app stopped.
2025-12-13T11:49:25.8175365Z Site: unioneyes-staging-app will be blocked for 4 minutes till 12/13/2025 11:53:25
2025-12-13T11:53:25.8223318Z Site: unioneyes-staging-app is unblocked.
2025-12-13T12:11:32.6633265Z Site container: unioneyes-staging-app terminated during site startup.
2025-12-13T12:11:32.7125898Z Site startup probe failed after 17.2670363 seconds.
2025-12-13T12:11:32.8526643Z Failed to start site. Revert by stopping site.
2025-12-13T12:11:32.8693550Z Site: unioneyes-staging-app stopped.
2025-12-13T12:11:33.4592278Z Site: unioneyes-staging-app will be blocked for 4 minutes till 12/13/2025 12:15:33
2025-12-13T12:15:33.4619186Z Site: unioneyes-staging-app is unblocked.
2025-12-13T12:28:39.1941678Z Site container: unioneyes-staging-app terminated during site startup.
2025-12-13T12:28:39.2391674Z Site startup probe failed after 18.7959564 seconds.
2025-12-13T12:28:39.4980379Z Failed to start site. Revert by stopping site.
2025-12-13T12:28:39.5143508Z Site: unioneyes-staging-app stopped.
2025-12-13T12:28:40.2417648Z Site: unioneyes-staging-app will be blocked for 4 minutes till 12/13/2025 12:32:40
2025-12-13T12:32:40.2412603Z Site: unioneyes-staging-app is unblocked.
2025-12-13T12:52:04.9744892Z Site container: unioneyes-staging-app terminated during site startup.
2025-12-13T12:52:05.0136078Z Site startup probe failed after 19.1538278 seconds.
2025-12-13T12:52:05.4740477Z Failed to start site. Revert by stopping site.
2025-12-13T12:52:05.4906030Z Site: unioneyes-staging-app stopped.
2025-12-13T12:52:06.3936594Z Site: unioneyes-staging-app will be blocked for 4 minutes till 12/13/2025 12:56:06
2025-12-13T12:56:06.3948063Z Site: unioneyes-staging-app is unblocked.
2025-12-13T13:13:10.6405680Z Site container: unioneyes-staging-app terminated during site startup.
2025-12-13T13:13:10.6656277Z Site startup probe failed after 18.2434301 seconds.
2025-12-13T13:13:10.9405345Z Failed to start site. Revert by stopping site.
2025-12-13T13:13:10.9497750Z Site: unioneyes-staging-app stopped.
2025-12-13T13:13:11.6952295Z Site: unioneyes-staging-app will be blocked for 4 minutes till 12/13/2025 13:17:11
2025-12-13T13:17:11.7071440Z Site: unioneyes-staging-app is unblocked.
2025-12-13T13:29:34.0644278Z Site container: unioneyes-staging-app terminated during site startup.
2025-12-13T13:29:34.0859122Z Site startup probe failed after 22.1396541 seconds.
2025-12-13T13:29:34.2421355Z Failed to start site. Revert by stopping site.
2025-12-13T13:29:34.2516329Z Site: unioneyes-staging-app stopped.
2025-12-13T13:29:35.1893390Z Site: unioneyes-staging-app will be blocked for 4 minutes till 12/13/2025 13:33:35
2025-12-13T13:33:35.1901541Z Site: unioneyes-staging-app is unblocked.
2025-12-13T13:41:20.2782567Z Site container: unioneyes-staging-app terminated during site startup.
2025-12-13T13:41:20.2971469Z Site startup probe failed after 18.9179935 seconds.
2025-12-13T13:41:20.4931906Z Failed to start site. Revert by stopping site.
2025-12-13T13:41:20.5088509Z Site: unioneyes-staging-app stopped.
2025-12-13T13:41:21.3762615Z Site: unioneyes-staging-app will be blocked for 4 minutes till 12/13/2025 13:45:21
2025-12-13T13:45:21.3760831Z Site: unioneyes-staging-app is unblocked.
2025-12-13T13:50:26.0809555Z Site container: unioneyes-staging-app terminated during site startup.
2025-12-13T13:50:26.0996579Z Site startup probe failed after 18.8968054 seconds.
2025-12-13T13:50:26.3205131Z Failed to start site. Revert by stopping site.
2025-12-13T13:50:26.3605025Z Site: unioneyes-staging-app stopped.
2025-12-13T13:50:27.0976008Z Site: unioneyes-staging-app will be blocked for 4 minutes till 12/13/2025 13:54:27
2025-12-13T13:54:27.1047165Z Site: unioneyes-staging-app is unblocked.
2025-12-13T14:06:36.7507326Z Site container: unioneyes-staging-app terminated during site startup.
2025-12-13T14:06:36.7591557Z Site startup probe failed after 17.5425452 seconds.
2025-12-13T14:06:36.9344729Z Failed to start site. Revert by stopping site.
2025-12-13T14:06:36.9463077Z Site: unioneyes-staging-app stopped.
2025-12-13T14:06:37.5713942Z Site: unioneyes-staging-app will be blocked for 4 minutes till 12/13/2025 14:10:37
2025-12-13T14:10:37.5749315Z Site: unioneyes-staging-app is unblocked.
2025-12-13T14:24:56.6710303Z Site container: unioneyes-staging-app terminated during site startup.
2025-12-13T14:24:56.7109829Z Site startup probe failed after 30.9854965 seconds.
2025-12-13T14:24:57.0212611Z Failed to start site. Revert by stopping site.
2025-12-13T14:24:57.0311525Z Site: unioneyes-staging-app stopped.
2025-12-13T14:24:57.9110351Z Site: unioneyes-staging-app will be blocked for 4 minutes till 12/13/2025 14:28:57
2025-12-13T14:28:58.2381550Z Site: unioneyes-staging-app is unblocked.
2025-12-13T14:37:34.4364933Z Site container: unioneyes-staging-app terminated during site startup.
2025-12-13T14:37:35.1135507Z Site startup probe failed after 35.4190203 seconds.
2025-12-13T14:37:36.1156319Z Failed to start site. Revert by stopping site.
2025-12-13T14:37:36.1929252Z Site: unioneyes-staging-app stopped.
2025-12-13T14:37:36.8547193Z Site: unioneyes-staging-app will be blocked for 4 minutes till 12/13/2025 14:41:36
2025-12-13T14:41:36.8527862Z Site: unioneyes-staging-app is unblocked.
2025-12-13T14:49:25.9316429Z Site container: unioneyes-staging-app terminated during site startup.
2025-12-13T14:49:25.9493134Z Site startup probe failed after 24.7327106 seconds.
2025-12-13T14:49:26.1519575Z Failed to start site. Revert by stopping site.
2025-12-13T14:49:26.1780975Z Site: unioneyes-staging-app stopped.
2025-12-13T14:49:27.0136512Z Site: unioneyes-staging-app will be blocked for 4 minutes till 12/13/2025 14:53:26
2025-12-13T14:53:26.9977807Z Site: unioneyes-staging-app is unblocked.
2025-12-13T15:06:46.0670444Z Site container: unioneyes-staging-app terminated during site startup.
2025-12-13T15:06:46.0899003Z Site startup probe failed after 18.3999627 seconds.
2025-12-13T15:06:46.2607479Z Failed to start site. Revert by stopping site.
2025-12-13T15:06:46.2691163Z Site: unioneyes-staging-app stopped.
2025-12-13T15:06:46.8667255Z Site: unioneyes-staging-app will be blocked for 4 minutes till 12/13/2025 15:10:46
2025-12-13T15:10:46.8647528Z Site: unioneyes-staging-app is unblocked.
2025-12-13T15:25:01.9282389Z Site container: unioneyes-staging-app terminated during site startup.
2025-12-13T15:25:03.1042430Z Site startup probe failed after 31.4450927 seconds.
2025-12-13T15:25:03.9671639Z Failed to start site. Revert by stopping site.
2025-12-13T15:25:03.9695816Z Site: unioneyes-staging-app stopped.
2025-12-13T15:25:04.8461242Z Site: unioneyes-staging-app will be blocked for 4 minutes till 12/13/2025 15:29:04
2025-12-13T15:29:04.8496607Z Site: unioneyes-staging-app is unblocked.
2025-12-13T15:35:58.9517198Z Site container: unioneyes-staging-app terminated during site startup.
2025-12-13T15:35:58.9770433Z Site startup probe failed after 18.5849517 seconds.
2025-12-13T15:35:59.1559383Z Failed to start site. Revert by stopping site.
2025-12-13T15:35:59.1658097Z Site: unioneyes-staging-app stopped.
2025-12-13T15:35:59.8580786Z Site: unioneyes-staging-app will be blocked for 4 minutes till 12/13/2025 15:39:59
2025-12-13T15:39:59.8615147Z Site: unioneyes-staging-app is unblocked.
2025-12-13T15:49:32.0672403Z Site container: unioneyes-staging-app terminated during site startup.
2025-12-13T15:49:32.0695863Z Site startup probe failed after 30.9675062 seconds.
2025-12-13T15:49:32.4242514Z Failed to start site. Revert by stopping site.
2025-12-13T15:49:32.4325035Z Site: unioneyes-staging-app stopped.
2025-12-13T15:49:33.1331906Z Site: unioneyes-staging-app will be blocked for 4 minutes till 12/13/2025 15:53:33
2025-12-13T15:53:33.1424559Z Site: unioneyes-staging-app is unblocked.
2025-12-13T16:08:23.9485664Z Site container: unioneyes-staging-app terminated during site startup.
2025-12-13T16:08:23.9886502Z Site startup probe failed after 19.0924897 seconds.
2025-12-13T16:08:24.2181856Z Failed to start site. Revert by stopping site.
2025-12-13T16:08:24.2288335Z Site: unioneyes-staging-app stopped.
2025-12-13T16:08:24.9720373Z Site: unioneyes-staging-app will be blocked for 4 minutes till 12/13/2025 16:12:24
2025-12-13T16:12:24.9688724Z Site: unioneyes-staging-app is unblocked.
2025-12-13T16:25:46.9412685Z Site container: unioneyes-staging-app terminated during site startup.
2025-12-13T16:25:46.9613878Z Site startup probe failed after 19.4075044 seconds.
2025-12-13T16:25:47.1642008Z Failed to start site. Revert by stopping site.
2025-12-13T16:25:47.1657184Z Site: unioneyes-staging-app stopped.
2025-12-13T16:25:47.6970538Z Site: unioneyes-staging-app will be blocked for 4 minutes till 12/13/2025 16:29:47
2025-12-13T16:29:47.7023058Z Site: unioneyes-staging-app is unblocked.
2025-12-13T16:41:05.9031143Z Site container: unioneyes-staging-app terminated during site startup.
2025-12-13T16:41:05.9535699Z Site startup probe failed after 17.506343 seconds.
2025-12-13T16:41:06.0988831Z Failed to start site. Revert by stopping site.
2025-12-13T16:41:06.1003492Z Site: unioneyes-staging-app stopped.
2025-12-13T16:41:06.6821119Z Site: unioneyes-staging-app will be blocked for 4 minutes till 12/13/2025 16:45:06
2025-12-13T16:45:06.6827369Z Site: unioneyes-staging-app is unblocked.
2025-12-13T16:51:57.3449530Z Site container: unioneyes-staging-app terminated during site startup.
2025-12-13T16:51:57.3614552Z Site startup probe failed after 17.7013355 seconds.
2025-12-13T16:51:57.5133200Z Failed to start site. Revert by stopping site.
2025-12-13T16:51:57.5158777Z Site: unioneyes-staging-app stopped.
2025-12-13T16:51:58.0618387Z Site: unioneyes-staging-app will be blocked for 4 minutes till 12/13/2025 16:55:58
2025-12-13T16:55:58.0616468Z Site: unioneyes-staging-app is unblocked.
2025-12-13T17:06:35.7817159Z Site container: unioneyes-staging-app terminated during site startup.
2025-12-13T17:06:35.8117213Z Site startup probe failed after 18.4029284 seconds.
2025-12-13T17:06:35.9783746Z Failed to start site. Revert by stopping site.
2025-12-13T17:06:35.9880425Z Site: unioneyes-staging-app stopped.
2025-12-13T17:06:36.8155911Z Site: unioneyes-staging-app will be blocked for 4 minutes till 12/13/2025 17:10:36
2025-12-13T17:10:36.8179264Z Site: unioneyes-staging-app is unblocked.
2025-12-13T17:24:46.1518458Z Site container: unioneyes-staging-app terminated during site startup.
2025-12-13T17:24:46.1918625Z Site startup probe failed after 29.5799152 seconds.
2025-12-13T17:24:46.5412441Z Failed to start site. Revert by stopping site.
2025-12-13T17:24:46.5587439Z Site: unioneyes-staging-app stopped.
2025-12-13T17:24:47.3633838Z Site: unioneyes-staging-app will be blocked for 4 minutes till 12/13/2025 17:28:47
2025-12-13T17:28:47.3611330Z Site: unioneyes-staging-app is unblocked.
2025-12-13T17:36:07.7508472Z Site container: unioneyes-staging-app terminated during site startup.
2025-12-13T17:36:07.7724924Z Site startup probe failed after 20.353057 seconds.
2025-12-13T17:36:07.9276234Z Failed to start site. Revert by stopping site.
2025-12-13T17:36:07.9353730Z Site: unioneyes-staging-app stopped.
2025-12-13T17:36:08.7958003Z Site: unioneyes-staging-app will be blocked for 4 minutes till 12/13/2025 17:40:08
2025-12-13T17:40:08.7982900Z Site: unioneyes-staging-app is unblocked.
2025-12-13T17:48:57.2781225Z Site container: unioneyes-staging-app terminated during site startup.
2025-12-13T17:48:57.2881878Z Site startup probe failed after 18.0898786 seconds.
2025-12-13T17:48:57.4630130Z Failed to start site. Revert by stopping site.
2025-12-13T17:48:57.4729273Z Site: unioneyes-staging-app stopped.
2025-12-13T17:48:58.0375976Z Site: unioneyes-staging-app will be blocked for 4 minutes till 12/13/2025 17:52:58
2025-12-13T17:52:58.0397625Z Site: unioneyes-staging-app is unblocked.
2025-12-13T18:08:53.3432759Z Site container: unioneyes-staging-app terminated during site startup.
2025-12-13T18:08:53.3651552Z Site startup probe failed after 17.7462816 seconds.
2025-12-13T18:08:53.5283630Z Failed to start site. Revert by stopping site.
2025-12-13T18:08:53.5396311Z Site: unioneyes-staging-app stopped.
2025-12-13T18:08:54.0966057Z Site: unioneyes-staging-app will be blocked for 4 minutes till 12/13/2025 18:12:54
2025-12-13T18:12:54.0985551Z Site: unioneyes-staging-app is unblocked.
2025-12-13T18:26:08.3674832Z Site container: unioneyes-staging-app terminated during site startup.
2025-12-13T18:26:08.3964336Z Site startup probe failed after 20.9494122 seconds.
2025-12-13T18:26:08.6216367Z Failed to start site. Revert by stopping site.
2025-12-13T18:26:08.6398576Z Site: unioneyes-staging-app stopped.
2025-12-13T18:26:09.4251344Z Site: unioneyes-staging-app will be blocked for 4 minutes till 12/13/2025 18:30:09
2025-12-13T18:30:09.4259879Z Site: unioneyes-staging-app is unblocked.
2025-12-13T18:41:42.1978721Z Site container: unioneyes-staging-app terminated during site startup.
2025-12-13T18:41:42.2101261Z Site startup probe failed after 17.2918782 seconds.
2025-12-13T18:41:42.3728556Z Failed to start site. Revert by stopping site.
2025-12-13T18:41:42.3833238Z Site: unioneyes-staging-app stopped.
2025-12-13T18:41:43.1945428Z Site: unioneyes-staging-app will be blocked for 4 minutes till 12/13/2025 18:45:43
2025-12-13T18:45:43.1971748Z Site: unioneyes-staging-app is unblocked.
2025-12-13T18:52:39.8544481Z Site container: unioneyes-staging-app terminated during site startup.
2025-12-13T18:52:39.8740123Z Site startup probe failed after 39.465813 seconds.
2025-12-13T18:52:40.0372435Z Failed to start site. Revert by stopping site.
2025-12-13T18:52:40.0556741Z Site: unioneyes-staging-app stopped.
2025-12-13T18:52:40.7254784Z Site: unioneyes-staging-app will be blocked for 4 minutes till 12/13/2025 18:56:40
2025-12-13T18:56:40.7316017Z Site: unioneyes-staging-app is unblocked.
2025-12-13T19:06:19.1996464Z Site container: unioneyes-staging-app terminated during site startup.
2025-12-13T19:06:19.2447934Z Site startup probe failed after 20.247316 seconds.
2025-12-13T19:06:19.4150900Z Failed to start site. Revert by stopping site.
2025-12-13T19:06:19.4251608Z Site: unioneyes-staging-app stopped.
2025-12-13T19:06:20.1044208Z Site: unioneyes-staging-app will be blocked for 4 minutes till 12/13/2025 19:10:20
2025-12-13T19:10:20.1028215Z Site: unioneyes-staging-app is unblocked.
2025-12-13T19:22:47.8843730Z Site container: unioneyes-staging-app terminated during site startup.
2025-12-13T19:22:47.9209659Z Site startup probe failed after 17.4603681 seconds.
2025-12-13T19:22:48.0779574Z Failed to start site. Revert by stopping site.
2025-12-13T19:22:48.0853204Z Site: unioneyes-staging-app stopped.
2025-12-13T19:22:48.8117057Z Site: unioneyes-staging-app will be blocked for 4 minutes till 12/13/2025 19:26:48
2025-12-13T19:26:48.8133853Z Site: unioneyes-staging-app is unblocked.
2025-12-13T19:34:52.9533897Z Site container: unioneyes-staging-app terminated during site startup.
2025-12-13T19:34:52.9924883Z Site startup probe failed after 23.0454909 seconds.
2025-12-13T19:34:53.2064043Z Failed to start site. Revert by stopping site.
2025-12-13T19:34:53.2164670Z Site: unioneyes-staging-app stopped.
2025-12-13T19:34:53.8399775Z Site: unioneyes-staging-app will be blocked for 4 minutes till 12/13/2025 19:38:53
2025-12-13T19:38:53.8440783Z Site: unioneyes-staging-app is unblocked.
2025-12-13T19:48:52.0856954Z Site container: unioneyes-staging-app terminated during site startup.
2025-12-13T19:48:52.1054533Z Site startup probe failed after 18.1528912 seconds.
2025-12-13T19:48:52.2919405Z Failed to start site. Revert by stopping site.
2025-12-13T19:48:52.3004164Z Site: unioneyes-staging-app stopped.
2025-12-13T19:48:52.9743059Z Site: unioneyes-staging-app will be blocked for 4 minutes till 12/13/2025 19:52:52
2025-12-13T19:52:52.9743002Z Site: unioneyes-staging-app is unblocked.
2025-12-13T20:07:33.9256822Z Site container: unioneyes-staging-app terminated during site startup.
2025-12-13T20:07:33.9449445Z Site startup probe failed after 32.7317219 seconds.
2025-12-13T20:07:34.4250701Z Failed to start site. Revert by stopping site.
2025-12-13T20:07:34.4629532Z Site: unioneyes-staging-app stopped.
2025-12-13T20:07:36.1040090Z Site: unioneyes-staging-app will be blocked for 4 minutes till 12/13/2025 20:11:36
2025-12-13T20:11:36.9147356Z Site: unioneyes-staging-app is unblocked.
2025-12-13T20:25:19.6370335Z Site container: unioneyes-staging-app terminated during site startup.
2025-12-13T20:25:19.6726265Z Site startup probe failed after 22.8024878 seconds.
2025-12-13T20:25:19.8404154Z Failed to start site. Revert by stopping site.
2025-12-13T20:25:19.8482095Z Site: unioneyes-staging-app stopped.
2025-12-13T20:25:20.5120087Z Site: unioneyes-staging-app will be blocked for 4 minutes till 12/13/2025 20:29:20
2025-12-13T20:29:20.5137149Z Site: unioneyes-staging-app is unblocked.
2025-12-13T20:37:46.4331255Z Site container: unioneyes-staging-app terminated during site startup.
2025-12-13T20:37:46.4591273Z Site startup probe failed after 29.6351183 seconds.
2025-12-13T20:37:46.6042578Z Failed to start site. Revert by stopping site.
2025-12-13T20:37:46.6142927Z Site: unioneyes-staging-app stopped.
2025-12-13T20:37:47.2182224Z Site: unioneyes-staging-app will be blocked for 4 minutes till 12/13/2025 20:41:47
2025-12-13T20:41:47.2135599Z Site: unioneyes-staging-app is unblocked.
2025-12-13T20:49:31.6373826Z Site container: unioneyes-staging-app terminated during site startup.
2025-12-13T20:49:31.6495409Z Site startup probe failed after 22.8114407 seconds.
2025-12-13T20:49:31.8119961Z Failed to start site. Revert by stopping site.
2025-12-13T20:49:31.8217091Z Site: unioneyes-staging-app stopped.
2025-12-13T20:49:32.5477842Z Site: unioneyes-staging-app will be blocked for 4 minutes till 12/13/2025 20:53:32
2025-12-13T20:53:32.5504874Z Site: unioneyes-staging-app is unblocked.
2025-12-13T21:06:27.7892242Z Site container: unioneyes-staging-app terminated during site startup.
2025-12-13T21:06:27.8165580Z Site startup probe failed after 19.7158939 seconds.
2025-12-13T21:06:27.9808620Z Failed to start site. Revert by stopping site.
2025-12-13T21:06:27.9964267Z Site: unioneyes-staging-app stopped.
2025-12-13T21:06:28.9397247Z Site: unioneyes-staging-app will be blocked for 4 minutes till 12/13/2025 21:10:28
2025-12-13T21:10:28.9382721Z Site: unioneyes-staging-app is unblocked.
2025-12-13T21:24:31.1636365Z Site container: unioneyes-staging-app terminated during site startup.
2025-12-13T21:24:31.2138828Z Site startup probe failed after 34.5051298 seconds.
2025-12-13T21:24:31.4762657Z Failed to start site. Revert by stopping site.
2025-12-13T21:24:31.5036333Z Site: unioneyes-staging-app stopped.
2025-12-13T21:24:32.5817371Z Site: unioneyes-staging-app will be blocked for 4 minutes till 12/13/2025 21:28:32
2025-12-13T21:28:32.5867762Z Site: unioneyes-staging-app is unblocked.
2025-12-13T21:35:49.4000127Z Site container: unioneyes-staging-app terminated during site startup.
2025-12-13T21:35:49.4270220Z Site startup probe failed after 26.6743501 seconds.
2025-12-13T21:35:49.6405643Z Failed to start site. Revert by stopping site.
2025-12-13T21:35:49.6612891Z Site: unioneyes-staging-app stopped.
2025-12-13T21:35:50.3645466Z Site: unioneyes-staging-app will be blocked for 4 minutes till 12/13/2025 21:39:50
2025-12-13T21:39:50.3663888Z Site: unioneyes-staging-app is unblocked.
2025-12-13T21:49:28.8736686Z Site container: unioneyes-staging-app terminated during site startup.
2025-12-13T21:49:28.8808920Z Site startup probe failed after 26.2763053 seconds.
2025-12-13T21:49:29.0630803Z Failed to start site. Revert by stopping site.
2025-12-13T21:49:29.0635861Z Site: unioneyes-staging-app stopped.
2025-12-13T21:49:29.7420790Z Site: unioneyes-staging-app will be blocked for 4 minutes till 12/13/2025 21:53:29
2025-12-13T21:53:29.7439725Z Site: unioneyes-staging-app is unblocked.
2025-12-13T22:06:46.9343853Z Site container: unioneyes-staging-app terminated during site startup.
2025-12-13T22:06:46.9573464Z Site startup probe failed after 17.767815 seconds.
2025-12-13T22:06:47.1524357Z Failed to start site. Revert by stopping site.
2025-12-13T22:06:47.1584686Z Site: unioneyes-staging-app stopped.
2025-12-13T22:06:47.8175793Z Site: unioneyes-staging-app will be blocked for 4 minutes till 12/13/2025 22:10:47
2025-12-13T22:10:47.8190119Z Site: unioneyes-staging-app is unblocked.
2025-12-13T22:25:06.6051626Z Site container: unioneyes-staging-app terminated during site startup.
2025-12-13T22:25:06.7924897Z Site startup probe failed after 31.5375434 seconds.
2025-12-13T22:25:07.0635965Z Failed to start site. Revert by stopping site.
2025-12-13T22:25:07.0648204Z Site: unioneyes-staging-app stopped.
2025-12-13T22:25:08.0148348Z Site: unioneyes-staging-app will be blocked for 4 minutes till 12/13/2025 22:29:08
2025-12-13T22:29:08.0139219Z Site: unioneyes-staging-app is unblocked.
2025-12-13T22:37:45.5548687Z Site container: unioneyes-staging-app terminated during site startup.
2025-12-13T22:37:45.5845900Z Site startup probe failed after 32.2472912 seconds.
2025-12-13T22:37:45.7603301Z Failed to start site. Revert by stopping site.
2025-12-13T22:37:45.7690441Z Site: unioneyes-staging-app stopped.
2025-12-13T22:37:46.5454998Z Site: unioneyes-staging-app will be blocked for 4 minutes till 12/13/2025 22:41:46
2025-12-13T22:41:46.5464318Z Site: unioneyes-staging-app is unblocked.
2025-12-13T22:49:35.5035129Z Site container: unioneyes-staging-app terminated during site startup.
2025-12-13T22:49:35.5221671Z Site startup probe failed after 18.3129529 seconds.
2025-12-13T22:49:35.7285593Z Failed to start site. Revert by stopping site.
2025-12-13T22:49:35.7483464Z Site: unioneyes-staging-app stopped.
2025-12-13T22:49:36.6029617Z Site: unioneyes-staging-app will be blocked for 4 minutes till 12/13/2025 22:53:36
2025-12-13T22:53:36.6011677Z Site: unioneyes-staging-app is unblocked.
2025-12-13T23:06:58.0512768Z Site container: unioneyes-staging-app terminated during site startup.
2025-12-13T23:06:58.2453384Z Site startup probe failed after 17.8298618 seconds.
2025-12-13T23:06:58.5027435Z Failed to start site. Revert by stopping site.
2025-12-13T23:06:58.5220910Z Site: unioneyes-staging-app stopped.
2025-12-13T23:06:59.2331715Z Site: unioneyes-staging-app will be blocked for 4 minutes till 12/13/2025 23:10:59
2025-12-13T23:10:59.2401215Z Site: unioneyes-staging-app is unblocked.
2025-12-13T23:24:50.5166546Z Site container: unioneyes-staging-app terminated during site startup.
2025-12-13T23:24:50.5891395Z Site startup probe failed after 30.6542522 seconds.
2025-12-13T23:24:50.8194811Z Failed to start site. Revert by stopping site.
2025-12-13T23:24:50.8294346Z Site: unioneyes-staging-app stopped.
2025-12-13T23:24:51.7039173Z Site: unioneyes-staging-app will be blocked for 4 minutes till 12/13/2025 23:28:51
2025-12-13T23:28:51.7039552Z Site: unioneyes-staging-app is unblocked.
2025-12-13T23:35:57.8969391Z Site container: unioneyes-staging-app terminated during site startup.
2025-12-13T23:35:57.9157007Z Site startup probe failed after 18.244681 seconds.
2025-12-13T23:35:58.0729903Z Failed to start site. Revert by stopping site.
2025-12-13T23:35:58.0816229Z Site: unioneyes-staging-app stopped.
2025-12-13T23:35:58.6469394Z Site: unioneyes-staging-app will be blocked for 4 minutes till 12/13/2025 23:39:58
2025-12-13T23:39:58.6471220Z Site: unioneyes-staging-app is unblocked.
2025-12-13T23:49:25.2020175Z Site container: unioneyes-staging-app terminated during site startup.
2025-12-13T23:49:25.2135702Z Site startup probe failed after 24.3396083 seconds.
2025-12-13T23:49:25.3799783Z Failed to start site. Revert by stopping site.
2025-12-13T23:49:25.3882102Z Site: unioneyes-staging-app stopped.
