2025-12-26T00:21:25.4892802Z  ⚠ You are using a non-standard "NODE_ENV" value in your environment. This creates inconsistencies in the project and is strongly advised against. Read more: https://nextjs.org/docs/messages/non-standard-node-env
2025-12-26T00:21:29.6074265Z   ▲ Next.js 14.2.7
2025-12-26T00:21:29.6074681Z   - Local:        http://localhost:3000
2025-12-26T00:21:29.6074715Z 
2025-12-26T00:21:29.6074804Z  ✓ Starting...
2025-12-26T00:21:38.1146342Z Error: Could not find a production build in the '.next' directory. Try building your app with 'next build' before starting the production server. https://nextjs.org/docs/messages/production-start-no-build-id
2025-12-26T00:21:38.1164769Z     at setupFsCheck (/app/node_modules/.pnpm/next@14.2.7_@babel+core@7.28.5_@opentelemetry+api@1.9.0_react-dom@18.3.1_react@18.3.1__react@18.3.1/node_modules/next/dist/server/lib/router-utils/filesystem.js:151:19)
2025-12-26T00:21:38.1181163Z     at async initialize (/app/node_modules/.pnpm/next@14.2.7_@babel+core@7.28.5_@opentelemetry+api@1.9.0_react-dom@18.3.1_react@18.3.1__react@18.3.1/node_modules/next/dist/server/lib/router-server.js:62:23)
2025-12-26T00:21:38.1341344Z     at async Server.<anonymous> (/app/node_modules/.pnpm/next@14.2.7_@babel+core@7.28.5_@opentelemetry+api@1.9.0_react-dom@18.3.1_react@18.3.1__react@18.3.1/node_modules/next/dist/server/lib/start-server.js:249:36)
2025-12-26T00:56:27.5263300Z  ⚠ You are using a non-standard "NODE_ENV" value in your environment. This creates inconsistencies in the project and is strongly advised against. Read more: https://nextjs.org/docs/messages/non-standard-node-env
2025-12-26T00:56:29.2927162Z   ▲ Next.js 14.2.7
2025-12-26T00:56:29.2939141Z   - Local:        http://localhost:3000
2025-12-26T00:56:29.2939231Z 
2025-12-26T00:56:29.3008071Z  ✓ Starting...
2025-12-26T00:56:33.2386594Z Error: Could not find a production build in the '.next' directory. Try building your app with 'next build' before starting the production server. https://nextjs.org/docs/messages/production-start-no-build-id
2025-12-26T00:56:33.2387141Z     at setupFsCheck (/app/node_modules/.pnpm/next@14.2.7_@babel+core@7.28.5_@opentelemetry+api@1.9.0_react-dom@18.3.1_react@18.3.1__react@18.3.1/node_modules/next/dist/server/lib/router-utils/filesystem.js:151:19)
2025-12-26T00:56:33.2387183Z     at async initialize (/app/node_modules/.pnpm/next@14.2.7_@babel+core@7.28.5_@opentelemetry+api@1.9.0_react-dom@18.3.1_react@18.3.1__react@18.3.1/node_modules/next/dist/server/lib/router-server.js:62:23)
2025-12-26T00:56:33.2387214Z     at async Server.<anonymous> (/app/node_modules/.pnpm/next@14.2.7_@babel+core@7.28.5_@opentelemetry+api@1.9.0_react-dom@18.3.1_react@18.3.1__react@18.3.1/node_modules/next/dist/server/lib/start-server.js:249:36)
2025-12-26T01:31:30.8402328Z  ⚠ You are using a non-standard "NODE_ENV" value in your environment. This creates inconsistencies in the project and is strongly advised against. Read more: https://nextjs.org/docs/messages/non-standard-node-env
2025-12-26T01:31:32.8043879Z   ▲ Next.js 14.2.7
2025-12-26T01:31:32.8044167Z   - Local:        http://localhost:3000
2025-12-26T01:31:32.8044191Z 
2025-12-26T01:31:32.8044212Z  ✓ Starting...
2025-12-26T01:31:38.8367985Z Error: Could not find a production build in the '.next' directory. Try building your app with 'next build' before starting the production server. https://nextjs.org/docs/messages/production-start-no-build-id
2025-12-26T01:31:38.8368417Z     at setupFsCheck (/app/node_modules/.pnpm/next@14.2.7_@babel+core@7.28.5_@opentelemetry+api@1.9.0_react-dom@18.3.1_react@18.3.1__react@18.3.1/node_modules/next/dist/server/lib/router-utils/filesystem.js:151:19)
2025-12-26T01:31:38.8368453Z     at async initialize (/app/node_modules/.pnpm/next@14.2.7_@babel+core@7.28.5_@opentelemetry+api@1.9.0_react-dom@18.3.1_react@18.3.1__react@18.3.1/node_modules/next/dist/server/lib/router-server.js:62:23)
2025-12-26T01:31:38.8368484Z     at async Server.<anonymous> (/app/node_modules/.pnpm/next@14.2.7_@babel+core@7.28.5_@opentelemetry+api@1.9.0_react-dom@18.3.1_react@18.3.1__react@18.3.1/node_modules/next/dist/server/lib/start-server.js:249:36)
2025-12-26T02:06:29.9055605Z  ⚠ You are using a non-standard "NODE_ENV" value in your environment. This creates inconsistencies in the project and is strongly advised against. Read more: https://nextjs.org/docs/messages/non-standard-node-env
2025-12-26T02:06:31.4713621Z   ▲ Next.js 14.2.7
2025-12-26T02:06:31.4727951Z   - Local:        http://localhost:3000
2025-12-26T02:06:31.4738357Z 
2025-12-26T02:06:31.4806631Z  ✓ Starting...
2025-12-26T02:06:35.1089455Z Error: Could not find a production build in the '.next' directory. Try building your app with 'next build' before starting the production server. https://nextjs.org/docs/messages/production-start-no-build-id
2025-12-26T02:06:35.1089897Z     at setupFsCheck (/app/node_modules/.pnpm/next@14.2.7_@babel+core@7.28.5_@opentelemetry+api@1.9.0_react-dom@18.3.1_react@18.3.1__react@18.3.1/node_modules/next/dist/server/lib/router-utils/filesystem.js:151:19)
2025-12-26T02:06:35.1089933Z     at async initialize (/app/node_modules/.pnpm/next@14.2.7_@babel+core@7.28.5_@opentelemetry+api@1.9.0_react-dom@18.3.1_react@18.3.1__react@18.3.1/node_modules/next/dist/server/lib/router-server.js:62:23)
2025-12-26T02:06:35.1089961Z     at async Server.<anonymous> (/app/node_modules/.pnpm/next@14.2.7_@babel+core@7.28.5_@opentelemetry+api@1.9.0_react-dom@18.3.1_react@18.3.1__react@18.3.1/node_modules/next/dist/server/lib/start-server.js:249:36)
2025-12-26T02:41:31.4917968Z  ⚠ You are using a non-standard "NODE_ENV" value in your environment. This creates inconsistencies in the project and is strongly advised against. Read more: https://nextjs.org/docs/messages/non-standard-node-env
2025-12-26T02:41:33.1916675Z   ▲ Next.js 14.2.7
2025-12-26T02:41:33.1926274Z   - Local:        http://localhost:3000
2025-12-26T02:41:33.1938339Z 
2025-12-26T02:41:33.1938653Z  ✓ Starting...
2025-12-26T02:41:38.4539027Z Error: Could not find a production build in the '.next' directory. Try building your app with 'next build' before starting the production server. https://nextjs.org/docs/messages/production-start-no-build-id
2025-12-26T02:41:38.4539342Z     at setupFsCheck (/app/node_modules/.pnpm/next@14.2.7_@babel+core@7.28.5_@opentelemetry+api@1.9.0_react-dom@18.3.1_react@18.3.1__react@18.3.1/node_modules/next/dist/server/lib/router-utils/filesystem.js:151:19)
2025-12-26T02:41:38.4539376Z     at async initialize (/app/node_modules/.pnpm/next@14.2.7_@babel+core@7.28.5_@opentelemetry+api@1.9.0_react-dom@18.3.1_react@18.3.1__react@18.3.1/node_modules/next/dist/server/lib/router-server.js:62:23)
2025-12-26T02:41:38.4539404Z     at async Server.<anonymous> (/app/node_modules/.pnpm/next@14.2.7_@babel+core@7.28.5_@opentelemetry+api@1.9.0_react-dom@18.3.1_react@18.3.1__react@18.3.1/node_modules/next/dist/server/lib/start-server.js:249:36)
2025-12-26T03:16:32.9351631Z  ⚠ You are using a non-standard "NODE_ENV" value in your environment. This creates inconsistencies in the project and is strongly advised against. Read more: https://nextjs.org/docs/messages/non-standard-node-env
2025-12-26T03:16:34.3171417Z   ▲ Next.js 14.2.7
2025-12-26T03:16:34.3176570Z   - Local:        http://localhost:3000
2025-12-26T03:16:34.3179771Z 
2025-12-26T03:16:34.3182107Z  ✓ Starting...
2025-12-26T03:16:39.5701531Z Error: Could not find a production build in the '.next' directory. Try building your app with 'next build' before starting the production server. https://nextjs.org/docs/messages/production-start-no-build-id
2025-12-26T03:16:39.5701833Z     at setupFsCheck (/app/node_modules/.pnpm/next@14.2.7_@babel+core@7.28.5_@opentelemetry+api@1.9.0_react-dom@18.3.1_react@18.3.1__react@18.3.1/node_modules/next/dist/server/lib/router-utils/filesystem.js:151:19)
2025-12-26T03:16:39.5701864Z     at async initialize (/app/node_modules/.pnpm/next@14.2.7_@babel+core@7.28.5_@opentelemetry+api@1.9.0_react-dom@18.3.1_react@18.3.1__react@18.3.1/node_modules/next/dist/server/lib/router-server.js:62:23)
2025-12-26T03:16:39.5701892Z     at async Server.<anonymous> (/app/node_modules/.pnpm/next@14.2.7_@babel+core@7.28.5_@opentelemetry+api@1.9.0_react-dom@18.3.1_react@18.3.1__react@18.3.1/node_modules/next/dist/server/lib/start-server.js:249:36)
2025-12-26T03:51:38.9267770Z  ⚠ You are using a non-standard "NODE_ENV" value in your environment. This creates inconsistencies in the project and is strongly advised against. Read more: https://nextjs.org/docs/messages/non-standard-node-env
2025-12-26T03:51:43.0005730Z   ▲ Next.js 14.2.7
2025-12-26T03:51:43.0179030Z   - Local:        http://localhost:3000
2025-12-26T03:51:43.0179221Z 
2025-12-26T03:51:43.0179254Z  ✓ Starting...
2025-12-26T03:51:50.5009110Z Error: Could not find a production build in the '.next' directory. Try building your app with 'next build' before starting the production server. https://nextjs.org/docs/messages/production-start-no-build-id
2025-12-26T03:51:50.5188657Z     at setupFsCheck (/app/node_modules/.pnpm/next@14.2.7_@babel+core@7.28.5_@opentelemetry+api@1.9.0_react-dom@18.3.1_react@18.3.1__react@18.3.1/node_modules/next/dist/server/lib/router-utils/filesystem.js:151:19)
2025-12-26T03:51:50.5197424Z     at async initialize (/app/node_modules/.pnpm/next@14.2.7_@babel+core@7.28.5_@opentelemetry+api@1.9.0_react-dom@18.3.1_react@18.3.1__react@18.3.1/node_modules/next/dist/server/lib/router-server.js:62:23)
2025-12-26T03:51:50.5203832Z     at async Server.<anonymous> (/app/node_modules/.pnpm/next@14.2.7_@babel+core@7.28.5_@opentelemetry+api@1.9.0_react-dom@18.3.1_react@18.3.1__react@18.3.1/node_modules/next/dist/server/lib/start-server.js:249:36)
2025-12-26T04:26:41.4584228Z  ⚠ You are using a non-standard "NODE_ENV" value in your environment. This creates inconsistencies in the project and is strongly advised against. Read more: https://nextjs.org/docs/messages/non-standard-node-env
2025-12-26T04:26:42.8978164Z   ▲ Next.js 14.2.7
2025-12-26T04:26:42.8978569Z   - Local:        http://localhost:3000
2025-12-26T04:26:42.8978594Z 
2025-12-26T04:26:42.8978616Z  ✓ Starting...
2025-12-26T04:26:46.9497611Z Error: Could not find a production build in the '.next' directory. Try building your app with 'next build' before starting the production server. https://nextjs.org/docs/messages/production-start-no-build-id
2025-12-26T04:26:46.9498199Z     at setupFsCheck (/app/node_modules/.pnpm/next@14.2.7_@babel+core@7.28.5_@opentelemetry+api@1.9.0_react-dom@18.3.1_react@18.3.1__react@18.3.1/node_modules/next/dist/server/lib/router-utils/filesystem.js:151:19)
2025-12-26T04:26:46.9498240Z     at async initialize (/app/node_modules/.pnpm/next@14.2.7_@babel+core@7.28.5_@opentelemetry+api@1.9.0_react-dom@18.3.1_react@18.3.1__react@18.3.1/node_modules/next/dist/server/lib/router-server.js:62:23)
2025-12-26T04:26:46.9498270Z     at async Server.<anonymous> (/app/node_modules/.pnpm/next@14.2.7_@babel+core@7.28.5_@opentelemetry+api@1.9.0_react-dom@18.3.1_react@18.3.1__react@18.3.1/node_modules/next/dist/server/lib/start-server.js:249:36)
2025-12-26T05:01:43.1186026Z  ⚠ You are using a non-standard "NODE_ENV" value in your environment. This creates inconsistencies in the project and is strongly advised against. Read more: https://nextjs.org/docs/messages/non-standard-node-env
2025-12-26T05:01:46.4898438Z   ▲ Next.js 14.2.7
2025-12-26T05:01:46.4972605Z   - Local:        http://localhost:3000
2025-12-26T05:01:46.5069590Z 
2025-12-26T05:01:46.5069796Z  ✓ Starting...
2025-12-26T05:01:50.1132667Z Error: Could not find a production build in the '.next' directory. Try building your app with 'next build' before starting the production server. https://nextjs.org/docs/messages/production-start-no-build-id
2025-12-26T05:01:50.1133209Z     at setupFsCheck (/app/node_modules/.pnpm/next@14.2.7_@babel+core@7.28.5_@opentelemetry+api@1.9.0_react-dom@18.3.1_react@18.3.1__react@18.3.1/node_modules/next/dist/server/lib/router-utils/filesystem.js:151:19)
2025-12-26T05:01:50.1133245Z     at async initialize (/app/node_modules/.pnpm/next@14.2.7_@babel+core@7.28.5_@opentelemetry+api@1.9.0_react-dom@18.3.1_react@18.3.1__react@18.3.1/node_modules/next/dist/server/lib/router-server.js:62:23)
2025-12-26T05:01:50.1133273Z     at async Server.<anonymous> (/app/node_modules/.pnpm/next@14.2.7_@babel+core@7.28.5_@opentelemetry+api@1.9.0_react-dom@18.3.1_react@18.3.1__react@18.3.1/node_modules/next/dist/server/lib/start-server.js:249:36)
2025-12-26T05:36:42.0921757Z  ⚠ You are using a non-standard "NODE_ENV" value in your environment. This creates inconsistencies in the project and is strongly advised against. Read more: https://nextjs.org/docs/messages/non-standard-node-env
2025-12-26T05:36:43.6569648Z   ▲ Next.js 14.2.7
2025-12-26T05:36:43.6583243Z   - Local:        http://localhost:3000
2025-12-26T05:36:43.6591933Z 
2025-12-26T05:36:43.6661778Z  ✓ Starting...
2025-12-26T05:36:47.3060127Z Error: Could not find a production build in the '.next' directory. Try building your app with 'next build' before starting the production server. https://nextjs.org/docs/messages/production-start-no-build-id
2025-12-26T05:36:47.3060664Z     at setupFsCheck (/app/node_modules/.pnpm/next@14.2.7_@babel+core@7.28.5_@opentelemetry+api@1.9.0_react-dom@18.3.1_react@18.3.1__react@18.3.1/node_modules/next/dist/server/lib/router-utils/filesystem.js:151:19)
2025-12-26T05:36:47.3060704Z     at async initialize (/app/node_modules/.pnpm/next@14.2.7_@babel+core@7.28.5_@opentelemetry+api@1.9.0_react-dom@18.3.1_react@18.3.1__react@18.3.1/node_modules/next/dist/server/lib/router-server.js:62:23)
2025-12-26T05:36:47.3060733Z     at async Server.<anonymous> (/app/node_modules/.pnpm/next@14.2.7_@babel+core@7.28.5_@opentelemetry+api@1.9.0_react-dom@18.3.1_react@18.3.1__react@18.3.1/node_modules/next/dist/server/lib/start-server.js:249:36)
2025-12-26T06:11:45.0547285Z  ⚠ You are using a non-standard "NODE_ENV" value in your environment. This creates inconsistencies in the project and is strongly advised against. Read more: https://nextjs.org/docs/messages/non-standard-node-env
2025-12-26T06:11:46.7582966Z   ▲ Next.js 14.2.7
2025-12-26T06:11:46.7617933Z   - Local:        http://localhost:3000
2025-12-26T06:11:46.7675470Z 
2025-12-26T06:11:46.7691291Z  ✓ Starting...
2025-12-26T06:11:50.1998716Z Error: Could not find a production build in the '.next' directory. Try building your app with 'next build' before starting the production server. https://nextjs.org/docs/messages/production-start-no-build-id
2025-12-26T06:11:50.1999104Z     at setupFsCheck (/app/node_modules/.pnpm/next@14.2.7_@babel+core@7.28.5_@opentelemetry+api@1.9.0_react-dom@18.3.1_react@18.3.1__react@18.3.1/node_modules/next/dist/server/lib/router-utils/filesystem.js:151:19)
2025-12-26T06:11:50.1999135Z     at async initialize (/app/node_modules/.pnpm/next@14.2.7_@babel+core@7.28.5_@opentelemetry+api@1.9.0_react-dom@18.3.1_react@18.3.1__react@18.3.1/node_modules/next/dist/server/lib/router-server.js:62:23)
2025-12-26T06:11:50.1999162Z     at async Server.<anonymous> (/app/node_modules/.pnpm/next@14.2.7_@babel+core@7.28.5_@opentelemetry+api@1.9.0_react-dom@18.3.1_react@18.3.1__react@18.3.1/node_modules/next/dist/server/lib/start-server.js:249:36)
2025-12-26T06:46:47.9833034Z  ⚠ You are using a non-standard "NODE_ENV" value in your environment. This creates inconsistencies in the project and is strongly advised against. Read more: https://nextjs.org/docs/messages/non-standard-node-env
2025-12-26T06:46:49.8382453Z   ▲ Next.js 14.2.7
2025-12-26T06:46:49.8562751Z   - Local:        http://localhost:3000
2025-12-26T06:46:49.8563066Z 
2025-12-26T06:46:49.8563384Z  ✓ Starting...
2025-12-26T06:46:53.1541832Z Error: Could not find a production build in the '.next' directory. Try building your app with 'next build' before starting the production server. https://nextjs.org/docs/messages/production-start-no-build-id
2025-12-26T06:46:53.1542673Z     at setupFsCheck (/app/node_modules/.pnpm/next@14.2.7_@babel+core@7.28.5_@opentelemetry+api@1.9.0_react-dom@18.3.1_react@18.3.1__react@18.3.1/node_modules/next/dist/server/lib/router-utils/filesystem.js:151:19)
2025-12-26T06:46:53.1542706Z     at async initialize (/app/node_modules/.pnpm/next@14.2.7_@babel+core@7.28.5_@opentelemetry+api@1.9.0_react-dom@18.3.1_react@18.3.1__react@18.3.1/node_modules/next/dist/server/lib/router-server.js:62:23)
2025-12-26T06:46:53.1542737Z     at async Server.<anonymous> (/app/node_modules/.pnpm/next@14.2.7_@babel+core@7.28.5_@opentelemetry+api@1.9.0_react-dom@18.3.1_react@18.3.1__react@18.3.1/node_modules/next/dist/server/lib/start-server.js:249:36)
2025-12-26T07:21:52.3264337Z  ⚠ You are using a non-standard "NODE_ENV" value in your environment. This creates inconsistencies in the project and is strongly advised against. Read more: https://nextjs.org/docs/messages/non-standard-node-env
2025-12-26T07:21:55.6523157Z   ▲ Next.js 14.2.7
2025-12-26T07:21:55.6523586Z   - Local:        http://localhost:3000
2025-12-26T07:21:55.6523620Z 
2025-12-26T07:21:55.6523641Z  ✓ Starting...
2025-12-26T07:22:05.9529686Z Error: Could not find a production build in the '.next' directory. Try building your app with 'next build' before starting the production server. https://nextjs.org/docs/messages/production-start-no-build-id
2025-12-26T07:22:05.9710755Z     at setupFsCheck (/app/node_modules/.pnpm/next@14.2.7_@babel+core@7.28.5_@opentelemetry+api@1.9.0_react-dom@18.3.1_react@18.3.1__react@18.3.1/node_modules/next/dist/server/lib/router-utils/filesystem.js:151:19)
2025-12-26T07:22:05.9710848Z     at async initialize (/app/node_modules/.pnpm/next@14.2.7_@babel+core@7.28.5_@opentelemetry+api@1.9.0_react-dom@18.3.1_react@18.3.1__react@18.3.1/node_modules/next/dist/server/lib/router-server.js:62:23)
2025-12-26T07:22:05.9710884Z     at async Server.<anonymous> (/app/node_modules/.pnpm/next@14.2.7_@babel+core@7.28.5_@opentelemetry+api@1.9.0_react-dom@18.3.1_react@18.3.1__react@18.3.1/node_modules/next/dist/server/lib/start-server.js:249:36)
2025-12-26T07:56:49.9633651Z  ⚠ You are using a non-standard "NODE_ENV" value in your environment. This creates inconsistencies in the project and is strongly advised against. Read more: https://nextjs.org/docs/messages/non-standard-node-env
2025-12-26T07:56:51.8182322Z   ▲ Next.js 14.2.7
2025-12-26T07:56:51.8182913Z   - Local:        http://localhost:3000
2025-12-26T07:56:51.8182941Z 
2025-12-26T07:56:51.8182965Z  ✓ Starting...
2025-12-26T07:56:56.0988509Z Error: Could not find a production build in the '.next' directory. Try building your app with 'next build' before starting the production server. https://nextjs.org/docs/messages/production-start-no-build-id
2025-12-26T07:56:56.0989038Z     at setupFsCheck (/app/node_modules/.pnpm/next@14.2.7_@babel+core@7.28.5_@opentelemetry+api@1.9.0_react-dom@18.3.1_react@18.3.1__react@18.3.1/node_modules/next/dist/server/lib/router-utils/filesystem.js:151:19)
2025-12-26T07:56:56.0989084Z     at async initialize (/app/node_modules/.pnpm/next@14.2.7_@babel+core@7.28.5_@opentelemetry+api@1.9.0_react-dom@18.3.1_react@18.3.1__react@18.3.1/node_modules/next/dist/server/lib/router-server.js:62:23)
2025-12-26T07:56:56.0989112Z     at async Server.<anonymous> (/app/node_modules/.pnpm/next@14.2.7_@babel+core@7.28.5_@opentelemetry+api@1.9.0_react-dom@18.3.1_react@18.3.1__react@18.3.1/node_modules/next/dist/server/lib/start-server.js:249:36)
2025-12-26T08:31:52.5641238Z  ⚠ You are using a non-standard "NODE_ENV" value in your environment. This creates inconsistencies in the project and is strongly advised against. Read more: https://nextjs.org/docs/messages/non-standard-node-env
2025-12-26T08:31:54.1032741Z   ▲ Next.js 14.2.7
2025-12-26T08:31:54.1037469Z   - Local:        http://localhost:3000
2025-12-26T08:31:54.1039903Z 
2025-12-26T08:31:54.1042000Z  ✓ Starting...
2025-12-26T08:31:58.8216584Z Error: Could not find a production build in the '.next' directory. Try building your app with 'next build' before starting the production server. https://nextjs.org/docs/messages/production-start-no-build-id
2025-12-26T08:31:58.8217799Z     at setupFsCheck (/app/node_modules/.pnpm/next@14.2.7_@babel+core@7.28.5_@opentelemetry+api@1.9.0_react-dom@18.3.1_react@18.3.1__react@18.3.1/node_modules/next/dist/server/lib/router-utils/filesystem.js:151:19)
2025-12-26T08:31:58.8217835Z     at async initialize (/app/node_modules/.pnpm/next@14.2.7_@babel+core@7.28.5_@opentelemetry+api@1.9.0_react-dom@18.3.1_react@18.3.1__react@18.3.1/node_modules/next/dist/server/lib/router-server.js:62:23)
2025-12-26T08:31:58.8217861Z     at async Server.<anonymous> (/app/node_modules/.pnpm/next@14.2.7_@babel+core@7.28.5_@opentelemetry+api@1.9.0_react-dom@18.3.1_react@18.3.1__react@18.3.1/node_modules/next/dist/server/lib/start-server.js:249:36)
2025-12-26T09:06:53.3977635Z  ⚠ You are using a non-standard "NODE_ENV" value in your environment. This creates inconsistencies in the project and is strongly advised against. Read more: https://nextjs.org/docs/messages/non-standard-node-env
2025-12-26T09:06:55.7013124Z   ▲ Next.js 14.2.7
2025-12-26T09:06:55.7121544Z   - Local:        http://localhost:3000
2025-12-26T09:06:55.7121722Z 
2025-12-26T09:06:55.7121754Z  ✓ Starting...
2025-12-26T09:06:59.7077179Z Error: Could not find a production build in the '.next' directory. Try building your app with 'next build' before starting the production server. https://nextjs.org/docs/messages/production-start-no-build-id
2025-12-26T09:06:59.7077703Z     at setupFsCheck (/app/node_modules/.pnpm/next@14.2.7_@babel+core@7.28.5_@opentelemetry+api@1.9.0_react-dom@18.3.1_react@18.3.1__react@18.3.1/node_modules/next/dist/server/lib/router-utils/filesystem.js:151:19)
2025-12-26T09:06:59.7077743Z     at async initialize (/app/node_modules/.pnpm/next@14.2.7_@babel+core@7.28.5_@opentelemetry+api@1.9.0_react-dom@18.3.1_react@18.3.1__react@18.3.1/node_modules/next/dist/server/lib/router-server.js:62:23)
2025-12-26T09:06:59.7077780Z     at async Server.<anonymous> (/app/node_modules/.pnpm/next@14.2.7_@babel+core@7.28.5_@opentelemetry+api@1.9.0_react-dom@18.3.1_react@18.3.1__react@18.3.1/node_modules/next/dist/server/lib/start-server.js:249:36)
2025-12-26T09:41:57.2892653Z  ⚠ You are using a non-standard "NODE_ENV" value in your environment. This creates inconsistencies in the project and is strongly advised against. Read more: https://nextjs.org/docs/messages/non-standard-node-env
2025-12-26T09:41:58.6742315Z   ▲ Next.js 14.2.7
2025-12-26T09:41:58.6743340Z   - Local:        http://localhost:3000
2025-12-26T09:41:58.6743372Z 
2025-12-26T09:41:58.6743575Z  ✓ Starting...
2025-12-26T09:42:02.9277974Z Error: Could not find a production build in the '.next' directory. Try building your app with 'next build' before starting the production server. https://nextjs.org/docs/messages/production-start-no-build-id
2025-12-26T09:42:02.9278461Z     at setupFsCheck (/app/node_modules/.pnpm/next@14.2.7_@babel+core@7.28.5_@opentelemetry+api@1.9.0_react-dom@18.3.1_react@18.3.1__react@18.3.1/node_modules/next/dist/server/lib/router-utils/filesystem.js:151:19)
2025-12-26T09:42:02.9278501Z     at async initialize (/app/node_modules/.pnpm/next@14.2.7_@babel+core@7.28.5_@opentelemetry+api@1.9.0_react-dom@18.3.1_react@18.3.1__react@18.3.1/node_modules/next/dist/server/lib/router-server.js:62:23)
2025-12-26T09:42:02.9278530Z     at async Server.<anonymous> (/app/node_modules/.pnpm/next@14.2.7_@babel+core@7.28.5_@opentelemetry+api@1.9.0_react-dom@18.3.1_react@18.3.1__react@18.3.1/node_modules/next/dist/server/lib/start-server.js:249:36)
2025-12-26T10:16:58.5445372Z  ⚠ You are using a non-standard "NODE_ENV" value in your environment. This creates inconsistencies in the project and is strongly advised against. Read more: https://nextjs.org/docs/messages/non-standard-node-env
2025-12-26T10:17:00.2407383Z   ▲ Next.js 14.2.7
2025-12-26T10:17:00.2414407Z   - Local:        http://localhost:3000
2025-12-26T10:17:00.2506008Z 
2025-12-26T10:17:00.2506220Z  ✓ Starting...
2025-12-26T10:17:05.5532285Z Error: Could not find a production build in the '.next' directory. Try building your app with 'next build' before starting the production server. https://nextjs.org/docs/messages/production-start-no-build-id
2025-12-26T10:17:05.5532751Z     at setupFsCheck (/app/node_modules/.pnpm/next@14.2.7_@babel+core@7.28.5_@opentelemetry+api@1.9.0_react-dom@18.3.1_react@18.3.1__react@18.3.1/node_modules/next/dist/server/lib/router-utils/filesystem.js:151:19)
2025-12-26T10:17:05.5532792Z     at async initialize (/app/node_modules/.pnpm/next@14.2.7_@babel+core@7.28.5_@opentelemetry+api@1.9.0_react-dom@18.3.1_react@18.3.1__react@18.3.1/node_modules/next/dist/server/lib/router-server.js:62:23)
2025-12-26T10:17:05.5532823Z     at async Server.<anonymous> (/app/node_modules/.pnpm/next@14.2.7_@babel+core@7.28.5_@opentelemetry+api@1.9.0_react-dom@18.3.1_react@18.3.1__react@18.3.1/node_modules/next/dist/server/lib/start-server.js:249:36)
2025-12-26T10:52:11.1577857Z  ⚠ You are using a non-standard "NODE_ENV" value in your environment. This creates inconsistencies in the project and is strongly advised against. Read more: https://nextjs.org/docs/messages/non-standard-node-env
2025-12-26T10:52:14.7969314Z   ▲ Next.js 14.2.7
2025-12-26T10:52:14.8341083Z   - Local:        http://localhost:3000
2025-12-26T10:52:14.8341367Z 
2025-12-26T10:52:14.8341403Z  ✓ Starting...
2025-12-26T10:52:24.6502820Z Error: Could not find a production build in the '.next' directory. Try building your app with 'next build' before starting the production server. https://nextjs.org/docs/messages/production-start-no-build-id
2025-12-26T10:52:24.6503409Z     at setupFsCheck (/app/node_modules/.pnpm/next@14.2.7_@babel+core@7.28.5_@opentelemetry+api@1.9.0_react-dom@18.3.1_react@18.3.1__react@18.3.1/node_modules/next/dist/server/lib/router-utils/filesystem.js:151:19)
2025-12-26T10:52:24.6503448Z     at async initialize (/app/node_modules/.pnpm/next@14.2.7_@babel+core@7.28.5_@opentelemetry+api@1.9.0_react-dom@18.3.1_react@18.3.1__react@18.3.1/node_modules/next/dist/server/lib/router-server.js:62:23)
2025-12-26T10:52:24.6503476Z     at async Server.<anonymous> (/app/node_modules/.pnpm/next@14.2.7_@babel+core@7.28.5_@opentelemetry+api@1.9.0_react-dom@18.3.1_react@18.3.1__react@18.3.1/node_modules/next/dist/server/lib/start-server.js:249:36)
2025-12-26T11:27:02.6347801Z  ⚠ You are using a non-standard "NODE_ENV" value in your environment. This creates inconsistencies in the project and is strongly advised against. Read more: https://nextjs.org/docs/messages/non-standard-node-env
2025-12-26T11:27:04.7479388Z   ▲ Next.js 14.2.7
2025-12-26T11:27:04.7567137Z   - Local:        http://localhost:3000
2025-12-26T11:27:04.7567314Z 
2025-12-26T11:27:04.7567425Z  ✓ Starting...
2025-12-26T11:27:09.2498640Z Error: Could not find a production build in the '.next' directory. Try building your app with 'next build' before starting the production server. https://nextjs.org/docs/messages/production-start-no-build-id
2025-12-26T11:27:09.2499227Z     at setupFsCheck (/app/node_modules/.pnpm/next@14.2.7_@babel+core@7.28.5_@opentelemetry+api@1.9.0_react-dom@18.3.1_react@18.3.1__react@18.3.1/node_modules/next/dist/server/lib/router-utils/filesystem.js:151:19)
2025-12-26T11:27:09.2499264Z     at async initialize (/app/node_modules/.pnpm/next@14.2.7_@babel+core@7.28.5_@opentelemetry+api@1.9.0_react-dom@18.3.1_react@18.3.1__react@18.3.1/node_modules/next/dist/server/lib/router-server.js:62:23)
2025-12-26T11:27:09.2499380Z     at async Server.<anonymous> (/app/node_modules/.pnpm/next@14.2.7_@babel+core@7.28.5_@opentelemetry+api@1.9.0_react-dom@18.3.1_react@18.3.1__react@18.3.1/node_modules/next/dist/server/lib/start-server.js:249:36)
2025-12-26T12:02:07.2020831Z  ⚠ You are using a non-standard "NODE_ENV" value in your environment. This creates inconsistencies in the project and is strongly advised against. Read more: https://nextjs.org/docs/messages/non-standard-node-env
2025-12-26T12:02:10.0688081Z   ▲ Next.js 14.2.7
2025-12-26T12:02:10.0812041Z   - Local:        http://localhost:3000
2025-12-26T12:02:10.0812464Z 
2025-12-26T12:02:10.0812594Z  ✓ Starting...
2025-12-26T12:02:15.8646669Z Error: Could not find a production build in the '.next' directory. Try building your app with 'next build' before starting the production server. https://nextjs.org/docs/messages/production-start-no-build-id
2025-12-26T12:02:15.8647068Z     at setupFsCheck (/app/node_modules/.pnpm/next@14.2.7_@babel+core@7.28.5_@opentelemetry+api@1.9.0_react-dom@18.3.1_react@18.3.1__react@18.3.1/node_modules/next/dist/server/lib/router-utils/filesystem.js:151:19)
2025-12-26T12:02:15.8647105Z     at async initialize (/app/node_modules/.pnpm/next@14.2.7_@babel+core@7.28.5_@opentelemetry+api@1.9.0_react-dom@18.3.1_react@18.3.1__react@18.3.1/node_modules/next/dist/server/lib/router-server.js:62:23)
2025-12-26T12:02:15.8647132Z     at async Server.<anonymous> (/app/node_modules/.pnpm/next@14.2.7_@babel+core@7.28.5_@opentelemetry+api@1.9.0_react-dom@18.3.1_react@18.3.1__react@18.3.1/node_modules/next/dist/server/lib/start-server.js:249:36)
2025-12-26T12:37:07.6538270Z  ⚠ You are using a non-standard "NODE_ENV" value in your environment. This creates inconsistencies in the project and is strongly advised against. Read more: https://nextjs.org/docs/messages/non-standard-node-env
2025-12-26T12:37:09.5068414Z   ▲ Next.js 14.2.7
2025-12-26T12:37:09.5089608Z   - Local:        http://localhost:3000
2025-12-26T12:37:09.5162107Z 
2025-12-26T12:37:09.5183713Z  ✓ Starting...
2025-12-26T12:37:17.3097531Z Error: Could not find a production build in the '.next' directory. Try building your app with 'next build' before starting the production server. https://nextjs.org/docs/messages/production-start-no-build-id
2025-12-26T12:37:17.3097932Z     at setupFsCheck (/app/node_modules/.pnpm/next@14.2.7_@babel+core@7.28.5_@opentelemetry+api@1.9.0_react-dom@18.3.1_react@18.3.1__react@18.3.1/node_modules/next/dist/server/lib/router-utils/filesystem.js:151:19)
2025-12-26T12:37:17.3097965Z     at async initialize (/app/node_modules/.pnpm/next@14.2.7_@babel+core@7.28.5_@opentelemetry+api@1.9.0_react-dom@18.3.1_react@18.3.1__react@18.3.1/node_modules/next/dist/server/lib/router-server.js:62:23)
2025-12-26T12:37:17.3097993Z     at async Server.<anonymous> (/app/node_modules/.pnpm/next@14.2.7_@babel+core@7.28.5_@opentelemetry+api@1.9.0_react-dom@18.3.1_react@18.3.1__react@18.3.1/node_modules/next/dist/server/lib/start-server.js:249:36)
2025-12-26T13:12:11.7186219Z  ⚠ You are using a non-standard "NODE_ENV" value in your environment. This creates inconsistencies in the project and is strongly advised against. Read more: https://nextjs.org/docs/messages/non-standard-node-env
2025-12-26T13:12:14.4190705Z   ▲ Next.js 14.2.7
2025-12-26T13:12:14.4191313Z   - Local:        http://localhost:3000
2025-12-26T13:12:14.4191503Z 
2025-12-26T13:12:14.4191529Z  ✓ Starting...
2025-12-26T13:12:24.0995945Z Error: Could not find a production build in the '.next' directory. Try building your app with 'next build' before starting the production server. https://nextjs.org/docs/messages/production-start-no-build-id
2025-12-26T13:12:24.0996488Z     at setupFsCheck (/app/node_modules/.pnpm/next@14.2.7_@babel+core@7.28.5_@opentelemetry+api@1.9.0_react-dom@18.3.1_react@18.3.1__react@18.3.1/node_modules/next/dist/server/lib/router-utils/filesystem.js:151:19)
2025-12-26T13:12:24.0996531Z     at async initialize (/app/node_modules/.pnpm/next@14.2.7_@babel+core@7.28.5_@opentelemetry+api@1.9.0_react-dom@18.3.1_react@18.3.1__react@18.3.1/node_modules/next/dist/server/lib/router-server.js:62:23)
2025-12-26T13:12:24.0996561Z     at async Server.<anonymous> (/app/node_modules/.pnpm/next@14.2.7_@babel+core@7.28.5_@opentelemetry+api@1.9.0_react-dom@18.3.1_react@18.3.1__react@18.3.1/node_modules/next/dist/server/lib/start-server.js:249:36)
2025-12-26T13:47:11.1416369Z  ⚠ You are using a non-standard "NODE_ENV" value in your environment. This creates inconsistencies in the project and is strongly advised against. Read more: https://nextjs.org/docs/messages/non-standard-node-env
2025-12-26T13:47:14.5885366Z   ▲ Next.js 14.2.7
2025-12-26T13:47:14.5981235Z   - Local:        http://localhost:3000
2025-12-26T13:47:14.5981485Z 
2025-12-26T13:47:14.5981518Z  ✓ Starting...
2025-12-26T13:47:25.0072250Z Error: Could not find a production build in the '.next' directory. Try building your app with 'next build' before starting the production server. https://nextjs.org/docs/messages/production-start-no-build-id
2025-12-26T13:47:25.0072751Z     at setupFsCheck (/app/node_modules/.pnpm/next@14.2.7_@babel+core@7.28.5_@opentelemetry+api@1.9.0_react-dom@18.3.1_react@18.3.1__react@18.3.1/node_modules/next/dist/server/lib/router-utils/filesystem.js:151:19)
2025-12-26T13:47:25.0072791Z     at async initialize (/app/node_modules/.pnpm/next@14.2.7_@babel+core@7.28.5_@opentelemetry+api@1.9.0_react-dom@18.3.1_react@18.3.1__react@18.3.1/node_modules/next/dist/server/lib/router-server.js:62:23)
2025-12-26T13:47:25.0072824Z     at async Server.<anonymous> (/app/node_modules/.pnpm/next@14.2.7_@babel+core@7.28.5_@opentelemetry+api@1.9.0_react-dom@18.3.1_react@18.3.1__react@18.3.1/node_modules/next/dist/server/lib/start-server.js:249:36)
2025-12-26T14:22:18.2408018Z  ⚠ You are using a non-standard "NODE_ENV" value in your environment. This creates inconsistencies in the project and is strongly advised against. Read more: https://nextjs.org/docs/messages/non-standard-node-env
2025-12-26T14:22:21.9944344Z   ▲ Next.js 14.2.7
2025-12-26T14:22:22.0243981Z   - Local:        http://localhost:3000
2025-12-26T14:22:22.0244270Z 
2025-12-26T14:22:22.0244309Z  ✓ Starting...
2025-12-26T14:22:35.7441035Z Error: Could not find a production build in the '.next' directory. Try building your app with 'next build' before starting the production server. https://nextjs.org/docs/messages/production-start-no-build-id
2025-12-26T14:22:35.7441467Z     at setupFsCheck (/app/node_modules/.pnpm/next@14.2.7_@babel+core@7.28.5_@opentelemetry+api@1.9.0_react-dom@18.3.1_react@18.3.1__react@18.3.1/node_modules/next/dist/server/lib/router-utils/filesystem.js:151:19)
2025-12-26T14:22:35.7441506Z     at async initialize (/app/node_modules/.pnpm/next@14.2.7_@babel+core@7.28.5_@opentelemetry+api@1.9.0_react-dom@18.3.1_react@18.3.1__react@18.3.1/node_modules/next/dist/server/lib/router-server.js:62:23)
2025-12-26T14:22:35.7441534Z     at async Server.<anonymous> (/app/node_modules/.pnpm/next@14.2.7_@babel+core@7.28.5_@opentelemetry+api@1.9.0_react-dom@18.3.1_react@18.3.1__react@18.3.1/node_modules/next/dist/server/lib/start-server.js:249:36)
2025-12-26T14:57:18.5317135Z  ⚠ You are using a non-standard "NODE_ENV" value in your environment. This creates inconsistencies in the project and is strongly advised against. Read more: https://nextjs.org/docs/messages/non-standard-node-env
2025-12-26T14:57:23.1488785Z   ▲ Next.js 14.2.7
2025-12-26T14:57:23.1658846Z   - Local:        http://localhost:3000
2025-12-26T14:57:23.1659083Z 
2025-12-26T14:57:23.1659118Z  ✓ Starting...
2025-12-26T14:57:32.5782015Z Error: Could not find a production build in the '.next' directory. Try building your app with 'next build' before starting the production server. https://nextjs.org/docs/messages/production-start-no-build-id
2025-12-26T14:57:32.5782339Z     at setupFsCheck (/app/node_modules/.pnpm/next@14.2.7_@babel+core@7.28.5_@opentelemetry+api@1.9.0_react-dom@18.3.1_react@18.3.1__react@18.3.1/node_modules/next/dist/server/lib/router-utils/filesystem.js:151:19)
2025-12-26T14:57:32.5782370Z     at async initialize (/app/node_modules/.pnpm/next@14.2.7_@babel+core@7.28.5_@opentelemetry+api@1.9.0_react-dom@18.3.1_react@18.3.1__react@18.3.1/node_modules/next/dist/server/lib/router-server.js:62:23)
2025-12-26T14:57:32.5782396Z     at async Server.<anonymous> (/app/node_modules/.pnpm/next@14.2.7_@babel+core@7.28.5_@opentelemetry+api@1.9.0_react-dom@18.3.1_react@18.3.1__react@18.3.1/node_modules/next/dist/server/lib/start-server.js:249:36)
2025-12-26T15:32:21.5131175Z  ⚠ You are using a non-standard "NODE_ENV" value in your environment. This creates inconsistencies in the project and is strongly advised against. Read more: https://nextjs.org/docs/messages/non-standard-node-env
2025-12-26T15:32:25.9758869Z   ▲ Next.js 14.2.7
2025-12-26T15:32:25.9764216Z   - Local:        http://localhost:3000
2025-12-26T15:32:25.9766952Z 
2025-12-26T15:32:25.9845804Z  ✓ Starting...
2025-12-26T15:32:35.8454593Z Error: Could not find a production build in the '.next' directory. Try building your app with 'next build' before starting the production server. https://nextjs.org/docs/messages/production-start-no-build-id
2025-12-26T15:32:35.8455446Z     at setupFsCheck (/app/node_modules/.pnpm/next@14.2.7_@babel+core@7.28.5_@opentelemetry+api@1.9.0_react-dom@18.3.1_react@18.3.1__react@18.3.1/node_modules/next/dist/server/lib/router-utils/filesystem.js:151:19)
2025-12-26T15:32:35.8455487Z     at async initialize (/app/node_modules/.pnpm/next@14.2.7_@babel+core@7.28.5_@opentelemetry+api@1.9.0_react-dom@18.3.1_react@18.3.1__react@18.3.1/node_modules/next/dist/server/lib/router-server.js:62:23)
2025-12-26T15:32:35.8455514Z     at async Server.<anonymous> (/app/node_modules/.pnpm/next@14.2.7_@babel+core@7.28.5_@opentelemetry+api@1.9.0_react-dom@18.3.1_react@18.3.1__react@18.3.1/node_modules/next/dist/server/lib/start-server.js:249:36)
2025-12-26T16:07:25.6472158Z  ⚠ You are using a non-standard "NODE_ENV" value in your environment. This creates inconsistencies in the project and is strongly advised against. Read more: https://nextjs.org/docs/messages/non-standard-node-env
2025-12-26T16:07:30.1851266Z   ▲ Next.js 14.2.7
2025-12-26T16:07:30.1851799Z   - Local:        http://localhost:3000
2025-12-26T16:07:30.1851828Z 
2025-12-26T16:07:30.1851860Z  ✓ Starting...
2025-12-26T16:07:35.6185270Z Error: Could not find a production build in the '.next' directory. Try building your app with 'next build' before starting the production server. https://nextjs.org/docs/messages/production-start-no-build-id
2025-12-26T16:07:35.6187385Z     at setupFsCheck (/app/node_modules/.pnpm/next@14.2.7_@babel+core@7.28.5_@opentelemetry+api@1.9.0_react-dom@18.3.1_react@18.3.1__react@18.3.1/node_modules/next/dist/server/lib/router-utils/filesystem.js:151:19)
2025-12-26T16:07:35.6187439Z     at async initialize (/app/node_modules/.pnpm/next@14.2.7_@babel+core@7.28.5_@opentelemetry+api@1.9.0_react-dom@18.3.1_react@18.3.1__react@18.3.1/node_modules/next/dist/server/lib/router-server.js:62:23)
2025-12-26T16:07:35.6187466Z     at async Server.<anonymous> (/app/node_modules/.pnpm/next@14.2.7_@babel+core@7.28.5_@opentelemetry+api@1.9.0_react-dom@18.3.1_react@18.3.1__react@18.3.1/node_modules/next/dist/server/lib/start-server.js:249:36)
2025-12-26T16:42:27.6109449Z  ⚠ You are using a non-standard "NODE_ENV" value in your environment. This creates inconsistencies in the project and is strongly advised against. Read more: https://nextjs.org/docs/messages/non-standard-node-env
2025-12-26T16:42:31.1050758Z   ▲ Next.js 14.2.7
2025-12-26T16:42:31.1067752Z   - Local:        http://localhost:3000
2025-12-26T16:42:31.1244954Z 
2025-12-26T16:42:31.1245120Z  ✓ Starting...
2025-12-26T16:42:34.2332630Z Error: Could not find a production build in the '.next' directory. Try building your app with 'next build' before starting the production server. https://nextjs.org/docs/messages/production-start-no-build-id
2025-12-26T16:42:34.2333118Z     at setupFsCheck (/app/node_modules/.pnpm/next@14.2.7_@babel+core@7.28.5_@opentelemetry+api@1.9.0_react-dom@18.3.1_react@18.3.1__react@18.3.1/node_modules/next/dist/server/lib/router-utils/filesystem.js:151:19)
2025-12-26T16:42:34.2333241Z     at async initialize (/app/node_modules/.pnpm/next@14.2.7_@babel+core@7.28.5_@opentelemetry+api@1.9.0_react-dom@18.3.1_react@18.3.1__react@18.3.1/node_modules/next/dist/server/lib/router-server.js:62:23)
2025-12-26T16:42:34.2333268Z     at async Server.<anonymous> (/app/node_modules/.pnpm/next@14.2.7_@babel+core@7.28.5_@opentelemetry+api@1.9.0_react-dom@18.3.1_react@18.3.1__react@18.3.1/node_modules/next/dist/server/lib/start-server.js:249:36)
2025-12-26T17:17:28.2431456Z  ⚠ You are using a non-standard "NODE_ENV" value in your environment. This creates inconsistencies in the project and is strongly advised against. Read more: https://nextjs.org/docs/messages/non-standard-node-env
2025-12-26T17:17:33.9193919Z   ▲ Next.js 14.2.7
2025-12-26T17:17:33.9199031Z   - Local:        http://localhost:3000
2025-12-26T17:17:33.9202360Z 
2025-12-26T17:17:33.9208151Z  ✓ Starting...
2025-12-26T17:17:39.1843185Z Error: Could not find a production build in the '.next' directory. Try building your app with 'next build' before starting the production server. https://nextjs.org/docs/messages/production-start-no-build-id
2025-12-26T17:17:39.1901236Z     at setupFsCheck (/app/node_modules/.pnpm/next@14.2.7_@babel+core@7.28.5_@opentelemetry+api@1.9.0_react-dom@18.3.1_react@18.3.1__react@18.3.1/node_modules/next/dist/server/lib/router-utils/filesystem.js:151:19)
2025-12-26T17:17:39.1908168Z     at async initialize (/app/node_modules/.pnpm/next@14.2.7_@babel+core@7.28.5_@opentelemetry+api@1.9.0_react-dom@18.3.1_react@18.3.1__react@18.3.1/node_modules/next/dist/server/lib/router-server.js:62:23)
2025-12-26T17:17:39.1914863Z     at async Server.<anonymous> (/app/node_modules/.pnpm/next@14.2.7_@babel+core@7.28.5_@opentelemetry+api@1.9.0_react-dom@18.3.1_react@18.3.1__react@18.3.1/node_modules/next/dist/server/lib/start-server.js:249:36)
2025-12-26T17:24:27.8459866Z  ⚠ You are using a non-standard "NODE_ENV" value in your environment. This creates inconsistencies in the project and is strongly advised against. Read more: https://nextjs.org/docs/messages/non-standard-node-env
2025-12-26T17:24:29.3639011Z   ▲ Next.js 14.2.7
2025-12-26T17:24:29.3699854Z   - Local:        http://localhost:3000
2025-12-26T17:24:29.3703427Z 
2025-12-26T17:24:29.3706457Z  ✓ Starting...
2025-12-26T17:24:32.8845107Z Error: Could not find a production build in the '.next' directory. Try building your app with 'next build' before starting the production server. https://nextjs.org/docs/messages/production-start-no-build-id
2025-12-26T17:24:32.8845714Z     at setupFsCheck (/app/node_modules/.pnpm/next@14.2.7_@babel+core@7.28.5_@opentelemetry+api@1.9.0_react-dom@18.3.1_react@18.3.1__react@18.3.1/node_modules/next/dist/server/lib/router-utils/filesystem.js:151:19)
2025-12-26T17:24:32.8845752Z     at async initialize (/app/node_modules/.pnpm/next@14.2.7_@babel+core@7.28.5_@opentelemetry+api@1.9.0_react-dom@18.3.1_react@18.3.1__react@18.3.1/node_modules/next/dist/server/lib/router-server.js:62:23)
2025-12-26T17:24:32.8845780Z     at async Server.<anonymous> (/app/node_modules/.pnpm/next@14.2.7_@babel+core@7.28.5_@opentelemetry+api@1.9.0_react-dom@18.3.1_react@18.3.1__react@18.3.1/node_modules/next/dist/server/lib/start-server.js:249:36)
2025-12-26T17:36:41.9570556Z  ⚠ You are using a non-standard "NODE_ENV" value in your environment. This creates inconsistencies in the project and is strongly advised against. Read more: https://nextjs.org/docs/messages/non-standard-node-env
2025-12-26T17:36:43.5946252Z   ▲ Next.js 14.2.7
2025-12-26T17:36:43.6309558Z   - Local:        http://localhost:3000
2025-12-26T17:36:43.6309643Z 
2025-12-26T17:36:43.6309678Z  ✓ Starting...
2025-12-26T17:36:47.7002409Z Error: Could not find a production build in the '.next' directory. Try building your app with 'next build' before starting the production server. https://nextjs.org/docs/messages/production-start-no-build-id
2025-12-26T17:36:47.7003513Z     at setupFsCheck (/app/node_modules/.pnpm/next@14.2.7_@babel+core@7.28.5_@opentelemetry+api@1.9.0_react-dom@18.3.1_react@18.3.1__react@18.3.1/node_modules/next/dist/server/lib/router-utils/filesystem.js:151:19)
2025-12-26T17:36:47.7003553Z     at async initialize (/app/node_modules/.pnpm/next@14.2.7_@babel+core@7.28.5_@opentelemetry+api@1.9.0_react-dom@18.3.1_react@18.3.1__react@18.3.1/node_modules/next/dist/server/lib/router-server.js:62:23)
2025-12-26T17:36:47.7003581Z     at async Server.<anonymous> (/app/node_modules/.pnpm/next@14.2.7_@babel+core@7.28.5_@opentelemetry+api@1.9.0_react-dom@18.3.1_react@18.3.1__react@18.3.1/node_modules/next/dist/server/lib/start-server.js:249:36)
2025-12-26T17:49:12.7156727Z  ⚠ You are using a non-standard "NODE_ENV" value in your environment. This creates inconsistencies in the project and is strongly advised against. Read more: https://nextjs.org/docs/messages/non-standard-node-env
2025-12-26T17:49:14.5018477Z   ▲ Next.js 14.2.7
2025-12-26T17:49:14.5019575Z   - Local:        http://localhost:3000
2025-12-26T17:49:14.5019604Z 
2025-12-26T17:49:14.5019625Z  ✓ Starting...
2025-12-26T17:49:17.9781491Z Error: Could not find a production build in the '.next' directory. Try building your app with 'next build' before starting the production server. https://nextjs.org/docs/messages/production-start-no-build-id
2025-12-26T17:49:17.9782211Z     at setupFsCheck (/app/node_modules/.pnpm/next@14.2.7_@babel+core@7.28.5_@opentelemetry+api@1.9.0_react-dom@18.3.1_react@18.3.1__react@18.3.1/node_modules/next/dist/server/lib/router-utils/filesystem.js:151:19)
2025-12-26T17:49:17.9782248Z     at async initialize (/app/node_modules/.pnpm/next@14.2.7_@babel+core@7.28.5_@opentelemetry+api@1.9.0_react-dom@18.3.1_react@18.3.1__react@18.3.1/node_modules/next/dist/server/lib/router-server.js:62:23)
2025-12-26T17:49:17.9782276Z     at async Server.<anonymous> (/app/node_modules/.pnpm/next@14.2.7_@babel+core@7.28.5_@opentelemetry+api@1.9.0_react-dom@18.3.1_react@18.3.1__react@18.3.1/node_modules/next/dist/server/lib/start-server.js:249:36)
2025-12-26T18:09:55.3134125Z  ⚠ You are using a non-standard "NODE_ENV" value in your environment. This creates inconsistencies in the project and is strongly advised against. Read more: https://nextjs.org/docs/messages/non-standard-node-env
2025-12-26T18:09:57.0643011Z   ▲ Next.js 14.2.7
2025-12-26T18:09:57.0833836Z   - Local:        http://localhost:3000
2025-12-26T18:09:57.0834088Z 
2025-12-26T18:09:57.0834215Z  ✓ Starting...
2025-12-26T18:10:01.2110505Z Error: Could not find a production build in the '.next' directory. Try building your app with 'next build' before starting the production server. https://nextjs.org/docs/messages/production-start-no-build-id
2025-12-26T18:10:01.2111044Z     at setupFsCheck (/app/node_modules/.pnpm/next@14.2.7_@babel+core@7.28.5_@opentelemetry+api@1.9.0_react-dom@18.3.1_react@18.3.1__react@18.3.1/node_modules/next/dist/server/lib/router-utils/filesystem.js:151:19)
2025-12-26T18:10:01.2111081Z     at async initialize (/app/node_modules/.pnpm/next@14.2.7_@babel+core@7.28.5_@opentelemetry+api@1.9.0_react-dom@18.3.1_react@18.3.1__react@18.3.1/node_modules/next/dist/server/lib/router-server.js:62:23)
2025-12-26T18:10:01.2111111Z     at async Server.<anonymous> (/app/node_modules/.pnpm/next@14.2.7_@babel+core@7.28.5_@opentelemetry+api@1.9.0_react-dom@18.3.1_react@18.3.1__react@18.3.1/node_modules/next/dist/server/lib/start-server.js:249:36)
2025-12-26T18:26:20.3967049Z  ⚠ You are using a non-standard "NODE_ENV" value in your environment. This creates inconsistencies in the project and is strongly advised against. Read more: https://nextjs.org/docs/messages/non-standard-node-env
2025-12-26T18:26:22.2555152Z   ▲ Next.js 14.2.7
2025-12-26T18:26:22.2555691Z   - Local:        http://localhost:3000
2025-12-26T18:26:22.2555718Z 
2025-12-26T18:26:22.2555740Z  ✓ Starting...
2025-12-26T18:26:25.8548824Z Error: Could not find a production build in the '.next' directory. Try building your app with 'next build' before starting the production server. https://nextjs.org/docs/messages/production-start-no-build-id
2025-12-26T18:26:25.8758297Z     at setupFsCheck (/app/node_modules/.pnpm/next@14.2.7_@babel+core@7.28.5_@opentelemetry+api@1.9.0_react-dom@18.3.1_react@18.3.1__react@18.3.1/node_modules/next/dist/server/lib/router-utils/filesystem.js:151:19)
2025-12-26T18:26:25.8758441Z     at async initialize (/app/node_modules/.pnpm/next@14.2.7_@babel+core@7.28.5_@opentelemetry+api@1.9.0_react-dom@18.3.1_react@18.3.1__react@18.3.1/node_modules/next/dist/server/lib/router-server.js:62:23)
2025-12-26T18:26:25.8758475Z     at async Server.<anonymous> (/app/node_modules/.pnpm/next@14.2.7_@babel+core@7.28.5_@opentelemetry+api@1.9.0_react-dom@18.3.1_react@18.3.1__react@18.3.1/node_modules/next/dist/server/lib/start-server.js:249:36)
2025-12-26T18:44:08.2017542Z  ⚠ You are using a non-standard "NODE_ENV" value in your environment. This creates inconsistencies in the project and is strongly advised against. Read more: https://nextjs.org/docs/messages/non-standard-node-env
2025-12-26T18:44:09.8232424Z   ▲ Next.js 14.2.7
2025-12-26T18:44:09.8318020Z   - Local:        http://localhost:3000
2025-12-26T18:44:09.8318207Z 
2025-12-26T18:44:09.8318243Z  ✓ Starting...
2025-12-26T18:44:15.4121328Z Error: Could not find a production build in the '.next' directory. Try building your app with 'next build' before starting the production server. https://nextjs.org/docs/messages/production-start-no-build-id
2025-12-26T18:44:15.4122196Z     at setupFsCheck (/app/node_modules/.pnpm/next@14.2.7_@babel+core@7.28.5_@opentelemetry+api@1.9.0_react-dom@18.3.1_react@18.3.1__react@18.3.1/node_modules/next/dist/server/lib/router-utils/filesystem.js:151:19)
2025-12-26T18:44:15.4122236Z     at async initialize (/app/node_modules/.pnpm/next@14.2.7_@babel+core@7.28.5_@opentelemetry+api@1.9.0_react-dom@18.3.1_react@18.3.1__react@18.3.1/node_modules/next/dist/server/lib/router-server.js:62:23)
2025-12-26T18:44:15.4122271Z     at async Server.<anonymous> (/app/node_modules/.pnpm/next@14.2.7_@babel+core@7.28.5_@opentelemetry+api@1.9.0_react-dom@18.3.1_react@18.3.1__react@18.3.1/node_modules/next/dist/server/lib/start-server.js:249:36)
2025-12-26T18:55:34.5367319Z  ⚠ You are using a non-standard "NODE_ENV" value in your environment. This creates inconsistencies in the project and is strongly advised against. Read more: https://nextjs.org/docs/messages/non-standard-node-env
2025-12-26T18:55:35.9213234Z   ▲ Next.js 14.2.7
2025-12-26T18:55:35.9215968Z   - Local:        http://localhost:3000
2025-12-26T18:55:35.9268649Z 
2025-12-26T18:55:35.9271838Z  ✓ Starting...
2025-12-26T18:55:39.9646151Z Error: Could not find a production build in the '.next' directory. Try building your app with 'next build' before starting the production server. https://nextjs.org/docs/messages/production-start-no-build-id
2025-12-26T18:55:39.9646758Z     at setupFsCheck (/app/node_modules/.pnpm/next@14.2.7_@babel+core@7.28.5_@opentelemetry+api@1.9.0_react-dom@18.3.1_react@18.3.1__react@18.3.1/node_modules/next/dist/server/lib/router-utils/filesystem.js:151:19)
2025-12-26T18:55:39.9646793Z     at async initialize (/app/node_modules/.pnpm/next@14.2.7_@babel+core@7.28.5_@opentelemetry+api@1.9.0_react-dom@18.3.1_react@18.3.1__react@18.3.1/node_modules/next/dist/server/lib/router-server.js:62:23)
2025-12-26T18:55:39.9647066Z     at async Server.<anonymous> (/app/node_modules/.pnpm/next@14.2.7_@babel+core@7.28.5_@opentelemetry+api@1.9.0_react-dom@18.3.1_react@18.3.1__react@18.3.1/node_modules/next/dist/server/lib/start-server.js:249:36)
2025-12-26T19:06:38.7976685Z  ⚠ You are using a non-standard "NODE_ENV" value in your environment. This creates inconsistencies in the project and is strongly advised against. Read more: https://nextjs.org/docs/messages/non-standard-node-env
2025-12-26T19:06:40.2740242Z   ▲ Next.js 14.2.7
2025-12-26T19:06:40.2748262Z   - Local:        http://localhost:3000
2025-12-26T19:06:40.2837971Z 
2025-12-26T19:06:40.2838094Z  ✓ Starting...
2025-12-26T19:06:44.1625201Z Error: Could not find a production build in the '.next' directory. Try building your app with 'next build' before starting the production server. https://nextjs.org/docs/messages/production-start-no-build-id
2025-12-26T19:06:44.1625793Z     at setupFsCheck (/app/node_modules/.pnpm/next@14.2.7_@babel+core@7.28.5_@opentelemetry+api@1.9.0_react-dom@18.3.1_react@18.3.1__react@18.3.1/node_modules/next/dist/server/lib/router-utils/filesystem.js:151:19)
2025-12-26T19:06:44.1625916Z     at async initialize (/app/node_modules/.pnpm/next@14.2.7_@babel+core@7.28.5_@opentelemetry+api@1.9.0_react-dom@18.3.1_react@18.3.1__react@18.3.1/node_modules/next/dist/server/lib/router-server.js:62:23)
2025-12-26T19:06:44.1625949Z     at async Server.<anonymous> (/app/node_modules/.pnpm/next@14.2.7_@babel+core@7.28.5_@opentelemetry+api@1.9.0_react-dom@18.3.1_react@18.3.1__react@18.3.1/node_modules/next/dist/server/lib/start-server.js:249:36)
2025-12-26T19:23:25.3487985Z  ⚠ You are using a non-standard "NODE_ENV" value in your environment. This creates inconsistencies in the project and is strongly advised against. Read more: https://nextjs.org/docs/messages/non-standard-node-env
2025-12-26T19:23:26.7349735Z   ▲ Next.js 14.2.7
2025-12-26T19:23:26.7350441Z   - Local:        http://localhost:3000
2025-12-26T19:23:26.7350470Z 
2025-12-26T19:23:26.7350491Z  ✓ Starting...
2025-12-26T19:23:30.4692693Z Error: Could not find a production build in the '.next' directory. Try building your app with 'next build' before starting the production server. https://nextjs.org/docs/messages/production-start-no-build-id
2025-12-26T19:23:30.4693217Z     at setupFsCheck (/app/node_modules/.pnpm/next@14.2.7_@babel+core@7.28.5_@opentelemetry+api@1.9.0_react-dom@18.3.1_react@18.3.1__react@18.3.1/node_modules/next/dist/server/lib/router-utils/filesystem.js:151:19)
2025-12-26T19:23:30.4693257Z     at async initialize (/app/node_modules/.pnpm/next@14.2.7_@babel+core@7.28.5_@opentelemetry+api@1.9.0_react-dom@18.3.1_react@18.3.1__react@18.3.1/node_modules/next/dist/server/lib/router-server.js:62:23)
2025-12-26T19:23:30.4693283Z     at async Server.<anonymous> (/app/node_modules/.pnpm/next@14.2.7_@babel+core@7.28.5_@opentelemetry+api@1.9.0_react-dom@18.3.1_react@18.3.1__react@18.3.1/node_modules/next/dist/server/lib/start-server.js:249:36)
2025-12-26T19:34:41.3102896Z  ⚠ You are using a non-standard "NODE_ENV" value in your environment. This creates inconsistencies in the project and is strongly advised against. Read more: https://nextjs.org/docs/messages/non-standard-node-env
2025-12-26T19:34:43.2168218Z   ▲ Next.js 14.2.7
2025-12-26T19:34:43.2184894Z   - Local:        http://localhost:3000
2025-12-26T19:34:43.2282956Z 
2025-12-26T19:34:43.2283123Z  ✓ Starting...
2025-12-26T19:34:48.6882890Z Error: Could not find a production build in the '.next' directory. Try building your app with 'next build' before starting the production server. https://nextjs.org/docs/messages/production-start-no-build-id
2025-12-26T19:34:48.6883593Z     at setupFsCheck (/app/node_modules/.pnpm/next@14.2.7_@babel+core@7.28.5_@opentelemetry+api@1.9.0_react-dom@18.3.1_react@18.3.1__react@18.3.1/node_modules/next/dist/server/lib/router-utils/filesystem.js:151:19)
2025-12-26T19:34:48.6883635Z     at async initialize (/app/node_modules/.pnpm/next@14.2.7_@babel+core@7.28.5_@opentelemetry+api@1.9.0_react-dom@18.3.1_react@18.3.1__react@18.3.1/node_modules/next/dist/server/lib/router-server.js:62:23)
2025-12-26T19:34:48.6883662Z     at async Server.<anonymous> (/app/node_modules/.pnpm/next@14.2.7_@babel+core@7.28.5_@opentelemetry+api@1.9.0_react-dom@18.3.1_react@18.3.1__react@18.3.1/node_modules/next/dist/server/lib/start-server.js:249:36)
2025-12-26T19:49:03.2718316Z  ⚠ You are using a non-standard "NODE_ENV" value in your environment. This creates inconsistencies in the project and is strongly advised against. Read more: https://nextjs.org/docs/messages/non-standard-node-env
2025-12-26T19:49:04.7321227Z   ▲ Next.js 14.2.7
2025-12-26T19:49:04.7422991Z   - Local:        http://localhost:3000
2025-12-26T19:49:04.7423128Z 
2025-12-26T19:49:04.7423160Z  ✓ Starting...
2025-12-26T19:49:08.2539379Z Error: Could not find a production build in the '.next' directory. Try building your app with 'next build' before starting the production server. https://nextjs.org/docs/messages/production-start-no-build-id
2025-12-26T19:49:08.2539993Z     at setupFsCheck (/app/node_modules/.pnpm/next@14.2.7_@babel+core@7.28.5_@opentelemetry+api@1.9.0_react-dom@18.3.1_react@18.3.1__react@18.3.1/node_modules/next/dist/server/lib/router-utils/filesystem.js:151:19)
2025-12-26T19:49:08.2540033Z     at async initialize (/app/node_modules/.pnpm/next@14.2.7_@babel+core@7.28.5_@opentelemetry+api@1.9.0_react-dom@18.3.1_react@18.3.1__react@18.3.1/node_modules/next/dist/server/lib/router-server.js:62:23)
2025-12-26T19:49:08.2540065Z     at async Server.<anonymous> (/app/node_modules/.pnpm/next@14.2.7_@babel+core@7.28.5_@opentelemetry+api@1.9.0_react-dom@18.3.1_react@18.3.1__react@18.3.1/node_modules/next/dist/server/lib/start-server.js:249:36)
2025-12-26T20:07:42.4550878Z  ⚠ You are using a non-standard "NODE_ENV" value in your environment. This creates inconsistencies in the project and is strongly advised against. Read more: https://nextjs.org/docs/messages/non-standard-node-env
2025-12-26T20:07:44.1373820Z   ▲ Next.js 14.2.7
2025-12-26T20:07:44.1389865Z   - Local:        http://localhost:3000
2025-12-26T20:07:44.1389958Z 
2025-12-26T20:07:44.1392497Z  ✓ Starting...
2025-12-26T20:07:47.9400808Z Error: Could not find a production build in the '.next' directory. Try building your app with 'next build' before starting the production server. https://nextjs.org/docs/messages/production-start-no-build-id
2025-12-26T20:07:47.9402529Z     at setupFsCheck (/app/node_modules/.pnpm/next@14.2.7_@babel+core@7.28.5_@opentelemetry+api@1.9.0_react-dom@18.3.1_react@18.3.1__react@18.3.1/node_modules/next/dist/server/lib/router-utils/filesystem.js:151:19)
2025-12-26T20:07:47.9402582Z     at async initialize (/app/node_modules/.pnpm/next@14.2.7_@babel+core@7.28.5_@opentelemetry+api@1.9.0_react-dom@18.3.1_react@18.3.1__react@18.3.1/node_modules/next/dist/server/lib/router-server.js:62:23)
2025-12-26T20:07:47.9402618Z     at async Server.<anonymous> (/app/node_modules/.pnpm/next@14.2.7_@babel+core@7.28.5_@opentelemetry+api@1.9.0_react-dom@18.3.1_react@18.3.1__react@18.3.1/node_modules/next/dist/server/lib/start-server.js:249:36)
2025-12-26T20:25:13.7365527Z  ⚠ You are using a non-standard "NODE_ENV" value in your environment. This creates inconsistencies in the project and is strongly advised against. Read more: https://nextjs.org/docs/messages/non-standard-node-env
2025-12-26T20:25:15.4128104Z   ▲ Next.js 14.2.7
2025-12-26T20:25:15.4193617Z   - Local:        http://localhost:3000
2025-12-26T20:25:15.4200558Z 
2025-12-26T20:25:15.4203312Z  ✓ Starting...
2025-12-26T20:25:18.8825903Z Error: Could not find a production build in the '.next' directory. Try building your app with 'next build' before starting the production server. https://nextjs.org/docs/messages/production-start-no-build-id
2025-12-26T20:25:18.8826352Z     at setupFsCheck (/app/node_modules/.pnpm/next@14.2.7_@babel+core@7.28.5_@opentelemetry+api@1.9.0_react-dom@18.3.1_react@18.3.1__react@18.3.1/node_modules/next/dist/server/lib/router-utils/filesystem.js:151:19)
2025-12-26T20:25:18.8826382Z     at async initialize (/app/node_modules/.pnpm/next@14.2.7_@babel+core@7.28.5_@opentelemetry+api@1.9.0_react-dom@18.3.1_react@18.3.1__react@18.3.1/node_modules/next/dist/server/lib/router-server.js:62:23)
2025-12-26T20:25:18.8826407Z     at async Server.<anonymous> (/app/node_modules/.pnpm/next@14.2.7_@babel+core@7.28.5_@opentelemetry+api@1.9.0_react-dom@18.3.1_react@18.3.1__react@18.3.1/node_modules/next/dist/server/lib/start-server.js:249:36)
2025-12-26T20:37:38.3413616Z  ⚠ You are using a non-standard "NODE_ENV" value in your environment. This creates inconsistencies in the project and is strongly advised against. Read more: https://nextjs.org/docs/messages/non-standard-node-env
2025-12-26T20:37:39.8178813Z   ▲ Next.js 14.2.7
2025-12-26T20:37:39.8179313Z   - Local:        http://localhost:3000
2025-12-26T20:37:39.8179431Z 
2025-12-26T20:37:39.8179457Z  ✓ Starting...
2025-12-26T20:37:43.3071025Z Error: Could not find a production build in the '.next' directory. Try building your app with 'next build' before starting the production server. https://nextjs.org/docs/messages/production-start-no-build-id
2025-12-26T20:37:43.3071692Z     at setupFsCheck (/app/node_modules/.pnpm/next@14.2.7_@babel+core@7.28.5_@opentelemetry+api@1.9.0_react-dom@18.3.1_react@18.3.1__react@18.3.1/node_modules/next/dist/server/lib/router-utils/filesystem.js:151:19)
2025-12-26T20:37:43.3071731Z     at async initialize (/app/node_modules/.pnpm/next@14.2.7_@babel+core@7.28.5_@opentelemetry+api@1.9.0_react-dom@18.3.1_react@18.3.1__react@18.3.1/node_modules/next/dist/server/lib/router-server.js:62:23)
2025-12-26T20:37:43.3071761Z     at async Server.<anonymous> (/app/node_modules/.pnpm/next@14.2.7_@babel+core@7.28.5_@opentelemetry+api@1.9.0_react-dom@18.3.1_react@18.3.1__react@18.3.1/node_modules/next/dist/server/lib/start-server.js:249:36)
2025-12-26T20:49:51.2468262Z  ⚠ You are using a non-standard "NODE_ENV" value in your environment. This creates inconsistencies in the project and is strongly advised against. Read more: https://nextjs.org/docs/messages/non-standard-node-env
2025-12-26T20:49:52.6955999Z   ▲ Next.js 14.2.7
2025-12-26T20:49:52.6974439Z   - Local:        http://localhost:3000
2025-12-26T20:49:52.6982083Z 
2025-12-26T20:49:52.6991262Z  ✓ Starting...
2025-12-26T20:49:56.8124430Z Error: Could not find a production build in the '.next' directory. Try building your app with 'next build' before starting the production server. https://nextjs.org/docs/messages/production-start-no-build-id
2025-12-26T20:49:56.8124888Z     at setupFsCheck (/app/node_modules/.pnpm/next@14.2.7_@babel+core@7.28.5_@opentelemetry+api@1.9.0_react-dom@18.3.1_react@18.3.1__react@18.3.1/node_modules/next/dist/server/lib/router-utils/filesystem.js:151:19)
2025-12-26T20:49:56.8124925Z     at async initialize (/app/node_modules/.pnpm/next@14.2.7_@babel+core@7.28.5_@opentelemetry+api@1.9.0_react-dom@18.3.1_react@18.3.1__react@18.3.1/node_modules/next/dist/server/lib/router-server.js:62:23)
2025-12-26T20:49:56.8124954Z     at async Server.<anonymous> (/app/node_modules/.pnpm/next@14.2.7_@babel+core@7.28.5_@opentelemetry+api@1.9.0_react-dom@18.3.1_react@18.3.1__react@18.3.1/node_modules/next/dist/server/lib/start-server.js:249:36)
2025-12-26T21:06:24.1201570Z  ⚠ You are using a non-standard "NODE_ENV" value in your environment. This creates inconsistencies in the project and is strongly advised against. Read more: https://nextjs.org/docs/messages/non-standard-node-env
2025-12-26T21:06:25.7460522Z   ▲ Next.js 14.2.7
2025-12-26T21:06:25.7463512Z   - Local:        http://localhost:3000
2025-12-26T21:06:25.7466949Z 
2025-12-26T21:06:25.7469740Z  ✓ Starting...
2025-12-26T21:06:29.3192795Z Error: Could not find a production build in the '.next' directory. Try building your app with 'next build' before starting the production server. https://nextjs.org/docs/messages/production-start-no-build-id
2025-12-26T21:06:29.3193300Z     at setupFsCheck (/app/node_modules/.pnpm/next@14.2.7_@babel+core@7.28.5_@opentelemetry+api@1.9.0_react-dom@18.3.1_react@18.3.1__react@18.3.1/node_modules/next/dist/server/lib/router-utils/filesystem.js:151:19)
2025-12-26T21:06:29.3193336Z     at async initialize (/app/node_modules/.pnpm/next@14.2.7_@babel+core@7.28.5_@opentelemetry+api@1.9.0_react-dom@18.3.1_react@18.3.1__react@18.3.1/node_modules/next/dist/server/lib/router-server.js:62:23)
2025-12-26T21:06:29.3193363Z     at async Server.<anonymous> (/app/node_modules/.pnpm/next@14.2.7_@babel+core@7.28.5_@opentelemetry+api@1.9.0_react-dom@18.3.1_react@18.3.1__react@18.3.1/node_modules/next/dist/server/lib/start-server.js:249:36)
2025-12-26T21:24:24.2804832Z  ⚠ You are using a non-standard "NODE_ENV" value in your environment. This creates inconsistencies in the project and is strongly advised against. Read more: https://nextjs.org/docs/messages/non-standard-node-env
2025-12-26T21:24:25.6678668Z   ▲ Next.js 14.2.7
2025-12-26T21:24:25.6856562Z   - Local:        http://localhost:3000
2025-12-26T21:24:25.6857560Z 
2025-12-26T21:24:25.6857603Z  ✓ Starting...
2025-12-26T21:24:29.3208328Z Error: Could not find a production build in the '.next' directory. Try building your app with 'next build' before starting the production server. https://nextjs.org/docs/messages/production-start-no-build-id
2025-12-26T21:24:29.3208745Z     at setupFsCheck (/app/node_modules/.pnpm/next@14.2.7_@babel+core@7.28.5_@opentelemetry+api@1.9.0_react-dom@18.3.1_react@18.3.1__react@18.3.1/node_modules/next/dist/server/lib/router-utils/filesystem.js:151:19)
2025-12-26T21:24:29.3208782Z     at async initialize (/app/node_modules/.pnpm/next@14.2.7_@babel+core@7.28.5_@opentelemetry+api@1.9.0_react-dom@18.3.1_react@18.3.1__react@18.3.1/node_modules/next/dist/server/lib/router-server.js:62:23)
2025-12-26T21:24:29.3208814Z     at async Server.<anonymous> (/app/node_modules/.pnpm/next@14.2.7_@babel+core@7.28.5_@opentelemetry+api@1.9.0_react-dom@18.3.1_react@18.3.1__react@18.3.1/node_modules/next/dist/server/lib/start-server.js:249:36)
2025-12-26T21:35:41.0870983Z  ⚠ You are using a non-standard "NODE_ENV" value in your environment. This creates inconsistencies in the project and is strongly advised against. Read more: https://nextjs.org/docs/messages/non-standard-node-env
2025-12-26T21:35:42.6534292Z   ▲ Next.js 14.2.7
2025-12-26T21:35:42.6541215Z   - Local:        http://localhost:3000
2025-12-26T21:35:42.7004291Z 
2025-12-26T21:35:42.7004752Z  ✓ Starting...
2025-12-26T21:35:46.3626594Z Error: Could not find a production build in the '.next' directory. Try building your app with 'next build' before starting the production server. https://nextjs.org/docs/messages/production-start-no-build-id
2025-12-26T21:35:46.3627028Z     at setupFsCheck (/app/node_modules/.pnpm/next@14.2.7_@babel+core@7.28.5_@opentelemetry+api@1.9.0_react-dom@18.3.1_react@18.3.1__react@18.3.1/node_modules/next/dist/server/lib/router-utils/filesystem.js:151:19)
2025-12-26T21:35:46.3627063Z     at async initialize (/app/node_modules/.pnpm/next@14.2.7_@babel+core@7.28.5_@opentelemetry+api@1.9.0_react-dom@18.3.1_react@18.3.1__react@18.3.1/node_modules/next/dist/server/lib/router-server.js:62:23)
2025-12-26T21:35:46.3627097Z     at async Server.<anonymous> (/app/node_modules/.pnpm/next@14.2.7_@babel+core@7.28.5_@opentelemetry+api@1.9.0_react-dom@18.3.1_react@18.3.1__react@18.3.1/node_modules/next/dist/server/lib/start-server.js:249:36)
2025-12-26T21:49:14.5279929Z  ⚠ You are using a non-standard "NODE_ENV" value in your environment. This creates inconsistencies in the project and is strongly advised against. Read more: https://nextjs.org/docs/messages/non-standard-node-env
2025-12-26T21:49:16.0242082Z   ▲ Next.js 14.2.7
2025-12-26T21:49:16.0332787Z   - Local:        http://localhost:3000
2025-12-26T21:49:16.0333025Z 
2025-12-26T21:49:16.0333061Z  ✓ Starting...
2025-12-26T21:49:19.3687299Z Error: Could not find a production build in the '.next' directory. Try building your app with 'next build' before starting the production server. https://nextjs.org/docs/messages/production-start-no-build-id
2025-12-26T21:49:19.3687941Z     at setupFsCheck (/app/node_modules/.pnpm/next@14.2.7_@babel+core@7.28.5_@opentelemetry+api@1.9.0_react-dom@18.3.1_react@18.3.1__react@18.3.1/node_modules/next/dist/server/lib/router-utils/filesystem.js:151:19)
2025-12-26T21:49:19.3687979Z     at async initialize (/app/node_modules/.pnpm/next@14.2.7_@babel+core@7.28.5_@opentelemetry+api@1.9.0_react-dom@18.3.1_react@18.3.1__react@18.3.1/node_modules/next/dist/server/lib/router-server.js:62:23)
2025-12-26T21:49:19.3688103Z     at async Server.<anonymous> (/app/node_modules/.pnpm/next@14.2.7_@babel+core@7.28.5_@opentelemetry+api@1.9.0_react-dom@18.3.1_react@18.3.1__react@18.3.1/node_modules/next/dist/server/lib/start-server.js:249:36)
2025-12-26T22:07:03.9317385Z  ⚠ You are using a non-standard "NODE_ENV" value in your environment. This creates inconsistencies in the project and is strongly advised against. Read more: https://nextjs.org/docs/messages/non-standard-node-env
2025-12-26T22:07:05.3045297Z   ▲ Next.js 14.2.7
2025-12-26T22:07:05.3048538Z   - Local:        http://localhost:3000
2025-12-26T22:07:05.3122670Z 
2025-12-26T22:07:05.3122825Z  ✓ Starting...
2025-12-26T22:07:10.6394372Z Error: Could not find a production build in the '.next' directory. Try building your app with 'next build' before starting the production server. https://nextjs.org/docs/messages/production-start-no-build-id
2025-12-26T22:07:10.6394707Z     at setupFsCheck (/app/node_modules/.pnpm/next@14.2.7_@babel+core@7.28.5_@opentelemetry+api@1.9.0_react-dom@18.3.1_react@18.3.1__react@18.3.1/node_modules/next/dist/server/lib/router-utils/filesystem.js:151:19)
2025-12-26T22:07:10.6394744Z     at async initialize (/app/node_modules/.pnpm/next@14.2.7_@babel+core@7.28.5_@opentelemetry+api@1.9.0_react-dom@18.3.1_react@18.3.1__react@18.3.1/node_modules/next/dist/server/lib/router-server.js:62:23)
2025-12-26T22:07:10.6394785Z     at async Server.<anonymous> (/app/node_modules/.pnpm/next@14.2.7_@babel+core@7.28.5_@opentelemetry+api@1.9.0_react-dom@18.3.1_react@18.3.1__react@18.3.1/node_modules/next/dist/server/lib/start-server.js:249:36)
2025-12-26T22:24:51.6657748Z  ⚠ You are using a non-standard "NODE_ENV" value in your environment. This creates inconsistencies in the project and is strongly advised against. Read more: https://nextjs.org/docs/messages/non-standard-node-env
2025-12-26T22:24:53.2579997Z   ▲ Next.js 14.2.7
2025-12-26T22:24:53.2580750Z   - Local:        http://localhost:3000
2025-12-26T22:24:53.2580790Z 
2025-12-26T22:24:53.2580815Z  ✓ Starting...
2025-12-26T22:24:57.1202966Z Error: Could not find a production build in the '.next' directory. Try building your app with 'next build' before starting the production server. https://nextjs.org/docs/messages/production-start-no-build-id
2025-12-26T22:24:57.1203372Z     at setupFsCheck (/app/node_modules/.pnpm/next@14.2.7_@babel+core@7.28.5_@opentelemetry+api@1.9.0_react-dom@18.3.1_react@18.3.1__react@18.3.1/node_modules/next/dist/server/lib/router-utils/filesystem.js:151:19)
2025-12-26T22:24:57.1203407Z     at async initialize (/app/node_modules/.pnpm/next@14.2.7_@babel+core@7.28.5_@opentelemetry+api@1.9.0_react-dom@18.3.1_react@18.3.1__react@18.3.1/node_modules/next/dist/server/lib/router-server.js:62:23)
2025-12-26T22:24:57.1203435Z     at async Server.<anonymous> (/app/node_modules/.pnpm/next@14.2.7_@babel+core@7.28.5_@opentelemetry+api@1.9.0_react-dom@18.3.1_react@18.3.1__react@18.3.1/node_modules/next/dist/server/lib/start-server.js:249:36)
2025-12-26T22:38:11.5605095Z  ⚠ You are using a non-standard "NODE_ENV" value in your environment. This creates inconsistencies in the project and is strongly advised against. Read more: https://nextjs.org/docs/messages/non-standard-node-env
2025-12-26T22:38:13.1770885Z   ▲ Next.js 14.2.7
2025-12-26T22:38:13.1871182Z   - Local:        http://localhost:3000
2025-12-26T22:38:13.1871373Z 
2025-12-26T22:38:13.1871407Z  ✓ Starting...
2025-12-26T22:38:16.7025022Z Error: Could not find a production build in the '.next' directory. Try building your app with 'next build' before starting the production server. https://nextjs.org/docs/messages/production-start-no-build-id
2025-12-26T22:38:16.7025588Z     at setupFsCheck (/app/node_modules/.pnpm/next@14.2.7_@babel+core@7.28.5_@opentelemetry+api@1.9.0_react-dom@18.3.1_react@18.3.1__react@18.3.1/node_modules/next/dist/server/lib/router-utils/filesystem.js:151:19)
2025-12-26T22:38:16.7025715Z     at async initialize (/app/node_modules/.pnpm/next@14.2.7_@babel+core@7.28.5_@opentelemetry+api@1.9.0_react-dom@18.3.1_react@18.3.1__react@18.3.1/node_modules/next/dist/server/lib/router-server.js:62:23)
2025-12-26T22:38:16.7025749Z     at async Server.<anonymous> (/app/node_modules/.pnpm/next@14.2.7_@babel+core@7.28.5_@opentelemetry+api@1.9.0_react-dom@18.3.1_react@18.3.1__react@18.3.1/node_modules/next/dist/server/lib/start-server.js:249:36)
2025-12-26T22:49:52.3150988Z  ⚠ You are using a non-standard "NODE_ENV" value in your environment. This creates inconsistencies in the project and is strongly advised against. Read more: https://nextjs.org/docs/messages/non-standard-node-env
2025-12-26T22:49:54.3682259Z   ▲ Next.js 14.2.7
2025-12-26T22:49:54.3763530Z   - Local:        http://localhost:3000
2025-12-26T22:49:54.3768297Z 
2025-12-26T22:49:54.3768351Z  ✓ Starting...
2025-12-26T22:49:58.7996325Z Error: Could not find a production build in the '.next' directory. Try building your app with 'next build' before starting the production server. https://nextjs.org/docs/messages/production-start-no-build-id
2025-12-26T22:49:58.7996807Z     at setupFsCheck (/app/node_modules/.pnpm/next@14.2.7_@babel+core@7.28.5_@opentelemetry+api@1.9.0_react-dom@18.3.1_react@18.3.1__react@18.3.1/node_modules/next/dist/server/lib/router-utils/filesystem.js:151:19)
2025-12-26T22:49:58.7996839Z     at async initialize (/app/node_modules/.pnpm/next@14.2.7_@babel+core@7.28.5_@opentelemetry+api@1.9.0_react-dom@18.3.1_react@18.3.1__react@18.3.1/node_modules/next/dist/server/lib/router-server.js:62:23)
2025-12-26T22:49:58.7996866Z     at async Server.<anonymous> (/app/node_modules/.pnpm/next@14.2.7_@babel+core@7.28.5_@opentelemetry+api@1.9.0_react-dom@18.3.1_react@18.3.1__react@18.3.1/node_modules/next/dist/server/lib/start-server.js:249:36)
2025-12-26T23:06:50.9701682Z  ⚠ You are using a non-standard "NODE_ENV" value in your environment. This creates inconsistencies in the project and is strongly advised against. Read more: https://nextjs.org/docs/messages/non-standard-node-env
2025-12-26T23:06:52.4127758Z   ▲ Next.js 14.2.7
2025-12-26T23:06:52.4140450Z   - Local:        http://localhost:3000
2025-12-26T23:06:52.4140566Z 
2025-12-26T23:06:52.4210436Z  ✓ Starting...
2025-12-26T23:06:56.7146561Z Error: Could not find a production build in the '.next' directory. Try building your app with 'next build' before starting the production server. https://nextjs.org/docs/messages/production-start-no-build-id
2025-12-26T23:06:56.7147122Z     at setupFsCheck (/app/node_modules/.pnpm/next@14.2.7_@babel+core@7.28.5_@opentelemetry+api@1.9.0_react-dom@18.3.1_react@18.3.1__react@18.3.1/node_modules/next/dist/server/lib/router-utils/filesystem.js:151:19)
2025-12-26T23:06:56.7147249Z     at async initialize (/app/node_modules/.pnpm/next@14.2.7_@babel+core@7.28.5_@opentelemetry+api@1.9.0_react-dom@18.3.1_react@18.3.1__react@18.3.1/node_modules/next/dist/server/lib/router-server.js:62:23)
2025-12-26T23:06:56.7147280Z     at async Server.<anonymous> (/app/node_modules/.pnpm/next@14.2.7_@babel+core@7.28.5_@opentelemetry+api@1.9.0_react-dom@18.3.1_react@18.3.1__react@18.3.1/node_modules/next/dist/server/lib/start-server.js:249:36)
2025-12-26T23:24:59.4798997Z  ⚠ You are using a non-standard "NODE_ENV" value in your environment. This creates inconsistencies in the project and is strongly advised against. Read more: https://nextjs.org/docs/messages/non-standard-node-env
2025-12-26T23:25:00.7667408Z   ▲ Next.js 14.2.7
2025-12-26T23:25:00.7670015Z   - Local:        http://localhost:3000
2025-12-26T23:25:00.7728827Z 
2025-12-26T23:25:00.7731738Z  ✓ Starting...
2025-12-26T23:25:05.3949046Z Error: Could not find a production build in the '.next' directory. Try building your app with 'next build' before starting the production server. https://nextjs.org/docs/messages/production-start-no-build-id
2025-12-26T23:25:05.3949725Z     at setupFsCheck (/app/node_modules/.pnpm/next@14.2.7_@babel+core@7.28.5_@opentelemetry+api@1.9.0_react-dom@18.3.1_react@18.3.1__react@18.3.1/node_modules/next/dist/server/lib/router-utils/filesystem.js:151:19)
2025-12-26T23:25:05.3949761Z     at async initialize (/app/node_modules/.pnpm/next@14.2.7_@babel+core@7.28.5_@opentelemetry+api@1.9.0_react-dom@18.3.1_react@18.3.1__react@18.3.1/node_modules/next/dist/server/lib/router-server.js:62:23)
2025-12-26T23:25:05.3949874Z     at async Server.<anonymous> (/app/node_modules/.pnpm/next@14.2.7_@babel+core@7.28.5_@opentelemetry+api@1.9.0_react-dom@18.3.1_react@18.3.1__react@18.3.1/node_modules/next/dist/server/lib/start-server.js:249:36)
2025-12-26T23:36:18.8439140Z  ⚠ You are using a non-standard "NODE_ENV" value in your environment. This creates inconsistencies in the project and is strongly advised against. Read more: https://nextjs.org/docs/messages/non-standard-node-env
2025-12-26T23:36:20.1805942Z   ▲ Next.js 14.2.7
2025-12-26T23:36:20.1861789Z   - Local:        http://localhost:3000
2025-12-26T23:36:20.1864631Z 
2025-12-26T23:36:20.1868054Z  ✓ Starting...
2025-12-26T23:36:24.0250720Z Error: Could not find a production build in the '.next' directory. Try building your app with 'next build' before starting the production server. https://nextjs.org/docs/messages/production-start-no-build-id
2025-12-26T23:36:24.0251196Z     at setupFsCheck (/app/node_modules/.pnpm/next@14.2.7_@babel+core@7.28.5_@opentelemetry+api@1.9.0_react-dom@18.3.1_react@18.3.1__react@18.3.1/node_modules/next/dist/server/lib/router-utils/filesystem.js:151:19)
2025-12-26T23:36:24.0251229Z     at async initialize (/app/node_modules/.pnpm/next@14.2.7_@babel+core@7.28.5_@opentelemetry+api@1.9.0_react-dom@18.3.1_react@18.3.1__react@18.3.1/node_modules/next/dist/server/lib/router-server.js:62:23)
2025-12-26T23:36:24.0251257Z     at async Server.<anonymous> (/app/node_modules/.pnpm/next@14.2.7_@babel+core@7.28.5_@opentelemetry+api@1.9.0_react-dom@18.3.1_react@18.3.1__react@18.3.1/node_modules/next/dist/server/lib/start-server.js:249:36)
2025-12-26T23:49:32.0092941Z  ⚠ You are using a non-standard "NODE_ENV" value in your environment. This creates inconsistencies in the project and is strongly advised against. Read more: https://nextjs.org/docs/messages/non-standard-node-env
2025-12-26T23:49:33.4818673Z   ▲ Next.js 14.2.7
2025-12-26T23:49:33.4887358Z   - Local:        http://localhost:3000
2025-12-26T23:49:33.4907904Z 
2025-12-26T23:49:33.5006067Z  ✓ Starting...
2025-12-26T23:49:37.5120082Z Error: Could not find a production build in the '.next' directory. Try building your app with 'next build' before starting the production server. https://nextjs.org/docs/messages/production-start-no-build-id
2025-12-26T23:49:37.5120563Z     at setupFsCheck (/app/node_modules/.pnpm/next@14.2.7_@babel+core@7.28.5_@opentelemetry+api@1.9.0_react-dom@18.3.1_react@18.3.1__react@18.3.1/node_modules/next/dist/server/lib/router-utils/filesystem.js:151:19)
2025-12-26T23:49:37.5120601Z     at async initialize (/app/node_modules/.pnpm/next@14.2.7_@babel+core@7.28.5_@opentelemetry+api@1.9.0_react-dom@18.3.1_react@18.3.1__react@18.3.1/node_modules/next/dist/server/lib/router-server.js:62:23)
2025-12-26T23:49:37.5120633Z     at async Server.<anonymous> (/app/node_modules/.pnpm/next@14.2.7_@babel+core@7.28.5_@opentelemetry+api@1.9.0_react-dom@18.3.1_react@18.3.1__react@18.3.1/node_modules/next/dist/server/lib/start-server.js:249:36)
